2025.04.16 13:26:14,071	INFO	3	org.l2jmobius.commons.util.IXmlReader	Network Config: ipconfig.xml does not exist, using automatic configuration...
2025.04.16 13:26:14,365	INFO	3	org.l2jmobius.commons.util.IXmlReader	Network Config: Adding new subnet: 172.21.0.0/16 address: 172.21.0.1
2025.04.16 13:26:14,365	INFO	3	org.l2jmobius.commons.util.IXmlReader	Network Config: Adding new subnet: 172.18.0.0/16 address: 172.18.0.1
2025.04.16 13:26:14,366	INFO	3	org.l2jmobius.commons.util.IXmlReader	Network Config: Adding new subnet: 172.22.0.0/16 address: 172.22.0.1
2025.04.16 13:26:14,366	INFO	3	org.l2jmobius.commons.util.IXmlReader	Network Config: Adding new subnet: 172.19.0.0/16 address: 172.19.0.1
2025.04.16 13:26:14,367	INFO	3	org.l2jmobius.commons.util.IXmlReader	Network Config: Adding new subnet: 192.168.0.0/24 address: 192.168.0.2
2025.04.16 13:26:14,367	INFO	3	org.l2jmobius.commons.util.IXmlReader	Network Config: Adding new subnet: 127.0.0.0/8 address: 127.0.0.1
2025.04.16 13:26:14,368	INFO	3	org.l2jmobius.commons.util.IXmlReader	Network Config: Adding new subnet: 0.0.0.0/0 address: 87.61.95.38
2025.04.16 13:26:14,459	INFO	3	org.l2jmobius.Config	Loaded 6 Filter Words.
2025.04.16 13:26:14,461	INFO	3	org.l2jmobius.gameserver.GameServer	------------------------------------------------=[ Database ]
2025.04.16 13:26:14,821	INFO	3	org.l2jmobius.commons.database.DatabaseFactory	Database: HikariCP pool initialized successfully.
2025.04.16 13:26:15,151	INFO	3	org.l2jmobius.commons.database.DatabaseFactory	Database: Initialized with a valid connection.
2025.04.16 13:26:15,174	INFO	3	org.l2jmobius.gameserver.GameServer	----------------------------------------------=[ ThreadPool ]
2025.04.16 13:26:15,177	INFO	3	org.l2jmobius.commons.threads.ThreadPool	ThreadPool: Initialized
2025.04.16 13:26:15,177	INFO	3	org.l2jmobius.commons.threads.ThreadPool	...scheduled pool executor with 4 high priority threads.
2025.04.16 13:26:15,185	INFO	3	org.l2jmobius.commons.threads.ThreadPool	...scheduled pool executor with 16 total threads.
2025.04.16 13:26:15,186	INFO	3	org.l2jmobius.commons.threads.ThreadPool	...instant pool executor with 8 total threads.
2025.04.16 13:26:15,189	INFO	3	org.l2jmobius.gameserver.GameServer	-----------------------------------------------=[ IdManager ]
2025.04.16 13:26:15,280	INFO	3	org.l2jmobius.gameserver.managers.DatabaseIdManager	DatabaseIdManager: Cleaned 602 elements in 0 seconds.
2025.04.16 13:26:15,290	INFO	3	org.l2jmobius.gameserver.managers.DatabaseIdManager	DatabaseIdManager: Updated character online status.
2025.04.16 13:26:15,308	INFO	3	org.l2jmobius.gameserver.managers.DatabaseIdManager	DatabaseIdManager: Cleaned 0 expired timestamps.
2025.04.16 13:26:15,360	INFO	3	org.l2jmobius.gameserver.managers.IdManager	IdManager: 102912 ids available.
2025.04.16 13:26:15,360	INFO	3	org.l2jmobius.gameserver.GameServer	----------------------------------------=[ Scripting Engine ]
2025.04.16 13:26:15,644	INFO	3	org.l2jmobius.gameserver.scripting.ScriptEngineManager	Loaded 381 files to exclude.
2025.04.16 13:26:15,644	INFO	3	org.l2jmobius.gameserver.GameServer	---------------------------------------------------=[ World ]
2025.04.16 13:26:15,657	INFO	3	org.l2jmobius.commons.util.IXmlReader	InstanceManager: Multiverse Instance created.
2025.04.16 13:26:15,658	INFO	3	org.l2jmobius.commons.util.IXmlReader	InstanceManager: Universe Instance created.
2025.04.16 13:26:15,694	INFO	3	org.l2jmobius.commons.util.IXmlReader	InstanceManager: Loaded 2 instance templates.
2025.04.16 13:26:16,036	INFO	3	org.l2jmobius.commons.util.IXmlReader	MapRegionManager: Loaded 42 map regions.
2025.04.16 13:26:16,053	INFO	3	org.l2jmobius.gameserver.managers.GlobalVariablesManager	GlobalVariablesManager: Loaded 4 variables.
2025.04.16 13:26:16,053	INFO	3	org.l2jmobius.gameserver.GameServer	----------------------------------------------------=[ Data ]
2025.04.16 13:26:16,120	INFO	3	org.l2jmobius.gameserver.data.xml.CategoryData	CategoryData: Loaded 160 categories.
2025.04.16 13:26:16,130	INFO	3	org.l2jmobius.gameserver.GameServer	--------------------------------------------------=[ Skills ]
2025.04.16 13:26:19,278	INFO	3	handlers.EffectMasterHandler	EffectMasterHandler: Loaded 144 effect handlers.
2025.04.16 13:26:19,495	INFO	3	org.l2jmobius.gameserver.data.sql.EnchantSkillTreesTable	EnchantSkillTreesTable: Loaded 14520 enchant skills.
2025.04.16 13:26:20,356	INFO	3	org.l2jmobius.commons.util.IXmlReader	SkillTreeData: Loaded 13741 Class Skills for 89 class skill trees.
2025.04.16 13:26:20,357	INFO	3	org.l2jmobius.commons.util.IXmlReader	SkillTreeData: Loaded 117 fishing skills, 8 Dwarven only fishing skills.
2025.04.16 13:26:20,361	INFO	3	org.l2jmobius.commons.util.IXmlReader	SkillTreeData: Loaded 64 clan skills, 64 for clan and 0 residential.
2025.04.16 13:26:20,362	INFO	3	org.l2jmobius.commons.util.IXmlReader	SkillTreeData: Loaded 8 noble skills.
2025.04.16 13:26:20,362	INFO	3	org.l2jmobius.commons.util.IXmlReader	SkillTreeData: Loaded 5 hero skills.
2025.04.16 13:26:20,363	INFO	3	org.l2jmobius.commons.util.IXmlReader	SkillTreeData: Loaded 25 game master skills.
2025.04.16 13:26:20,363	INFO	3	org.l2jmobius.commons.util.IXmlReader	SkillTreeData: Loaded 1 game master aura skills.
2025.04.16 13:26:23,713	INFO	3	org.l2jmobius.gameserver.data.xml.SkillData	SkillData: Loaded 29865 Skill templates from XML files.
2025.04.16 13:26:23,758	INFO	3	org.l2jmobius.gameserver.data.xml.PetSkillData	PetSkillData: Loaded 795 skills.
2025.04.16 13:26:23,759	INFO	3	org.l2jmobius.gameserver.GameServer	---------------------------------------------------=[ Items ]
2025.04.16 13:26:24,244	INFO	3	org.l2jmobius.gameserver.data.xml.ItemData	ItemData: Highest item id used: 50000
2025.04.16 13:26:24,248	INFO	3	org.l2jmobius.gameserver.data.xml.ItemData	ItemData: Loaded 6882 etc items.
2025.04.16 13:26:24,249	INFO	3	org.l2jmobius.gameserver.data.xml.ItemData	ItemData: Loaded 1106 armor items.
2025.04.16 13:26:24,250	INFO	3	org.l2jmobius.gameserver.data.xml.ItemData	ItemData: Loaded 1223 weapon items.
2025.04.16 13:26:24,250	INFO	3	org.l2jmobius.gameserver.data.xml.ItemData	ItemData: Loaded 9211 items in total.
2025.04.16 13:26:24,258	INFO	3	org.l2jmobius.commons.util.IXmlReader	EnchantItemGroupsData: Loaded 4 item group templates.
2025.04.16 13:26:24,258	INFO	3	org.l2jmobius.commons.util.IXmlReader	EnchantItemGroupsData: Loaded 1 scroll group templates.
2025.04.16 13:26:24,259	INFO	3	org.l2jmobius.commons.util.IXmlReader	EnchantItemGroupsData: Max weapon enchant is set to 65536.
2025.04.16 13:26:24,259	INFO	3	org.l2jmobius.commons.util.IXmlReader	EnchantItemGroupsData: Max armor enchant is set to 65536.
2025.04.16 13:26:24,259	INFO	3	org.l2jmobius.commons.util.IXmlReader	EnchantItemGroupsData: Max accessory enchant is set to 65536.
2025.04.16 13:26:24,267	INFO	3	org.l2jmobius.commons.util.IXmlReader	EnchantItemData: Loaded 30 enchant scrolls.
2025.04.16 13:26:25,224	INFO	3	org.l2jmobius.gameserver.data.xml.OptionData	OptionData: Loaded 16380 options.
2025.04.16 13:26:25,238	INFO	3	org.l2jmobius.commons.util.IXmlReader	EnchantItemHPBonusData: Loaded 6 enchant HP bonuses.
2025.04.16 13:26:25,243	INFO	3	org.l2jmobius.gameserver.data.MerchantPriceConfigTable	MerchantPriceConfigTable: Loaded 28 merchant price configs.
2025.04.16 13:26:26,346	WARNING	3	org.l2jmobius.commons.util.IXmlReader	Directory not found: /app/game/data/buylists/custom
2025.04.16 13:26:26,346	INFO	3	org.l2jmobius.gameserver.data.xml.BuyListData	BuyListData: Loaded 616 buyLists.
2025.04.16 13:26:26,710	INFO	3	org.l2jmobius.commons.util.IXmlReader	MultisellData: Loaded 93 multisell lists.
2025.04.16 13:26:26,770	INFO	3	org.l2jmobius.commons.util.IXmlReader	RecipeData: Loaded 871 recipes.
2025.04.16 13:26:26,789	INFO	3	org.l2jmobius.commons.util.IXmlReader	ArmorSetData: Loaded 51 armor sets.
2025.04.16 13:26:26,812	INFO	3	org.l2jmobius.commons.util.IXmlReader	FishData: Loaded 278 fishes.
2025.04.16 13:26:26,816	INFO	3	org.l2jmobius.commons.util.IXmlReader	FishingMonstersData: Loaded 8 fishing monsters.
2025.04.16 13:26:26,821	INFO	3	org.l2jmobius.commons.util.IXmlReader	FishingRodsData: Loaded 6 fishing rods.
2025.04.16 13:26:26,855	INFO	3	org.l2jmobius.commons.util.IXmlReader	HennaData: Loaded 180 henna data.
2025.04.16 13:26:26,856	INFO	3	org.l2jmobius.gameserver.GameServer	----------------------------------------------=[ Characters ]
2025.04.16 13:26:26,861	INFO	3	org.l2jmobius.commons.util.IXmlReader	ClassListData: Loaded 89 class data.
2025.04.16 13:26:26,867	INFO	3	org.l2jmobius.commons.util.IXmlReader	InitialEquipmentData: Loaded 9 initial equipment data.
2025.04.16 13:26:26,874	INFO	3	org.l2jmobius.commons.util.IXmlReader	InitialShortcutData: Loaded 5 initial global shortcut data.
2025.04.16 13:26:26,874	INFO	3	org.l2jmobius.commons.util.IXmlReader	InitialShortcutData: Loaded 4 initial shortcut data.
2025.04.16 13:26:26,874	INFO	3	org.l2jmobius.commons.util.IXmlReader	InitialShortcutData: Loaded 0 macro presets.
2025.04.16 13:26:26,882	INFO	3	org.l2jmobius.gameserver.data.xml.ExperienceData	ExperienceData: Loaded 81 levels.
2025.04.16 13:26:26,883	INFO	3	org.l2jmobius.gameserver.data.xml.ExperienceData	ExperienceData: Max Player Level is 80.
2025.04.16 13:26:26,883	INFO	3	org.l2jmobius.gameserver.data.xml.ExperienceData	ExperienceData: Max Pet Level is 80.
2025.04.16 13:26:26,891	INFO	3	org.l2jmobius.commons.util.IXmlReader	KarmaData: Loaded 80 karma modifiers.
2025.04.16 13:26:26,894	INFO	3	org.l2jmobius.commons.util.IXmlReader	HitConditionBonusData: Loaded hit condition bonuses.
2025.04.16 13:26:27,463	INFO	3	org.l2jmobius.gameserver.data.xml.PlayerTemplateData	PlayerTemplateData: Loaded 89 character templates.
2025.04.16 13:26:27,465	INFO	3	org.l2jmobius.gameserver.data.xml.PlayerTemplateData	PlayerTemplateData: Loaded 42720 level up gain records.
2025.04.16 13:26:27,472	INFO	3	org.l2jmobius.gameserver.data.sql.CharInfoTable	CharInfoTable: Loaded 3 char names.
2025.04.16 13:26:27,484	INFO	3	org.l2jmobius.gameserver.data.xml.AdminData	AdminData: Loaded 10 access levels.
2025.04.16 13:26:27,495	INFO	3	org.l2jmobius.gameserver.data.xml.AdminData	AdminData: Loaded 427 access commands.
2025.04.16 13:26:27,500	INFO	3	org.l2jmobius.gameserver.managers.RaidBossPointsManager	RaidBossPointsManager: Loaded 0 Characters Raid Points.
2025.04.16 13:26:27,695	INFO	3	org.l2jmobius.commons.util.IXmlReader	PetDataTable: Loaded 12 pets.
2025.04.16 13:26:27,703	INFO	3	org.l2jmobius.gameserver.GameServer	---------------------------------------------------=[ Clans ]
2025.04.16 13:26:27,732	INFO	3	org.l2jmobius.gameserver.communitybbs.Manager.ForumsBBSManager	ForumsBBSManager: Loaded 4 forums. Last forum id used: 4
2025.04.16 13:26:27,735	INFO	3	org.l2jmobius.gameserver.data.sql.ClanTable	ClanTable: Restored 0 clans from the database.
2025.04.16 13:26:27,747	INFO	3	org.l2jmobius.gameserver.managers.CHSiegeManager	CHSiegeManager: Loaded 6 conquerable clan halls.
2025.04.16 13:26:27,877	INFO	3	org.l2jmobius.gameserver.managers.ClanHallAuctionManager	ClanHallAuctionManager: Loaded 38 auction(s)
2025.04.16 13:26:27,879	INFO	3	org.l2jmobius.gameserver.data.sql.ClanHallTable	ClanHallTable: Loaded 0 clan halls
2025.04.16 13:26:27,880	INFO	3	org.l2jmobius.gameserver.data.sql.ClanHallTable	ClanHallTable: Loaded 38 free clan halls
2025.04.16 13:26:27,880	INFO	3	org.l2jmobius.gameserver.GameServer	-------------------------------------------------=[ Geodata ]
2025.04.16 13:26:27,892	INFO	3	org.l2jmobius.gameserver.geoengine.GeoEngine	GeoEngine: Loaded 0 regions.
2025.04.16 13:26:27,892	INFO	3	org.l2jmobius.gameserver.geoengine.GeoEngine	GeoEngine: Pathfinding is disabled.
2025.04.16 13:26:27,892	INFO	3	org.l2jmobius.gameserver.GameServer	----------------------------------------------------=[ NPCs ]
2025.04.16 13:26:27,924	INFO	3	org.l2jmobius.gameserver.managers.ZoneManager	ZoneManager 12 by 17 Zone Region Grid set up.
2025.04.16 13:26:29,796	INFO	3	org.l2jmobius.commons.util.IXmlReader	NpcData: Loaded 6519 NPCs.
2025.04.16 13:26:29,852	INFO	3	org.l2jmobius.commons.util.IXmlReader	NpcData: Loaded 19 custom NPCs.
2025.04.16 13:26:29,860	INFO	3	org.l2jmobius.commons.util.IXmlReader	SkillLearnData: Loaded 217 skill learn data.
2025.04.16 13:26:29,868	INFO	3	org.l2jmobius.gameserver.managers.GrandBossManager	GrandBossManager: Gigantic Chaos Golem(25512) status is 0.
2025.04.16 13:26:29,870	INFO	3	org.l2jmobius.gameserver.managers.GrandBossManager	GrandBossManager: Queen Ant(29001) status is 0.
2025.04.16 13:26:29,871	INFO	3	org.l2jmobius.gameserver.managers.GrandBossManager	GrandBossManager: Core(29006) status is 0.
2025.04.16 13:26:29,872	INFO	3	org.l2jmobius.gameserver.managers.GrandBossManager	GrandBossManager: Orfen(29014) status is 0.
2025.04.16 13:26:29,872	INFO	3	org.l2jmobius.gameserver.managers.GrandBossManager	GrandBossManager: Antharas(29019) status is 0.
2025.04.16 13:26:29,873	INFO	3	org.l2jmobius.gameserver.managers.GrandBossManager	GrandBossManager: Baium(29020) status is 0.
2025.04.16 13:26:29,873	INFO	3	org.l2jmobius.gameserver.managers.GrandBossManager	GrandBossManager: Zaken(29022) status is 0.
2025.04.16 13:26:29,874	INFO	3	org.l2jmobius.gameserver.managers.GrandBossManager	GrandBossManager: Valakas(29028) status is 0.
2025.04.16 13:26:29,874	INFO	3	org.l2jmobius.gameserver.managers.GrandBossManager	GrandBossManager: Frintezza(29045) status is 0.
2025.04.16 13:26:29,874	INFO	3	org.l2jmobius.gameserver.managers.GrandBossManager	GrandBossManager: Loaded 9 Instances
2025.04.16 13:26:30,018	INFO	3	org.l2jmobius.gameserver.managers.ZoneManager	ZoneManager: Loaded 28 zone classes and 2413 zones.
2025.04.16 13:26:30,024	INFO	3	org.l2jmobius.gameserver.managers.ZoneManager	ZoneManager: Last static id 200224.
2025.04.16 13:26:30,117	INFO	3	org.l2jmobius.commons.util.IXmlReader	DoorData: Loaded 547 doors.
2025.04.16 13:26:30,128	INFO	3	FenceData	FenceData: Loaded 1 fences.
2025.04.16 13:26:30,153	INFO	3	org.l2jmobius.gameserver.data.xml.LevelUpCrystalData	Soul crystal data : Loaded 39
2025.04.16 13:26:30,154	INFO	3	org.l2jmobius.gameserver.data.xml.LevelUpCrystalData	Npc leveling crystal data : Loaded 125
2025.04.16 13:26:30,157	INFO	3	org.l2jmobius.gameserver.data.xml.FakePlayerData	FakePlayerData: Loaded 2 templates.
2025.04.16 13:26:30,163	INFO	3	org.l2jmobius.gameserver.managers.FakePlayerChatManager	FakePlayerChatManager: Loaded 19 chat templates.
2025.04.16 13:26:30,184	INFO	3	org.l2jmobius.gameserver.managers.WalkingManager	WalkingManager: Loaded 14 walking routes.
2025.04.16 13:26:30,199	INFO	3	org.l2jmobius.commons.util.IXmlReader	StaticObjectData: Loaded 29 static object templates.
2025.04.16 13:26:30,240	INFO	3	org.l2jmobius.gameserver.managers.CastleManager	CastleManager: Loaded 9 castles
2025.04.16 13:26:30,257	INFO	3	org.l2jmobius.gameserver.data.SchemeBufferTable	SchemeBufferTable: Loaded 0 players schemes and 60 available buffs.
2025.04.16 13:26:30,261	INFO	3	org.l2jmobius.gameserver.managers.GrandBossManager	GrandBossManager: Initialized 10 Grand Boss Zones
2025.04.16 13:26:30,266	INFO	3	org.l2jmobius.gameserver.GameServer	------------------------------------------------=[ Olympiad ]
2025.04.16 13:26:30,284	INFO	3	org.l2jmobius.gameserver.model.olympiad.Olympiad	Olympiad System: Loading Olympiad System....
2025.04.16 13:26:30,285	INFO	3	org.l2jmobius.gameserver.model.olympiad.Olympiad	Olympiad System: Currently in Olympiad Period
2025.04.16 13:26:30,285	INFO	3	org.l2jmobius.gameserver.model.olympiad.Olympiad	Olympiad System: 21393 minutes until period ends
2025.04.16 13:26:30,286	INFO	3	org.l2jmobius.gameserver.model.olympiad.Olympiad	Olympiad System: Next weekly change is in 8896 minutes
2025.04.16 13:26:30,288	INFO	3	org.l2jmobius.gameserver.model.olympiad.Olympiad	Olympiad System: Loaded 0 Nobles
2025.04.16 13:26:30,294	INFO	3	org.l2jmobius.gameserver.model.olympiad.Olympiad	Olympiad System: Competition Period Starts in 0 days, 4 hours and 33 mins.
2025.04.16 13:26:30,315	INFO	3	org.l2jmobius.gameserver.model.olympiad.Olympiad	Olympiad System: Event starts/started : Wed Apr 16 18:00:30 UTC 2025
2025.04.16 13:26:30,324	INFO	3	org.l2jmobius.gameserver.model.olympiad.Hero	Hero System: Loaded 0 Heroes.
2025.04.16 13:26:30,324	INFO	3	org.l2jmobius.gameserver.model.olympiad.Hero	Hero System: Loaded 0 all time Heroes.
2025.04.16 13:26:30,324	INFO	3	org.l2jmobius.gameserver.GameServer	---------------------------------------------=[ Seven Signs ]
2025.04.16 13:26:30,331	INFO	3	org.l2jmobius.gameserver.model.sevensigns.SevenSigns	SevenSigns: Currently in the Competition (Quest Event) period!
2025.04.16 13:26:30,333	INFO	3	org.l2jmobius.gameserver.model.sevensigns.SevenSigns	SevenSigns: The Seal of Avarice remains unclaimed.
2025.04.16 13:26:30,334	INFO	3	org.l2jmobius.gameserver.model.sevensigns.SevenSigns	SevenSigns: The Seal of Gnosis remains unclaimed.
2025.04.16 13:26:30,335	INFO	3	org.l2jmobius.gameserver.model.sevensigns.SevenSigns	SevenSigns: The Seal of Strife remains unclaimed.
2025.04.16 13:26:30,335	INFO	3	org.l2jmobius.gameserver.model.sevensigns.SevenSigns	SevenSigns: The competition, if the current trend continues, will end in a tie this week.
2025.04.16 13:26:30,336	INFO	3	org.l2jmobius.gameserver.model.sevensigns.SevenSigns	SevenSigns: Next period change set to Mon Apr 21 18:00:30 UTC 2025
2025.04.16 13:26:30,337	INFO	3	org.l2jmobius.gameserver.model.sevensigns.SevenSigns	SevenSigns: Next period begins in 5 days, 4 hours and 33 mins.
2025.04.16 13:26:30,337	INFO	3	org.l2jmobius.gameserver.GameServer	---------------------------------------------------=[ Cache ]
2025.04.16 13:26:30,339	INFO	3	org.l2jmobius.gameserver.cache.HtmCache	Cache[HTML]: Running lazy cache.
2025.04.16 13:26:30,343	INFO	3	org.l2jmobius.gameserver.data.sql.CrestTable	CrestTable: Loaded 0 Crests.
2025.04.16 13:26:30,355	INFO	3	org.l2jmobius.gameserver.data.sql.TeleportLocationTable	TeleportLocationTable: Loaded 704 teleport location templates.
2025.04.16 13:26:30,464	INFO	3	org.l2jmobius.gameserver.data.AugmentationData	AugmentationData: Loaded 22640 augmentations.
2025.04.16 13:26:30,476	INFO	3	org.l2jmobius.gameserver.managers.SellBuffsManager	SellBuffsManager: Loaded 128 allowed buffs.
2025.04.16 13:26:30,478	INFO	3	org.l2jmobius.gameserver.GameServer	-------------------------------------------------=[ Scripts ]
2025.04.16 13:26:30,481	INFO	3	org.l2jmobius.gameserver.GameServer	Loading server scripts...
2025.04.16 13:26:35,616	INFO	3	handlers.MasterHandler	Loading Handlers...
2025.04.16 13:26:35,829	INFO	3	handlers.MasterHandler	ActionHandler: Loaded 10 handlers.
2025.04.16 13:26:35,830	INFO	3	handlers.MasterHandler	ActionShiftHandler: Loaded 6 handlers.
2025.04.16 13:26:35,830	INFO	3	handlers.MasterHandler	AdminCommandHandler: Loaded 438 handlers.
2025.04.16 13:26:35,830	INFO	3	handlers.MasterHandler	BypassHandler: Loaded 38 handlers.
2025.04.16 13:26:35,830	INFO	3	handlers.MasterHandler	ChatHandler: Loaded 14 handlers.
2025.04.16 13:26:35,830	INFO	3	handlers.MasterHandler	CommunityBoardHandler: Loaded 25 handlers.
2025.04.16 13:26:35,831	INFO	3	handlers.MasterHandler	ItemHandler: Loaded 25 handlers.
2025.04.16 13:26:35,831	INFO	3	handlers.MasterHandler	PunishmentHandler: Loaded 3 handlers.
2025.04.16 13:26:35,831	INFO	3	handlers.MasterHandler	UserCommandHandler: Loaded 15 handlers.
2025.04.16 13:26:35,831	INFO	3	handlers.MasterHandler	VoicedCommandHandler: Loaded 23 handlers.
2025.04.16 13:26:35,831	INFO	3	handlers.MasterHandler	TargetHandler: Loaded 34 handlers.
2025.04.16 13:26:35,831	INFO	3	handlers.MasterHandler	Handlers Loaded...
2025.04.16 13:26:41,760	INFO	3	org.l2jmobius.commons.util.IXmlReader	NpcBuffersData: Loaded 10 buffers data.
2025.04.16 13:26:41,860	INFO	3	ai.areas.ImperialTomb.FourSepulchers.FourSepulchers	[Four Sepulchers] Loaded 762 spawn zones data.
2025.04.16 13:26:41,953	CONFIG	3	conquerablehalls.WildBeastReserve.WildBeastReserve	Beast Farm siege scheduled for Tue Apr 29 10:00:00 UTC 2025.
2025.04.16 13:26:41,957	CONFIG	3	conquerablehalls.DevastatedCastle.DevastatedCastle	Devastated Castle siege scheduled for Tue Apr 29 10:00:00 UTC 2025.
2025.04.16 13:26:41,961	CONFIG	3	conquerablehalls.FortressOfResistance.FortressOfResistance	Fortress of Resistance siege scheduled for Tue Apr 29 10:00:00 UTC 2025.
2025.04.16 13:26:41,973	CONFIG	3	conquerablehalls.FortressOfTheDead.FortressOfTheDead	Fortress of the Dead siege scheduled for Tue Apr 29 10:00:00 UTC 2025.
2025.04.16 13:26:41,978	CONFIG	3	conquerablehalls.BanditStronghold.BanditStronghold	Bandit StrongHold siege scheduled for Tue Apr 29 10:00:00 UTC 2025.
2025.04.16 13:26:41,985	CONFIG	3	conquerablehalls.RainbowSpringsChateau.RainbowSpringsChateau	Rainbow Springs siege scheduled for Tue Apr 29 10:00:00 UTC 2025.
2025.04.16 13:26:42,028	INFO	3	org.l2jmobius.gameserver.model.events.AbstractScript	Event Heavy Medal has passed... Ignored 
2025.04.16 13:26:42,034	INFO	3	org.l2jmobius.gameserver.model.events.AbstractScript	Event Christmas has passed... Ignored 
2025.04.16 13:26:42,037	INFO	3	org.l2jmobius.gameserver.model.events.AbstractScript	Event L2 Day has passed... Ignored 
2025.04.16 13:26:42,041	INFO	3	org.l2jmobius.gameserver.data.xml.SpawnData	SpawnData: Initializing spawns...
2025.04.16 13:26:46,272	INFO	3	org.l2jmobius.gameserver.data.xml.SpawnData	SpawnData: 35860 spawns have been initialized!
2025.04.16 13:26:46,275	INFO	3	org.l2jmobius.gameserver.managers.DayNightSpawnManager	DayNightSpawnManager: Removed 0 night creatures
2025.04.16 13:26:46,282	INFO	3	org.l2jmobius.gameserver.managers.DayNightSpawnManager	DayNightSpawnManager: Spawned 232 day creatures
2025.04.16 13:26:46,286	INFO	3	org.l2jmobius.gameserver.managers.DimensionalRiftManager	DimensionalRiftManager: Loaded 7 room types with 56 rooms.
2025.04.16 13:26:46,293	INFO	3	org.l2jmobius.gameserver.managers.DimensionalRiftManager	DimensionalRiftManager: Loaded 462 dimensional rift spawns, 0 errors.
2025.04.16 13:26:46,340	INFO	3	org.l2jmobius.gameserver.managers.RaidBossSpawnManager	RaidBossSpawnManager: Loaded 189 Instances
2025.04.16 13:26:46,340	INFO	3	org.l2jmobius.gameserver.managers.RaidBossSpawnManager	RaidBossSpawnManager: Scheduled 0 Instances
2025.04.16 13:26:46,342	INFO	3	org.l2jmobius.gameserver.GameServer	---------------------------------------------------=[ Siege ]
2025.04.16 13:26:46,353	INFO	3	org.l2jmobius.gameserver.data.xml.SiegeScheduleData	SiegeScheduleData: Loaded 9 siege schedulers.
2025.04.16 13:26:46,354	INFO	3	org.l2jmobius.gameserver.model.siege.Siege	Siege of Gludio: Sun Apr 20 14:00:00 UTC 2025
2025.04.16 13:26:46,356	INFO	3	org.l2jmobius.gameserver.model.siege.Siege	Siege of Dion: Sun Apr 20 18:00:00 UTC 2025
2025.04.16 13:26:46,358	INFO	3	org.l2jmobius.gameserver.model.siege.Siege	Siege of Giran: Sun Apr 20 14:00:00 UTC 2025
2025.04.16 13:26:46,359	INFO	3	org.l2jmobius.gameserver.model.siege.Siege	Siege of Oren: Sun Apr 20 18:00:00 UTC 2025
2025.04.16 13:26:46,361	INFO	3	org.l2jmobius.gameserver.model.siege.Siege	Siege of Aden: Sun Apr 20 14:00:00 UTC 2025
2025.04.16 13:26:46,362	INFO	3	org.l2jmobius.gameserver.model.siege.Siege	Siege of Innadril: Sun Apr 20 18:00:00 UTC 2025
2025.04.16 13:26:46,364	INFO	3	org.l2jmobius.gameserver.model.siege.Siege	Siege of Goddard: Sun Apr 20 14:00:00 UTC 2025
2025.04.16 13:26:46,365	INFO	3	org.l2jmobius.gameserver.model.siege.Siege	Siege of Rune: Sun Apr 20 18:00:00 UTC 2025
2025.04.16 13:26:46,367	INFO	3	org.l2jmobius.gameserver.model.siege.Siege	Siege of Schuttgart: Sun Apr 20 14:00:00 UTC 2025
2025.04.16 13:26:46,394	INFO	3	org.l2jmobius.commons.util.IXmlReader	CastleManorManager: Loaded 258 seeds.
2025.04.16 13:26:46,410	INFO	3	org.l2jmobius.commons.util.IXmlReader	CastleManorManager: Manor data loaded.
2025.04.16 13:26:46,417	INFO	3	org.l2jmobius.gameserver.managers.MercTicketManager	MercTicketManager: Loaded 0 Mercenary Tickets
2025.04.16 13:26:46,417	INFO	3	org.l2jmobius.gameserver.managers.QuestManager	QuestManager: Loaded 342 quests.
2025.04.16 13:26:46,417	INFO	3	org.l2jmobius.gameserver.managers.QuestManager	QuestManager: Loaded 123 scripts.
2025.04.16 13:26:46,423	INFO	3	org.l2jmobius.gameserver.managers.games.MonsterRaceManager	MonsterRace: loaded 48 records, currently on race #49
2025.04.16 13:26:46,546	INFO	3	org.l2jmobius.gameserver.model.sevensigns.SevenSignsFestival	SevenSignsFestival: The first Festival of Darkness cycle begins in 2 minute(s).
2025.04.16 13:26:46,547	INFO	3	org.l2jmobius.gameserver.GameServer	AutoSpawnHandler: Loaded 124 handlers in total.
2025.04.16 13:26:46,549	INFO	3	org.l2jmobius.gameserver.managers.CoupleManager	CoupleManager: Loaded 0 couples(s)
2025.04.16 13:26:46,564	INFO	3	org.l2jmobius.gameserver.taskmanagers.PersistentTaskManager	PersistentTaskManager: Loaded 10 Tasks.
2025.04.16 13:26:46,567	INFO	3	org.l2jmobius.gameserver.managers.PunishmentManager	PunishmentManager: Loaded 0 active and 0 expired punishments.
2025.04.16 13:26:46,569	INFO	3	org.l2jmobius.gameserver.GameServer	IdManager: Free ObjectID's remaining: 1879007537
2025.04.16 13:26:46,572	INFO	3	org.l2jmobius.gameserver.data.sql.OfflineTraderTable	OfflineTraderTable: Loading offline traders...
2025.04.16 13:26:46,873	INFO	3	org.l2jmobius.gameserver.data.sql.OfflineTraderTable	OfflineTraderTable: Loaded 1 offline traders.
2025.04.16 13:26:46,877	INFO	68	org.l2jmobius.commons.util.DeadlockWatcher	DeadlockWatcher: Thread started.
2025.04.16 13:26:50,772	INFO	3	org.l2jmobius.gameserver.GameServer	GameServer: Started, using 486 of 4096 MB total memory.
2025.04.16 13:26:50,773	INFO	3	org.l2jmobius.gameserver.GameServer	GameServer: Maximum number of connected players is 2000.
2025.04.16 13:26:50,775	INFO	3	org.l2jmobius.gameserver.GameServer	GameServer: Server loaded in 36 seconds.
2025.04.16 13:26:50,806	INFO	70	org.l2jmobius.gameserver.LoginServerThread	LoginServerThread: Connecting to login on 127.0.0.1:9014
2025.04.16 13:26:50,868	INFO	70	org.l2jmobius.gameserver.LoginServerThread	LoginServerThread: Registered on login as Server 2: Sieghardt
2025.04.16 13:26:56,356	WARNING	80	org.l2jmobius.gameserver.model.actor.Creature	Master access level set for character Admin! Just a warning to be careful ;)
2025.04.16 13:31:13,580	WARNING	104	org.l2jmobius.gameserver.handler.AdminCommandHandler	No handler registered for admin command 'admin_shop'
2025.04.16 13:35:06,585	INFO	35	org.l2jmobius.gameserver.managers.GlobalVariablesManager	GlobalVariablesManager: Stored 4 variables.
2025.04.16 13:43:11,434	INFO	34	org.l2jmobius.gameserver.managers.RaidBossSpawnManager	RaidBossSpawnManager: Updated Soul Scavenger respawn time to Fri Apr 18 03:39:29 UTC 2025
2025.04.16 13:55:31,989	INFO	45	org.l2jmobius.gameserver.managers.GrandBossManager	GrandBossManager: Updated Queen Ant(29001) status to 1
2025.04.16 13:55:31,995	INFO	45	org.l2jmobius.gameserver.model.events.AbstractScript	Queen Ant will respawn at: 17/04/2025 20:38:29
2025.04.16 13:56:46,577	INFO	40	org.l2jmobius.gameserver.taskmanagers.tasks.TaskSevenSignsUpdate	SevenSigns: Data updated successfully.
2025.04.16 14:05:06,579	INFO	41	org.l2jmobius.gameserver.managers.GlobalVariablesManager	GlobalVariablesManager: Stored 4 variables.
2025.04.16 14:26:46,576	INFO	40	org.l2jmobius.gameserver.taskmanagers.tasks.TaskSevenSignsUpdate	SevenSigns: Data updated successfully.
2025.04.16 14:35:06,578	INFO	37	org.l2jmobius.gameserver.managers.GlobalVariablesManager	GlobalVariablesManager: Stored 4 variables.
2025.04.16 14:56:46,574	INFO	45	org.l2jmobius.gameserver.taskmanagers.tasks.TaskSevenSignsUpdate	SevenSigns: Data updated successfully.
2025.04.16 15:05:06,578	INFO	39	org.l2jmobius.gameserver.managers.GlobalVariablesManager	GlobalVariablesManager: Stored 4 variables.
2025.04.16 15:26:46,574	INFO	41	org.l2jmobius.gameserver.taskmanagers.tasks.TaskSevenSignsUpdate	SevenSigns: Data updated successfully.
2025.04.16 15:35:06,577	INFO	35	org.l2jmobius.gameserver.managers.GlobalVariablesManager	GlobalVariablesManager: Stored 4 variables.
2025.04.16 15:56:46,573	INFO	42	org.l2jmobius.gameserver.taskmanagers.tasks.TaskSevenSignsUpdate	SevenSigns: Data updated successfully.
2025.04.16 16:00:00,203	INFO	53	org.l2jmobius.gameserver.managers.DayNightSpawnManager	DayNightSpawnManager: Removed 232 day creatures
2025.04.16 16:00:00,262	INFO	53	org.l2jmobius.gameserver.managers.DayNightSpawnManager	DayNightSpawnManager: Spawned 684 night creatures
2025.04.16 16:05:06,577	INFO	39	org.l2jmobius.gameserver.managers.GlobalVariablesManager	GlobalVariablesManager: Stored 4 variables.
2025.04.16 16:06:43,869	INFO	40	ai.bosses.Zaken.Zaken	Zaken door id 21240006 opened, game time 00.00.
2025.04.16 16:11:43,878	INFO	37	ai.bosses.Zaken.Zaken	Zaken door id 21240006 closed.
2025.04.16 16:26:46,575	INFO	46	org.l2jmobius.gameserver.taskmanagers.tasks.TaskSevenSignsUpdate	SevenSigns: Data updated successfully.
2025.04.16 16:35:06,577	INFO	49	org.l2jmobius.gameserver.managers.GlobalVariablesManager	GlobalVariablesManager: Stored 4 variables.
2025.04.16 16:56:46,577	INFO	39	org.l2jmobius.gameserver.taskmanagers.tasks.TaskSevenSignsUpdate	SevenSigns: Data updated successfully.
2025.04.16 17:00:00,169	INFO	57	org.l2jmobius.gameserver.managers.DayNightSpawnManager	DayNightSpawnManager: Removed 684 night creatures
2025.04.16 17:00:00,178	INFO	57	org.l2jmobius.gameserver.managers.DayNightSpawnManager	DayNightSpawnManager: Spawned 232 day creatures
2025.04.16 17:05:06,577	INFO	48	org.l2jmobius.gameserver.managers.GlobalVariablesManager	GlobalVariablesManager: Stored 4 variables.
2025.04.16 17:26:46,576	INFO	40	org.l2jmobius.gameserver.taskmanagers.tasks.TaskSevenSignsUpdate	SevenSigns: Data updated successfully.
2025.04.16 17:35:06,576	INFO	45	org.l2jmobius.gameserver.managers.GlobalVariablesManager	GlobalVariablesManager: Stored 4 variables.
2025.04.16 17:56:46,575	INFO	37	org.l2jmobius.gameserver.taskmanagers.tasks.TaskSevenSignsUpdate	SevenSigns: Data updated successfully.
2025.04.16 18:00:30,303	INFO	34	org.l2jmobius.gameserver.model.olympiad.Olympiad	Olympiad System: Olympiad Game Started
2025.04.16 18:05:06,576	INFO	39	org.l2jmobius.gameserver.managers.GlobalVariablesManager	GlobalVariablesManager: Stored 4 variables.
2025.04.16 18:11:46,566	INFO	45	org.l2jmobius.gameserver.taskmanagers.tasks.TaskOlympiadSave	Olympiad System: Data updated.
2025.04.16 18:26:46,576	INFO	45	org.l2jmobius.gameserver.taskmanagers.tasks.TaskSevenSignsUpdate	SevenSigns: Data updated successfully.
2025.04.16 18:35:06,576	INFO	45	org.l2jmobius.gameserver.managers.GlobalVariablesManager	GlobalVariablesManager: Stored 4 variables.
2025.04.16 18:41:46,566	INFO	39	org.l2jmobius.gameserver.taskmanagers.tasks.TaskOlympiadSave	Olympiad System: Data updated.
2025.04.16 18:56:46,576	INFO	46	org.l2jmobius.gameserver.taskmanagers.tasks.TaskSevenSignsUpdate	SevenSigns: Data updated successfully.
2025.04.16 19:05:06,579	INFO	46	org.l2jmobius.gameserver.managers.GlobalVariablesManager	GlobalVariablesManager: Stored 4 variables.
2025.04.16 19:11:46,566	INFO	41	org.l2jmobius.gameserver.taskmanagers.tasks.TaskOlympiadSave	Olympiad System: Data updated.
2025.04.16 19:26:46,575	INFO	40	org.l2jmobius.gameserver.taskmanagers.tasks.TaskSevenSignsUpdate	SevenSigns: Data updated successfully.
2025.04.16 19:35:06,575	INFO	34	org.l2jmobius.gameserver.managers.GlobalVariablesManager	GlobalVariablesManager: Stored 4 variables.
2025.04.16 19:41:46,566	INFO	37	org.l2jmobius.gameserver.taskmanagers.tasks.TaskOlympiadSave	Olympiad System: Data updated.
2025.04.16 19:56:46,573	INFO	44	org.l2jmobius.gameserver.taskmanagers.tasks.TaskSevenSignsUpdate	SevenSigns: Data updated successfully.
2025.04.16 20:00:00,081	INFO	52	org.l2jmobius.gameserver.managers.DayNightSpawnManager	DayNightSpawnManager: Removed 232 day creatures
2025.04.16 20:00:00,125	INFO	52	org.l2jmobius.gameserver.managers.DayNightSpawnManager	DayNightSpawnManager: Spawned 684 night creatures
2025.04.16 20:05:06,577	INFO	37	org.l2jmobius.gameserver.managers.GlobalVariablesManager	GlobalVariablesManager: Stored 4 variables.
2025.04.16 20:06:43,869	INFO	42	ai.bosses.Zaken.Zaken	Zaken door id 21240006 opened, game time 00.00.
2025.04.16 20:11:43,870	INFO	45	ai.bosses.Zaken.Zaken	Zaken door id 21240006 closed.
2025.04.16 20:11:46,566	INFO	49	org.l2jmobius.gameserver.taskmanagers.tasks.TaskOlympiadSave	Olympiad System: Data updated.
2025.04.16 20:26:46,577	INFO	34	org.l2jmobius.gameserver.taskmanagers.tasks.TaskSevenSignsUpdate	SevenSigns: Data updated successfully.
2025.04.16 20:35:06,579	INFO	34	org.l2jmobius.gameserver.managers.GlobalVariablesManager	GlobalVariablesManager: Stored 4 variables.
2025.04.16 20:41:46,566	INFO	46	org.l2jmobius.gameserver.taskmanagers.tasks.TaskOlympiadSave	Olympiad System: Data updated.
2025.04.16 20:56:46,577	INFO	38	org.l2jmobius.gameserver.taskmanagers.tasks.TaskSevenSignsUpdate	SevenSigns: Data updated successfully.
2025.04.16 21:00:00,069	INFO	54	org.l2jmobius.gameserver.managers.DayNightSpawnManager	DayNightSpawnManager: Removed 684 night creatures
2025.04.16 21:00:00,084	INFO	54	org.l2jmobius.gameserver.managers.DayNightSpawnManager	DayNightSpawnManager: Spawned 232 day creatures
2025.04.16 21:05:06,590	INFO	41	org.l2jmobius.gameserver.managers.GlobalVariablesManager	GlobalVariablesManager: Stored 4 variables.
2025.04.16 21:11:46,566	INFO	35	org.l2jmobius.gameserver.taskmanagers.tasks.TaskOlympiadSave	Olympiad System: Data updated.
