2025.04.18 08:48:15,637	INFO	3	org.l2jmobius.commons.util.IXmlReader	Network Config: ipconfig.xml does not exist, using automatic configuration...
2025.04.18 08:48:15,882	INFO	3	org.l2jmobius.commons.util.IXmlReader	Network Config: Adding new subnet: 172.21.0.0/16 address: 172.21.0.1
2025.04.18 08:48:15,883	INFO	3	org.l2jmobius.commons.util.IXmlReader	Network Config: Adding new subnet: 172.18.0.0/16 address: 172.18.0.1
2025.04.18 08:48:15,883	INFO	3	org.l2jmobius.commons.util.IXmlReader	Network Config: Adding new subnet: 172.22.0.0/16 address: 172.22.0.1
2025.04.18 08:48:15,884	INFO	3	org.l2jmobius.commons.util.IXmlReader	Network Config: Adding new subnet: 172.19.0.0/16 address: 172.19.0.1
2025.04.18 08:48:15,884	INFO	3	org.l2jmobius.commons.util.IXmlReader	Network Config: Adding new subnet: 192.168.0.0/24 address: 192.168.0.2
2025.04.18 08:48:15,885	INFO	3	org.l2jmobius.commons.util.IXmlReader	Network Config: Adding new subnet: 127.0.0.0/8 address: 127.0.0.1
2025.04.18 08:48:15,885	INFO	3	org.l2jmobius.commons.util.IXmlReader	Network Config: Adding new subnet: 0.0.0.0/0 address: 87.61.95.38
2025.04.18 08:48:15,979	INFO	3	org.l2jmobius.Config	Loaded 6 Filter Words.
2025.04.18 08:48:15,981	INFO	3	org.l2jmobius.gameserver.GameServer	------------------------------------------------=[ Database ]
2025.04.18 08:48:16,365	INFO	3	org.l2jmobius.commons.database.DatabaseFactory	Database: HikariCP pool initialized successfully.
2025.04.18 08:48:16,697	INFO	3	org.l2jmobius.commons.database.DatabaseFactory	Database: Initialized with a valid connection.
2025.04.18 08:48:16,718	INFO	3	org.l2jmobius.gameserver.GameServer	----------------------------------------------=[ ThreadPool ]
2025.04.18 08:48:16,720	INFO	3	org.l2jmobius.commons.threads.ThreadPool	ThreadPool: Initialized
2025.04.18 08:48:16,721	INFO	3	org.l2jmobius.commons.threads.ThreadPool	...scheduled pool executor with 4 high priority threads.
2025.04.18 08:48:16,728	INFO	3	org.l2jmobius.commons.threads.ThreadPool	...scheduled pool executor with 16 total threads.
2025.04.18 08:48:16,729	INFO	3	org.l2jmobius.commons.threads.ThreadPool	...instant pool executor with 8 total threads.
2025.04.18 08:48:16,732	INFO	3	org.l2jmobius.gameserver.GameServer	-----------------------------------------------=[ IdManager ]
2025.04.18 08:48:16,817	INFO	3	org.l2jmobius.gameserver.managers.DatabaseIdManager	DatabaseIdManager: Cleaned 0 elements in 0 seconds.
2025.04.18 08:48:16,829	INFO	3	org.l2jmobius.gameserver.managers.DatabaseIdManager	DatabaseIdManager: Updated character online status.
2025.04.18 08:48:16,851	INFO	3	org.l2jmobius.gameserver.managers.DatabaseIdManager	DatabaseIdManager: Cleaned 2 expired timestamps.
2025.04.18 08:48:16,912	INFO	3	org.l2jmobius.gameserver.managers.IdManager	IdManager: 102912 ids available.
2025.04.18 08:48:16,913	INFO	3	org.l2jmobius.gameserver.GameServer	----------------------------------------=[ Scripting Engine ]
2025.04.18 08:48:17,318	INFO	3	org.l2jmobius.gameserver.scripting.ScriptEngineManager	Loaded 381 files to exclude.
2025.04.18 08:48:17,318	INFO	3	org.l2jmobius.gameserver.GameServer	---------------------------------------------------=[ World ]
2025.04.18 08:48:17,324	INFO	3	org.l2jmobius.commons.util.IXmlReader	InstanceManager: Multiverse Instance created.
2025.04.18 08:48:17,324	INFO	3	org.l2jmobius.commons.util.IXmlReader	InstanceManager: Universe Instance created.
2025.04.18 08:48:17,363	INFO	3	org.l2jmobius.commons.util.IXmlReader	InstanceManager: Loaded 2 instance templates.
2025.04.18 08:48:17,651	INFO	3	org.l2jmobius.commons.util.IXmlReader	MapRegionManager: Loaded 42 map regions.
2025.04.18 08:48:17,663	INFO	3	org.l2jmobius.gameserver.managers.GlobalVariablesManager	GlobalVariablesManager: Loaded 4 variables.
2025.04.18 08:48:17,664	INFO	3	org.l2jmobius.gameserver.GameServer	----------------------------------------------------=[ Data ]
2025.04.18 08:48:17,743	INFO	3	org.l2jmobius.gameserver.data.xml.CategoryData	CategoryData: Loaded 160 categories.
2025.04.18 08:48:17,758	INFO	3	org.l2jmobius.gameserver.GameServer	--------------------------------------------------=[ Skills ]
2025.04.18 08:48:21,035	INFO	3	handlers.EffectMasterHandler	EffectMasterHandler: Loaded 144 effect handlers.
2025.04.18 08:48:21,279	INFO	3	org.l2jmobius.gameserver.data.sql.EnchantSkillTreesTable	EnchantSkillTreesTable: Loaded 14520 enchant skills.
2025.04.18 08:48:22,422	INFO	3	org.l2jmobius.commons.util.IXmlReader	SkillTreeData: Loaded 13741 Class Skills for 89 class skill trees.
2025.04.18 08:48:22,423	INFO	3	org.l2jmobius.commons.util.IXmlReader	SkillTreeData: Loaded 117 fishing skills, 8 Dwarven only fishing skills.
2025.04.18 08:48:22,430	INFO	3	org.l2jmobius.commons.util.IXmlReader	SkillTreeData: Loaded 64 clan skills, 64 for clan and 0 residential.
2025.04.18 08:48:22,431	INFO	3	org.l2jmobius.commons.util.IXmlReader	SkillTreeData: Loaded 8 noble skills.
2025.04.18 08:48:22,432	INFO	3	org.l2jmobius.commons.util.IXmlReader	SkillTreeData: Loaded 5 hero skills.
2025.04.18 08:48:22,432	INFO	3	org.l2jmobius.commons.util.IXmlReader	SkillTreeData: Loaded 25 game master skills.
2025.04.18 08:48:22,432	INFO	3	org.l2jmobius.commons.util.IXmlReader	SkillTreeData: Loaded 1 game master aura skills.
2025.04.18 08:48:25,903	INFO	3	org.l2jmobius.gameserver.data.xml.SkillData	SkillData: Loaded 29865 Skill templates from XML files.
2025.04.18 08:48:25,966	INFO	3	org.l2jmobius.gameserver.data.xml.PetSkillData	PetSkillData: Loaded 795 skills.
2025.04.18 08:48:25,966	INFO	3	org.l2jmobius.gameserver.GameServer	---------------------------------------------------=[ Items ]
2025.04.18 08:48:26,761	INFO	3	org.l2jmobius.gameserver.data.xml.ItemData	ItemData: Highest item id used: 50000
2025.04.18 08:48:26,766	INFO	3	org.l2jmobius.gameserver.data.xml.ItemData	ItemData: Loaded 6882 etc items.
2025.04.18 08:48:26,766	INFO	3	org.l2jmobius.gameserver.data.xml.ItemData	ItemData: Loaded 1106 armor items.
2025.04.18 08:48:26,767	INFO	3	org.l2jmobius.gameserver.data.xml.ItemData	ItemData: Loaded 1223 weapon items.
2025.04.18 08:48:26,767	INFO	3	org.l2jmobius.gameserver.data.xml.ItemData	ItemData: Loaded 9211 items in total.
2025.04.18 08:48:26,776	INFO	3	org.l2jmobius.commons.util.IXmlReader	EnchantItemGroupsData: Loaded 4 item group templates.
2025.04.18 08:48:26,776	INFO	3	org.l2jmobius.commons.util.IXmlReader	EnchantItemGroupsData: Loaded 1 scroll group templates.
2025.04.18 08:48:26,777	INFO	3	org.l2jmobius.commons.util.IXmlReader	EnchantItemGroupsData: Max weapon enchant is set to 65536.
2025.04.18 08:48:26,777	INFO	3	org.l2jmobius.commons.util.IXmlReader	EnchantItemGroupsData: Max armor enchant is set to 65536.
2025.04.18 08:48:26,777	INFO	3	org.l2jmobius.commons.util.IXmlReader	EnchantItemGroupsData: Max accessory enchant is set to 65536.
2025.04.18 08:48:26,787	INFO	3	org.l2jmobius.commons.util.IXmlReader	EnchantItemData: Loaded 30 enchant scrolls.
2025.04.18 08:48:27,963	INFO	3	org.l2jmobius.gameserver.data.xml.OptionData	OptionData: Loaded 16380 options.
2025.04.18 08:48:27,976	INFO	3	org.l2jmobius.commons.util.IXmlReader	EnchantItemHPBonusData: Loaded 6 enchant HP bonuses.
2025.04.18 08:48:27,979	INFO	3	org.l2jmobius.gameserver.data.MerchantPriceConfigTable	MerchantPriceConfigTable: Loaded 28 merchant price configs.
2025.04.18 08:48:29,220	WARNING	3	org.l2jmobius.commons.util.IXmlReader	Directory not found: /app/game/data/buylists/custom
2025.04.18 08:48:29,220	INFO	3	org.l2jmobius.gameserver.data.xml.BuyListData	BuyListData: Loaded 616 buyLists.
2025.04.18 08:48:29,519	INFO	3	org.l2jmobius.commons.util.IXmlReader	MultisellData: Loaded 93 multisell lists.
2025.04.18 08:48:29,580	INFO	3	org.l2jmobius.commons.util.IXmlReader	RecipeData: Loaded 871 recipes.
2025.04.18 08:48:29,601	INFO	3	org.l2jmobius.commons.util.IXmlReader	ArmorSetData: Loaded 51 armor sets.
2025.04.18 08:48:29,626	INFO	3	org.l2jmobius.commons.util.IXmlReader	FishData: Loaded 278 fishes.
2025.04.18 08:48:29,631	INFO	3	org.l2jmobius.commons.util.IXmlReader	FishingMonstersData: Loaded 8 fishing monsters.
2025.04.18 08:48:29,635	INFO	3	org.l2jmobius.commons.util.IXmlReader	FishingRodsData: Loaded 6 fishing rods.
2025.04.18 08:48:29,687	INFO	3	org.l2jmobius.commons.util.IXmlReader	HennaData: Loaded 180 henna data.
2025.04.18 08:48:29,688	INFO	3	org.l2jmobius.gameserver.GameServer	----------------------------------------------=[ Characters ]
2025.04.18 08:48:29,694	INFO	3	org.l2jmobius.commons.util.IXmlReader	ClassListData: Loaded 89 class data.
2025.04.18 08:48:29,699	INFO	3	org.l2jmobius.commons.util.IXmlReader	InitialEquipmentData: Loaded 9 initial equipment data.
2025.04.18 08:48:29,705	INFO	3	org.l2jmobius.commons.util.IXmlReader	InitialShortcutData: Loaded 5 initial global shortcut data.
2025.04.18 08:48:29,706	INFO	3	org.l2jmobius.commons.util.IXmlReader	InitialShortcutData: Loaded 4 initial shortcut data.
2025.04.18 08:48:29,706	INFO	3	org.l2jmobius.commons.util.IXmlReader	InitialShortcutData: Loaded 0 macro presets.
2025.04.18 08:48:29,712	INFO	3	org.l2jmobius.gameserver.data.xml.ExperienceData	ExperienceData: Loaded 81 levels.
2025.04.18 08:48:29,712	INFO	3	org.l2jmobius.gameserver.data.xml.ExperienceData	ExperienceData: Max Player Level is 80.
2025.04.18 08:48:29,712	INFO	3	org.l2jmobius.gameserver.data.xml.ExperienceData	ExperienceData: Max Pet Level is 80.
2025.04.18 08:48:29,722	INFO	3	org.l2jmobius.commons.util.IXmlReader	KarmaData: Loaded 80 karma modifiers.
2025.04.18 08:48:29,724	INFO	3	org.l2jmobius.commons.util.IXmlReader	HitConditionBonusData: Loaded hit condition bonuses.
2025.04.18 08:48:30,271	INFO	3	org.l2jmobius.gameserver.data.xml.PlayerTemplateData	PlayerTemplateData: Loaded 89 character templates.
2025.04.18 08:48:30,272	INFO	3	org.l2jmobius.gameserver.data.xml.PlayerTemplateData	PlayerTemplateData: Loaded 42720 level up gain records.
2025.04.18 08:48:30,277	INFO	3	org.l2jmobius.gameserver.data.sql.CharInfoTable	CharInfoTable: Loaded 4 char names.
2025.04.18 08:48:30,288	INFO	3	org.l2jmobius.gameserver.data.xml.AdminData	AdminData: Loaded 10 access levels.
2025.04.18 08:48:30,301	INFO	3	org.l2jmobius.gameserver.data.xml.AdminData	AdminData: Loaded 427 access commands.
2025.04.18 08:48:30,306	INFO	3	org.l2jmobius.gameserver.managers.RaidBossPointsManager	RaidBossPointsManager: Loaded 1 Characters Raid Points.
2025.04.18 08:48:30,517	INFO	3	org.l2jmobius.commons.util.IXmlReader	PetDataTable: Loaded 12 pets.
2025.04.18 08:48:30,527	INFO	3	org.l2jmobius.gameserver.GameServer	---------------------------------------------------=[ Clans ]
2025.04.18 08:48:30,552	INFO	3	org.l2jmobius.gameserver.communitybbs.Manager.ForumsBBSManager	ForumsBBSManager: Loaded 4 forums. Last forum id used: 4
2025.04.18 08:48:30,554	INFO	3	org.l2jmobius.gameserver.data.sql.ClanTable	ClanTable: Restored 0 clans from the database.
2025.04.18 08:48:30,567	INFO	3	org.l2jmobius.gameserver.managers.CHSiegeManager	CHSiegeManager: Loaded 6 conquerable clan halls.
2025.04.18 08:48:30,684	INFO	3	org.l2jmobius.gameserver.managers.ClanHallAuctionManager	ClanHallAuctionManager: Loaded 38 auction(s)
2025.04.18 08:48:30,686	INFO	3	org.l2jmobius.gameserver.data.sql.ClanHallTable	ClanHallTable: Loaded 0 clan halls
2025.04.18 08:48:30,687	INFO	3	org.l2jmobius.gameserver.data.sql.ClanHallTable	ClanHallTable: Loaded 38 free clan halls
2025.04.18 08:48:30,687	INFO	3	org.l2jmobius.gameserver.GameServer	-------------------------------------------------=[ Geodata ]
2025.04.18 08:48:32,022	INFO	3	org.l2jmobius.gameserver.geoengine.GeoEngine	GeoEngine: Loaded 158 regions.
2025.04.18 08:48:32,022	INFO	3	org.l2jmobius.gameserver.GameServer	----------------------------------------------------=[ NPCs ]
2025.04.18 08:48:32,065	INFO	3	org.l2jmobius.gameserver.managers.ZoneManager	ZoneManager 12 by 17 Zone Region Grid set up.
2025.04.18 08:48:34,409	INFO	3	org.l2jmobius.commons.util.IXmlReader	NpcData: Loaded 6519 NPCs.
2025.04.18 08:48:34,471	INFO	3	org.l2jmobius.commons.util.IXmlReader	NpcData: Loaded 19 custom NPCs.
2025.04.18 08:48:34,481	INFO	3	org.l2jmobius.commons.util.IXmlReader	SkillLearnData: Loaded 217 skill learn data.
2025.04.18 08:48:34,488	INFO	3	org.l2jmobius.gameserver.managers.GrandBossManager	GrandBossManager: Gigantic Chaos Golem(25512) status is 0.
2025.04.18 08:48:34,490	INFO	3	org.l2jmobius.gameserver.managers.GrandBossManager	GrandBossManager: Queen Ant(29001) status is 0.
2025.04.18 08:48:34,493	INFO	3	org.l2jmobius.gameserver.managers.GrandBossManager	GrandBossManager: Core(29006) status is 0.
2025.04.18 08:48:34,494	INFO	3	org.l2jmobius.gameserver.managers.GrandBossManager	GrandBossManager: Orfen(29014) status is 1.
2025.04.18 08:48:34,512	INFO	3	org.l2jmobius.gameserver.managers.GrandBossManager	GrandBossManager: Next spawn date of Orfen is Fri Apr 18 21:33:52 UTC 2025.
2025.04.18 08:48:34,513	INFO	3	org.l2jmobius.gameserver.managers.GrandBossManager	GrandBossManager: Antharas(29019) status is 0.
2025.04.18 08:48:34,514	INFO	3	org.l2jmobius.gameserver.managers.GrandBossManager	GrandBossManager: Baium(29020) status is 0.
2025.04.18 08:48:34,514	INFO	3	org.l2jmobius.gameserver.managers.GrandBossManager	GrandBossManager: Zaken(29022) status is 0.
2025.04.18 08:48:34,514	INFO	3	org.l2jmobius.gameserver.managers.GrandBossManager	GrandBossManager: Valakas(29028) status is 0.
2025.04.18 08:48:34,515	INFO	3	org.l2jmobius.gameserver.managers.GrandBossManager	GrandBossManager: Frintezza(29045) status is 0.
2025.04.18 08:48:34,515	INFO	3	org.l2jmobius.gameserver.managers.GrandBossManager	GrandBossManager: Loaded 9 Instances
2025.04.18 08:48:34,637	INFO	3	org.l2jmobius.gameserver.managers.ZoneManager	ZoneManager: Loaded 28 zone classes and 2413 zones.
2025.04.18 08:48:34,647	INFO	3	org.l2jmobius.gameserver.managers.ZoneManager	ZoneManager: Last static id 200224.
2025.04.18 08:48:34,721	INFO	3	org.l2jmobius.commons.util.IXmlReader	DoorData: Loaded 547 doors.
2025.04.18 08:48:34,732	INFO	3	FenceData	FenceData: Loaded 1 fences.
2025.04.18 08:48:34,750	INFO	3	org.l2jmobius.gameserver.data.xml.LevelUpCrystalData	Soul crystal data : Loaded 39
2025.04.18 08:48:34,751	INFO	3	org.l2jmobius.gameserver.data.xml.LevelUpCrystalData	Npc leveling crystal data : Loaded 125
2025.04.18 08:48:34,752	INFO	3	org.l2jmobius.gameserver.data.xml.FakePlayerData	FakePlayerData: Loaded 2 templates.
2025.04.18 08:48:34,758	INFO	3	org.l2jmobius.gameserver.managers.FakePlayerChatManager	FakePlayerChatManager: Loaded 19 chat templates.
2025.04.18 08:48:34,771	INFO	3	org.l2jmobius.gameserver.managers.WalkingManager	WalkingManager: Loaded 14 walking routes.
2025.04.18 08:48:34,781	INFO	3	org.l2jmobius.commons.util.IXmlReader	StaticObjectData: Loaded 29 static object templates.
2025.04.18 08:48:34,806	INFO	3	org.l2jmobius.gameserver.managers.CastleManager	CastleManager: Loaded 9 castles
2025.04.18 08:48:34,823	INFO	3	org.l2jmobius.gameserver.data.SchemeBufferTable	SchemeBufferTable: Loaded 0 players schemes and 60 available buffs.
2025.04.18 08:48:34,824	INFO	3	org.l2jmobius.gameserver.managers.GrandBossManager	GrandBossManager: Initialized 10 Grand Boss Zones
2025.04.18 08:48:34,825	INFO	3	org.l2jmobius.gameserver.GameServer	------------------------------------------------=[ Olympiad ]
2025.04.18 08:48:34,839	INFO	3	org.l2jmobius.gameserver.model.olympiad.Olympiad	Olympiad System: Loading Olympiad System....
2025.04.18 08:48:34,839	INFO	3	org.l2jmobius.gameserver.model.olympiad.Olympiad	Olympiad System: Currently in Olympiad Period
2025.04.18 08:48:34,841	INFO	3	org.l2jmobius.gameserver.model.olympiad.Olympiad	Olympiad System: 18791 minutes until period ends
2025.04.18 08:48:34,842	INFO	3	org.l2jmobius.gameserver.model.olympiad.Olympiad	Olympiad System: Next weekly change is in 6294 minutes
2025.04.18 08:48:34,842	INFO	3	org.l2jmobius.gameserver.model.olympiad.Olympiad	Olympiad System: Loaded 0 Nobles
2025.04.18 08:48:34,847	INFO	3	org.l2jmobius.gameserver.model.olympiad.Olympiad	Olympiad System: Competition Period Starts in 0 days, 9 hours and 11 mins.
2025.04.18 08:48:34,848	INFO	3	org.l2jmobius.gameserver.model.olympiad.Olympiad	Olympiad System: Event starts/started : Fri Apr 18 18:00:34 UTC 2025
2025.04.18 08:48:34,854	INFO	3	org.l2jmobius.gameserver.model.olympiad.Hero	Hero System: Loaded 0 Heroes.
2025.04.18 08:48:34,855	INFO	3	org.l2jmobius.gameserver.model.olympiad.Hero	Hero System: Loaded 0 all time Heroes.
2025.04.18 08:48:34,855	INFO	3	org.l2jmobius.gameserver.GameServer	---------------------------------------------=[ Seven Signs ]
2025.04.18 08:48:34,861	INFO	3	org.l2jmobius.gameserver.model.sevensigns.SevenSigns	SevenSigns: Currently in the Competition (Quest Event) period!
2025.04.18 08:48:34,862	INFO	3	org.l2jmobius.gameserver.model.sevensigns.SevenSigns	SevenSigns: The Seal of Avarice remains unclaimed.
2025.04.18 08:48:34,862	INFO	3	org.l2jmobius.gameserver.model.sevensigns.SevenSigns	SevenSigns: The Seal of Gnosis remains unclaimed.
2025.04.18 08:48:34,862	INFO	3	org.l2jmobius.gameserver.model.sevensigns.SevenSigns	SevenSigns: The Seal of Strife remains unclaimed.
2025.04.18 08:48:34,862	INFO	3	org.l2jmobius.gameserver.model.sevensigns.SevenSigns	SevenSigns: The competition, if the current trend continues, will end in a tie this week.
2025.04.18 08:48:34,863	INFO	3	org.l2jmobius.gameserver.model.sevensigns.SevenSigns	SevenSigns: Next period change set to Mon Apr 21 18:00:34 UTC 2025
2025.04.18 08:48:34,864	INFO	3	org.l2jmobius.gameserver.model.sevensigns.SevenSigns	SevenSigns: Next period begins in 3 days, 9 hours and 11 mins.
2025.04.18 08:48:34,864	INFO	3	org.l2jmobius.gameserver.GameServer	---------------------------------------------------=[ Cache ]
2025.04.18 08:48:34,866	INFO	3	org.l2jmobius.gameserver.cache.HtmCache	Cache[HTML]: Running lazy cache.
2025.04.18 08:48:34,870	INFO	3	org.l2jmobius.gameserver.data.sql.CrestTable	CrestTable: Loaded 0 Crests.
2025.04.18 08:48:34,879	INFO	3	org.l2jmobius.gameserver.data.sql.TeleportLocationTable	TeleportLocationTable: Loaded 704 teleport location templates.
2025.04.18 08:48:34,961	INFO	3	org.l2jmobius.gameserver.data.AugmentationData	AugmentationData: Loaded 22640 augmentations.
2025.04.18 08:48:34,969	INFO	3	org.l2jmobius.gameserver.managers.SellBuffsManager	SellBuffsManager: Loaded 128 allowed buffs.
2025.04.18 08:48:34,970	INFO	3	org.l2jmobius.gameserver.GameServer	-------------------------------------------------=[ Scripts ]
2025.04.18 08:48:34,973	INFO	3	org.l2jmobius.gameserver.GameServer	Loading server scripts...
2025.04.18 08:48:39,917	INFO	3	handlers.MasterHandler	Loading Handlers...
2025.04.18 08:48:40,095	INFO	3	handlers.MasterHandler	ActionHandler: Loaded 10 handlers.
2025.04.18 08:48:40,096	INFO	3	handlers.MasterHandler	ActionShiftHandler: Loaded 6 handlers.
2025.04.18 08:48:40,096	INFO	3	handlers.MasterHandler	AdminCommandHandler: Loaded 438 handlers.
2025.04.18 08:48:40,096	INFO	3	handlers.MasterHandler	BypassHandler: Loaded 38 handlers.
2025.04.18 08:48:40,096	INFO	3	handlers.MasterHandler	ChatHandler: Loaded 14 handlers.
2025.04.18 08:48:40,096	INFO	3	handlers.MasterHandler	CommunityBoardHandler: Loaded 28 handlers.
2025.04.18 08:48:40,096	INFO	3	handlers.MasterHandler	ItemHandler: Loaded 25 handlers.
2025.04.18 08:48:40,096	INFO	3	handlers.MasterHandler	PunishmentHandler: Loaded 3 handlers.
2025.04.18 08:48:40,096	INFO	3	handlers.MasterHandler	UserCommandHandler: Loaded 15 handlers.
2025.04.18 08:48:40,097	INFO	3	handlers.MasterHandler	VoicedCommandHandler: Loaded 23 handlers.
2025.04.18 08:48:40,097	INFO	3	handlers.MasterHandler	TargetHandler: Loaded 34 handlers.
2025.04.18 08:48:40,097	INFO	3	handlers.MasterHandler	Handlers Loaded...
2025.04.18 08:48:47,574	INFO	3	org.l2jmobius.commons.util.IXmlReader	NpcBuffersData: Loaded 10 buffers data.
2025.04.18 08:48:47,653	INFO	3	ai.areas.ImperialTomb.FourSepulchers.FourSepulchers	[Four Sepulchers] Loaded 762 spawn zones data.
2025.04.18 08:48:47,716	CONFIG	3	conquerablehalls.WildBeastReserve.WildBeastReserve	Beast Farm siege scheduled for Tue Apr 29 10:00:00 UTC 2025.
2025.04.18 08:48:47,720	CONFIG	3	conquerablehalls.DevastatedCastle.DevastatedCastle	Devastated Castle siege scheduled for Tue Apr 29 10:00:00 UTC 2025.
2025.04.18 08:48:47,723	CONFIG	3	conquerablehalls.FortressOfResistance.FortressOfResistance	Fortress of Resistance siege scheduled for Tue Apr 29 10:00:00 UTC 2025.
2025.04.18 08:48:47,733	CONFIG	3	conquerablehalls.FortressOfTheDead.FortressOfTheDead	Fortress of the Dead siege scheduled for Tue Apr 29 10:00:00 UTC 2025.
2025.04.18 08:48:47,737	CONFIG	3	conquerablehalls.BanditStronghold.BanditStronghold	Bandit StrongHold siege scheduled for Tue Apr 29 10:00:00 UTC 2025.
2025.04.18 08:48:47,742	CONFIG	3	conquerablehalls.RainbowSpringsChateau.RainbowSpringsChateau	Rainbow Springs siege scheduled for Tue Apr 29 10:00:00 UTC 2025.
2025.04.18 08:48:47,772	INFO	3	org.l2jmobius.gameserver.model.events.AbstractScript	Event Heavy Medal has passed... Ignored 
2025.04.18 08:48:47,775	INFO	3	org.l2jmobius.gameserver.model.events.AbstractScript	Event Christmas has passed... Ignored 
2025.04.18 08:48:47,778	INFO	3	org.l2jmobius.gameserver.model.events.AbstractScript	Event L2 Day has passed... Ignored 
2025.04.18 08:48:47,781	INFO	3	org.l2jmobius.gameserver.data.xml.SpawnData	SpawnData: Initializing spawns...
2025.04.18 08:48:51,439	INFO	3	org.l2jmobius.gameserver.data.xml.SpawnData	SpawnData: 35857 spawns have been initialized!
2025.04.18 08:48:51,441	INFO	3	org.l2jmobius.gameserver.managers.DayNightSpawnManager	DayNightSpawnManager: Removed 0 day creatures
2025.04.18 08:48:51,478	INFO	3	org.l2jmobius.gameserver.managers.DayNightSpawnManager	DayNightSpawnManager: Spawned 684 night creatures
2025.04.18 08:48:51,560	INFO	3	org.l2jmobius.gameserver.managers.DimensionalRiftManager	DimensionalRiftManager: Loaded 7 room types with 56 rooms.
2025.04.18 08:48:51,569	INFO	3	org.l2jmobius.gameserver.managers.DimensionalRiftManager	DimensionalRiftManager: Loaded 462 dimensional rift spawns, 0 errors.
2025.04.18 08:48:51,624	INFO	3	org.l2jmobius.gameserver.managers.RaidBossSpawnManager	RaidBossSpawnManager: Loaded 180 Instances
2025.04.18 08:48:51,625	INFO	3	org.l2jmobius.gameserver.managers.RaidBossSpawnManager	RaidBossSpawnManager: Scheduled 9 Instances
2025.04.18 08:48:51,625	INFO	3	org.l2jmobius.gameserver.GameServer	---------------------------------------------------=[ Siege ]
2025.04.18 08:48:51,639	INFO	3	org.l2jmobius.gameserver.data.xml.SiegeScheduleData	SiegeScheduleData: Loaded 9 siege schedulers.
2025.04.18 08:48:51,640	INFO	3	org.l2jmobius.gameserver.model.siege.Siege	Siege of Gludio: Sun Apr 20 14:00:00 UTC 2025
2025.04.18 08:48:51,643	INFO	3	org.l2jmobius.gameserver.model.siege.Siege	Siege of Dion: Sun Apr 20 18:00:00 UTC 2025
2025.04.18 08:48:51,644	INFO	3	org.l2jmobius.gameserver.model.siege.Siege	Siege of Giran: Sun Apr 20 14:00:00 UTC 2025
2025.04.18 08:48:51,645	INFO	3	org.l2jmobius.gameserver.model.siege.Siege	Siege of Oren: Sun Apr 20 18:00:00 UTC 2025
2025.04.18 08:48:51,646	INFO	3	org.l2jmobius.gameserver.model.siege.Siege	Siege of Aden: Sun Apr 20 14:00:00 UTC 2025
2025.04.18 08:48:51,648	INFO	3	org.l2jmobius.gameserver.model.siege.Siege	Siege of Innadril: Sun Apr 20 18:00:00 UTC 2025
2025.04.18 08:48:51,650	INFO	3	org.l2jmobius.gameserver.model.siege.Siege	Siege of Goddard: Sun Apr 20 14:00:00 UTC 2025
2025.04.18 08:48:51,651	INFO	3	org.l2jmobius.gameserver.model.siege.Siege	Siege of Rune: Sun Apr 20 18:00:00 UTC 2025
2025.04.18 08:48:51,653	INFO	3	org.l2jmobius.gameserver.model.siege.Siege	Siege of Schuttgart: Sun Apr 20 14:00:00 UTC 2025
2025.04.18 08:48:51,672	INFO	3	org.l2jmobius.commons.util.IXmlReader	CastleManorManager: Loaded 258 seeds.
2025.04.18 08:48:51,684	INFO	3	org.l2jmobius.commons.util.IXmlReader	CastleManorManager: Manor data loaded.
2025.04.18 08:48:51,689	INFO	3	org.l2jmobius.gameserver.managers.MercTicketManager	MercTicketManager: Loaded 0 Mercenary Tickets
2025.04.18 08:48:51,689	INFO	3	org.l2jmobius.gameserver.managers.QuestManager	QuestManager: Loaded 342 quests.
2025.04.18 08:48:51,690	INFO	3	org.l2jmobius.gameserver.managers.QuestManager	QuestManager: Loaded 123 scripts.
2025.04.18 08:48:51,696	INFO	3	org.l2jmobius.gameserver.managers.games.MonsterRaceManager	MonsterRace: loaded 175 records, currently on race #176
2025.04.18 08:48:51,806	INFO	3	org.l2jmobius.gameserver.model.sevensigns.SevenSignsFestival	SevenSignsFestival: The first Festival of Darkness cycle begins in 2 minute(s).
2025.04.18 08:48:51,807	INFO	3	org.l2jmobius.gameserver.GameServer	AutoSpawnHandler: Loaded 124 handlers in total.
2025.04.18 08:48:51,809	INFO	3	org.l2jmobius.gameserver.managers.CoupleManager	CoupleManager: Loaded 0 couples(s)
2025.04.18 08:48:51,829	INFO	3	org.l2jmobius.gameserver.taskmanagers.PersistentTaskManager	PersistentTaskManager: Loaded 10 Tasks.
2025.04.18 08:48:51,833	INFO	3	org.l2jmobius.gameserver.managers.PunishmentManager	PunishmentManager: Loaded 0 active and 0 expired punishments.
2025.04.18 08:48:51,835	INFO	3	org.l2jmobius.gameserver.GameServer	IdManager: Free ObjectID's remaining: 1879007079
2025.04.18 08:48:51,839	INFO	3	org.l2jmobius.gameserver.data.sql.OfflineTraderTable	OfflineTraderTable: Loading offline traders...
2025.04.18 08:48:51,840	INFO	3	org.l2jmobius.gameserver.data.sql.OfflineTraderTable	OfflineTraderTable: Loaded 0 offline traders.
2025.04.18 08:48:51,843	INFO	68	org.l2jmobius.commons.util.DeadlockWatcher	DeadlockWatcher: Thread started.
2025.04.18 08:48:56,541	INFO	3	org.l2jmobius.gameserver.GameServer	GameServer: Started, using 1320 of 4096 MB total memory.
2025.04.18 08:48:56,541	INFO	3	org.l2jmobius.gameserver.GameServer	GameServer: Maximum number of connected players is 2000.
2025.04.18 08:48:56,544	INFO	3	org.l2jmobius.gameserver.GameServer	GameServer: Server loaded in 40 seconds.
2025.04.18 08:48:56,574	INFO	70	org.l2jmobius.gameserver.LoginServerThread	LoginServerThread: Connecting to login on 127.0.0.1:9014
2025.04.18 08:48:56,634	INFO	70	org.l2jmobius.gameserver.LoginServerThread	LoginServerThread: Registered on login as Server 2: Sieghardt
2025.04.18 08:49:50,225	WARNING	98	org.l2jmobius.commons.util.IXmlReader	MultisellData: can't find list id: 3175601 requested by player: CraftGnom, npcId:0
2025.04.18 08:49:54,467	WARNING	103	org.l2jmobius.commons.util.IXmlReader	MultisellData: can't find list id: 3175601 requested by player: CraftGnom, npcId:0
2025.04.18 08:52:32,054	WARNING	101	org.l2jmobius.gameserver.model.actor.Creature	Master access level set for character Admin! Just a warning to be careful ;)
2025.04.18 08:57:11,847	INFO	49	org.l2jmobius.gameserver.managers.GlobalVariablesManager	GlobalVariablesManager: Stored 4 variables.
2025.04.18 09:00:00,140	INFO	54	org.l2jmobius.gameserver.managers.DayNightSpawnManager	DayNightSpawnManager: Removed 684 night creatures
2025.04.18 09:00:00,171	INFO	54	org.l2jmobius.gameserver.managers.DayNightSpawnManager	DayNightSpawnManager: Spawned 232 day creatures
