2025.04.18 09:21:29,656	INFO	3	org.l2jmobius.commons.util.IXmlReader	Network Config: ipconfig.xml does not exist, using automatic configuration...
2025.04.18 09:21:29,913	INFO	3	org.l2jmobius.commons.util.IXmlReader	Network Config: Adding new subnet: 172.21.0.0/16 address: 172.21.0.1
2025.04.18 09:21:29,913	INFO	3	org.l2jmobius.commons.util.IXmlReader	Network Config: Adding new subnet: 172.18.0.0/16 address: 172.18.0.1
2025.04.18 09:21:29,914	INFO	3	org.l2jmobius.commons.util.IXmlReader	Network Config: Adding new subnet: 172.22.0.0/16 address: 172.22.0.1
2025.04.18 09:21:29,914	INFO	3	org.l2jmobius.commons.util.IXmlReader	Network Config: Adding new subnet: 172.19.0.0/16 address: 172.19.0.1
2025.04.18 09:21:29,915	INFO	3	org.l2jmobius.commons.util.IXmlReader	Network Config: Adding new subnet: 192.168.0.0/24 address: 192.168.0.2
2025.04.18 09:21:29,915	INFO	3	org.l2jmobius.commons.util.IXmlReader	Network Config: Adding new subnet: 127.0.0.0/8 address: 127.0.0.1
2025.04.18 09:21:29,915	INFO	3	org.l2jmobius.commons.util.IXmlReader	Network Config: Adding new subnet: 0.0.0.0/0 address: 87.61.95.38
2025.04.18 09:21:30,010	INFO	3	org.l2jmobius.Config	Loaded 6 Filter Words.
2025.04.18 09:21:30,012	INFO	3	org.l2jmobius.gameserver.GameServer	------------------------------------------------=[ Database ]
2025.04.18 09:21:30,409	INFO	3	org.l2jmobius.commons.database.DatabaseFactory	Database: HikariCP pool initialized successfully.
2025.04.18 09:21:30,767	INFO	3	org.l2jmobius.commons.database.DatabaseFactory	Database: Initialized with a valid connection.
2025.04.18 09:21:30,789	INFO	3	org.l2jmobius.gameserver.GameServer	----------------------------------------------=[ ThreadPool ]
2025.04.18 09:21:30,791	INFO	3	org.l2jmobius.commons.threads.ThreadPool	ThreadPool: Initialized
2025.04.18 09:21:30,792	INFO	3	org.l2jmobius.commons.threads.ThreadPool	...scheduled pool executor with 4 high priority threads.
2025.04.18 09:21:30,803	INFO	3	org.l2jmobius.commons.threads.ThreadPool	...scheduled pool executor with 16 total threads.
2025.04.18 09:21:30,804	INFO	3	org.l2jmobius.commons.threads.ThreadPool	...instant pool executor with 8 total threads.
2025.04.18 09:21:30,807	INFO	3	org.l2jmobius.gameserver.GameServer	-----------------------------------------------=[ IdManager ]
2025.04.18 09:21:30,868	INFO	3	org.l2jmobius.gameserver.managers.DatabaseIdManager	DatabaseIdManager: Cleaned 0 elements in 0 seconds.
2025.04.18 09:21:30,877	INFO	3	org.l2jmobius.gameserver.managers.DatabaseIdManager	DatabaseIdManager: Updated character online status.
2025.04.18 09:21:30,892	INFO	3	org.l2jmobius.gameserver.managers.DatabaseIdManager	DatabaseIdManager: Cleaned 0 expired timestamps.
2025.04.18 09:21:30,946	INFO	3	org.l2jmobius.gameserver.managers.IdManager	IdManager: 102912 ids available.
2025.04.18 09:21:30,947	INFO	3	org.l2jmobius.gameserver.GameServer	----------------------------------------=[ Scripting Engine ]
2025.04.18 09:21:31,325	INFO	3	org.l2jmobius.gameserver.scripting.ScriptEngineManager	Loaded 381 files to exclude.
2025.04.18 09:21:31,326	INFO	3	org.l2jmobius.gameserver.GameServer	---------------------------------------------------=[ World ]
2025.04.18 09:21:31,340	INFO	3	org.l2jmobius.commons.util.IXmlReader	InstanceManager: Multiverse Instance created.
2025.04.18 09:21:31,341	INFO	3	org.l2jmobius.commons.util.IXmlReader	InstanceManager: Universe Instance created.
2025.04.18 09:21:31,378	INFO	3	org.l2jmobius.commons.util.IXmlReader	InstanceManager: Loaded 2 instance templates.
2025.04.18 09:21:31,746	INFO	3	org.l2jmobius.commons.util.IXmlReader	MapRegionManager: Loaded 42 map regions.
2025.04.18 09:21:31,768	INFO	3	org.l2jmobius.gameserver.managers.GlobalVariablesManager	GlobalVariablesManager: Loaded 4 variables.
2025.04.18 09:21:31,768	INFO	3	org.l2jmobius.gameserver.GameServer	----------------------------------------------------=[ Data ]
2025.04.18 09:21:31,837	INFO	3	org.l2jmobius.gameserver.data.xml.CategoryData	CategoryData: Loaded 160 categories.
2025.04.18 09:21:31,848	INFO	3	org.l2jmobius.gameserver.GameServer	--------------------------------------------------=[ Skills ]
2025.04.18 09:21:34,975	INFO	3	handlers.EffectMasterHandler	EffectMasterHandler: Loaded 144 effect handlers.
2025.04.18 09:21:35,217	INFO	3	org.l2jmobius.gameserver.data.sql.EnchantSkillTreesTable	EnchantSkillTreesTable: Loaded 14520 enchant skills.
2025.04.18 09:21:36,067	INFO	3	org.l2jmobius.commons.util.IXmlReader	SkillTreeData: Loaded 13741 Class Skills for 89 class skill trees.
2025.04.18 09:21:36,068	INFO	3	org.l2jmobius.commons.util.IXmlReader	SkillTreeData: Loaded 117 fishing skills, 8 Dwarven only fishing skills.
2025.04.18 09:21:36,072	INFO	3	org.l2jmobius.commons.util.IXmlReader	SkillTreeData: Loaded 64 clan skills, 64 for clan and 0 residential.
2025.04.18 09:21:36,073	INFO	3	org.l2jmobius.commons.util.IXmlReader	SkillTreeData: Loaded 8 noble skills.
2025.04.18 09:21:36,073	INFO	3	org.l2jmobius.commons.util.IXmlReader	SkillTreeData: Loaded 5 hero skills.
2025.04.18 09:21:36,073	INFO	3	org.l2jmobius.commons.util.IXmlReader	SkillTreeData: Loaded 25 game master skills.
2025.04.18 09:21:36,074	INFO	3	org.l2jmobius.commons.util.IXmlReader	SkillTreeData: Loaded 1 game master aura skills.
2025.04.18 09:21:39,098	INFO	3	org.l2jmobius.gameserver.data.xml.SkillData	SkillData: Loaded 29865 Skill templates from XML files.
2025.04.18 09:21:39,140	INFO	3	org.l2jmobius.gameserver.data.xml.PetSkillData	PetSkillData: Loaded 795 skills.
2025.04.18 09:21:39,141	INFO	3	org.l2jmobius.gameserver.GameServer	---------------------------------------------------=[ Items ]
2025.04.18 09:21:39,662	INFO	3	org.l2jmobius.gameserver.data.xml.ItemData	ItemData: Highest item id used: 50000
2025.04.18 09:21:39,666	INFO	3	org.l2jmobius.gameserver.data.xml.ItemData	ItemData: Loaded 6882 etc items.
2025.04.18 09:21:39,667	INFO	3	org.l2jmobius.gameserver.data.xml.ItemData	ItemData: Loaded 1106 armor items.
2025.04.18 09:21:39,667	INFO	3	org.l2jmobius.gameserver.data.xml.ItemData	ItemData: Loaded 1223 weapon items.
2025.04.18 09:21:39,667	INFO	3	org.l2jmobius.gameserver.data.xml.ItemData	ItemData: Loaded 9211 items in total.
2025.04.18 09:21:39,675	INFO	3	org.l2jmobius.commons.util.IXmlReader	EnchantItemGroupsData: Loaded 4 item group templates.
2025.04.18 09:21:39,675	INFO	3	org.l2jmobius.commons.util.IXmlReader	EnchantItemGroupsData: Loaded 1 scroll group templates.
2025.04.18 09:21:39,675	INFO	3	org.l2jmobius.commons.util.IXmlReader	EnchantItemGroupsData: Max weapon enchant is set to 65536.
2025.04.18 09:21:39,676	INFO	3	org.l2jmobius.commons.util.IXmlReader	EnchantItemGroupsData: Max armor enchant is set to 65536.
2025.04.18 09:21:39,676	INFO	3	org.l2jmobius.commons.util.IXmlReader	EnchantItemGroupsData: Max accessory enchant is set to 65536.
2025.04.18 09:21:39,685	INFO	3	org.l2jmobius.commons.util.IXmlReader	EnchantItemData: Loaded 30 enchant scrolls.
2025.04.18 09:21:40,691	INFO	3	org.l2jmobius.gameserver.data.xml.OptionData	OptionData: Loaded 16380 options.
2025.04.18 09:21:40,705	INFO	3	org.l2jmobius.commons.util.IXmlReader	EnchantItemHPBonusData: Loaded 6 enchant HP bonuses.
2025.04.18 09:21:40,709	INFO	3	org.l2jmobius.gameserver.data.MerchantPriceConfigTable	MerchantPriceConfigTable: Loaded 28 merchant price configs.
2025.04.18 09:21:41,940	WARNING	3	org.l2jmobius.commons.util.IXmlReader	Directory not found: /app/game/data/buylists/custom
2025.04.18 09:21:41,941	INFO	3	org.l2jmobius.gameserver.data.xml.BuyListData	BuyListData: Loaded 616 buyLists.
2025.04.18 09:21:42,435	INFO	3	org.l2jmobius.commons.util.IXmlReader	MultisellData: Loaded 94 multisell lists.
2025.04.18 09:21:42,496	INFO	3	org.l2jmobius.commons.util.IXmlReader	RecipeData: Loaded 871 recipes.
2025.04.18 09:21:42,520	INFO	3	org.l2jmobius.commons.util.IXmlReader	ArmorSetData: Loaded 51 armor sets.
2025.04.18 09:21:42,548	INFO	3	org.l2jmobius.commons.util.IXmlReader	FishData: Loaded 278 fishes.
2025.04.18 09:21:42,554	INFO	3	org.l2jmobius.commons.util.IXmlReader	FishingMonstersData: Loaded 8 fishing monsters.
2025.04.18 09:21:42,559	INFO	3	org.l2jmobius.commons.util.IXmlReader	FishingRodsData: Loaded 6 fishing rods.
2025.04.18 09:21:42,620	INFO	3	org.l2jmobius.commons.util.IXmlReader	HennaData: Loaded 180 henna data.
2025.04.18 09:21:42,621	INFO	3	org.l2jmobius.gameserver.GameServer	----------------------------------------------=[ Characters ]
2025.04.18 09:21:42,628	INFO	3	org.l2jmobius.commons.util.IXmlReader	ClassListData: Loaded 89 class data.
2025.04.18 09:21:42,635	INFO	3	org.l2jmobius.commons.util.IXmlReader	InitialEquipmentData: Loaded 9 initial equipment data.
2025.04.18 09:21:42,643	INFO	3	org.l2jmobius.commons.util.IXmlReader	InitialShortcutData: Loaded 5 initial global shortcut data.
2025.04.18 09:21:42,643	INFO	3	org.l2jmobius.commons.util.IXmlReader	InitialShortcutData: Loaded 4 initial shortcut data.
2025.04.18 09:21:42,643	INFO	3	org.l2jmobius.commons.util.IXmlReader	InitialShortcutData: Loaded 0 macro presets.
2025.04.18 09:21:42,652	INFO	3	org.l2jmobius.gameserver.data.xml.ExperienceData	ExperienceData: Loaded 81 levels.
2025.04.18 09:21:42,653	INFO	3	org.l2jmobius.gameserver.data.xml.ExperienceData	ExperienceData: Max Player Level is 80.
2025.04.18 09:21:42,653	INFO	3	org.l2jmobius.gameserver.data.xml.ExperienceData	ExperienceData: Max Pet Level is 80.
2025.04.18 09:21:42,664	INFO	3	org.l2jmobius.commons.util.IXmlReader	KarmaData: Loaded 80 karma modifiers.
2025.04.18 09:21:42,668	INFO	3	org.l2jmobius.commons.util.IXmlReader	HitConditionBonusData: Loaded hit condition bonuses.
2025.04.18 09:21:43,274	INFO	3	org.l2jmobius.gameserver.data.xml.PlayerTemplateData	PlayerTemplateData: Loaded 89 character templates.
2025.04.18 09:21:43,276	INFO	3	org.l2jmobius.gameserver.data.xml.PlayerTemplateData	PlayerTemplateData: Loaded 42720 level up gain records.
2025.04.18 09:21:43,281	INFO	3	org.l2jmobius.gameserver.data.sql.CharInfoTable	CharInfoTable: Loaded 4 char names.
2025.04.18 09:21:43,292	INFO	3	org.l2jmobius.gameserver.data.xml.AdminData	AdminData: Loaded 10 access levels.
2025.04.18 09:21:43,305	INFO	3	org.l2jmobius.gameserver.data.xml.AdminData	AdminData: Loaded 427 access commands.
2025.04.18 09:21:43,311	INFO	3	org.l2jmobius.gameserver.managers.RaidBossPointsManager	RaidBossPointsManager: Loaded 1 Characters Raid Points.
2025.04.18 09:21:43,503	INFO	3	org.l2jmobius.commons.util.IXmlReader	PetDataTable: Loaded 12 pets.
2025.04.18 09:21:43,512	INFO	3	org.l2jmobius.gameserver.GameServer	---------------------------------------------------=[ Clans ]
2025.04.18 09:21:43,534	INFO	3	org.l2jmobius.gameserver.communitybbs.Manager.ForumsBBSManager	ForumsBBSManager: Loaded 4 forums. Last forum id used: 4
2025.04.18 09:21:43,537	INFO	3	org.l2jmobius.gameserver.data.sql.ClanTable	ClanTable: Restored 0 clans from the database.
2025.04.18 09:21:43,551	INFO	3	org.l2jmobius.gameserver.managers.CHSiegeManager	CHSiegeManager: Loaded 6 conquerable clan halls.
2025.04.18 09:21:43,668	INFO	3	org.l2jmobius.gameserver.managers.ClanHallAuctionManager	ClanHallAuctionManager: Loaded 38 auction(s)
2025.04.18 09:21:43,671	INFO	3	org.l2jmobius.gameserver.data.sql.ClanHallTable	ClanHallTable: Loaded 0 clan halls
2025.04.18 09:21:43,671	INFO	3	org.l2jmobius.gameserver.data.sql.ClanHallTable	ClanHallTable: Loaded 38 free clan halls
2025.04.18 09:21:43,672	INFO	3	org.l2jmobius.gameserver.GameServer	-------------------------------------------------=[ Geodata ]
2025.04.18 09:21:44,969	INFO	3	org.l2jmobius.gameserver.geoengine.GeoEngine	GeoEngine: Loaded 158 regions.
2025.04.18 09:21:44,970	INFO	3	org.l2jmobius.gameserver.GameServer	----------------------------------------------------=[ NPCs ]
2025.04.18 09:21:45,007	INFO	3	org.l2jmobius.gameserver.managers.ZoneManager	ZoneManager 12 by 17 Zone Region Grid set up.
2025.04.18 09:21:48,533	INFO	3	org.l2jmobius.commons.util.IXmlReader	NpcData: Loaded 6519 NPCs.
2025.04.18 09:21:48,586	INFO	3	org.l2jmobius.commons.util.IXmlReader	NpcData: Loaded 19 custom NPCs.
2025.04.18 09:21:48,600	INFO	3	org.l2jmobius.commons.util.IXmlReader	SkillLearnData: Loaded 217 skill learn data.
2025.04.18 09:21:48,606	INFO	3	org.l2jmobius.gameserver.managers.GrandBossManager	GrandBossManager: Gigantic Chaos Golem(25512) status is 0.
2025.04.18 09:21:48,608	INFO	3	org.l2jmobius.gameserver.managers.GrandBossManager	GrandBossManager: Queen Ant(29001) status is 0.
2025.04.18 09:21:48,609	INFO	3	org.l2jmobius.gameserver.managers.GrandBossManager	GrandBossManager: Core(29006) status is 0.
2025.04.18 09:21:48,609	INFO	3	org.l2jmobius.gameserver.managers.GrandBossManager	GrandBossManager: Orfen(29014) status is 1.
2025.04.18 09:21:48,627	INFO	3	org.l2jmobius.gameserver.managers.GrandBossManager	GrandBossManager: Next spawn date of Orfen is Fri Apr 18 21:33:52 UTC 2025.
2025.04.18 09:21:48,627	INFO	3	org.l2jmobius.gameserver.managers.GrandBossManager	GrandBossManager: Antharas(29019) status is 0.
2025.04.18 09:21:48,627	INFO	3	org.l2jmobius.gameserver.managers.GrandBossManager	GrandBossManager: Baium(29020) status is 0.
2025.04.18 09:21:48,628	INFO	3	org.l2jmobius.gameserver.managers.GrandBossManager	GrandBossManager: Zaken(29022) status is 0.
2025.04.18 09:21:48,628	INFO	3	org.l2jmobius.gameserver.managers.GrandBossManager	GrandBossManager: Valakas(29028) status is 0.
2025.04.18 09:21:48,628	INFO	3	org.l2jmobius.gameserver.managers.GrandBossManager	GrandBossManager: Frintezza(29045) status is 0.
2025.04.18 09:21:48,629	INFO	3	org.l2jmobius.gameserver.managers.GrandBossManager	GrandBossManager: Loaded 9 Instances
2025.04.18 09:21:48,771	INFO	3	org.l2jmobius.gameserver.managers.ZoneManager	ZoneManager: Loaded 28 zone classes and 2413 zones.
2025.04.18 09:21:48,781	INFO	3	org.l2jmobius.gameserver.managers.ZoneManager	ZoneManager: Last static id 200224.
2025.04.18 09:21:48,882	INFO	3	org.l2jmobius.commons.util.IXmlReader	DoorData: Loaded 547 doors.
2025.04.18 09:21:48,894	INFO	3	FenceData	FenceData: Loaded 1 fences.
2025.04.18 09:21:48,917	INFO	3	org.l2jmobius.gameserver.data.xml.LevelUpCrystalData	Soul crystal data : Loaded 39
2025.04.18 09:21:48,917	INFO	3	org.l2jmobius.gameserver.data.xml.LevelUpCrystalData	Npc leveling crystal data : Loaded 125
2025.04.18 09:21:48,919	INFO	3	org.l2jmobius.gameserver.data.xml.FakePlayerData	FakePlayerData: Loaded 2 templates.
2025.04.18 09:21:48,926	INFO	3	org.l2jmobius.gameserver.managers.FakePlayerChatManager	FakePlayerChatManager: Loaded 19 chat templates.
2025.04.18 09:21:48,944	INFO	3	org.l2jmobius.gameserver.managers.WalkingManager	WalkingManager: Loaded 14 walking routes.
2025.04.18 09:21:48,958	INFO	3	org.l2jmobius.commons.util.IXmlReader	StaticObjectData: Loaded 29 static object templates.
2025.04.18 09:21:48,995	INFO	3	org.l2jmobius.gameserver.managers.CastleManager	CastleManager: Loaded 9 castles
2025.04.18 09:21:49,009	INFO	3	org.l2jmobius.gameserver.data.SchemeBufferTable	SchemeBufferTable: Loaded 0 players schemes and 60 available buffs.
2025.04.18 09:21:49,011	INFO	3	org.l2jmobius.gameserver.managers.GrandBossManager	GrandBossManager: Initialized 10 Grand Boss Zones
2025.04.18 09:21:49,016	INFO	3	org.l2jmobius.gameserver.GameServer	------------------------------------------------=[ Olympiad ]
2025.04.18 09:21:49,032	INFO	3	org.l2jmobius.gameserver.model.olympiad.Olympiad	Olympiad System: Loading Olympiad System....
2025.04.18 09:21:49,035	INFO	3	org.l2jmobius.gameserver.model.olympiad.Olympiad	Olympiad System: Currently in Olympiad Period
2025.04.18 09:21:49,036	INFO	3	org.l2jmobius.gameserver.model.olympiad.Olympiad	Olympiad System: 18758 minutes until period ends
2025.04.18 09:21:49,037	INFO	3	org.l2jmobius.gameserver.model.olympiad.Olympiad	Olympiad System: Next weekly change is in 6260 minutes
2025.04.18 09:21:49,037	INFO	3	org.l2jmobius.gameserver.model.olympiad.Olympiad	Olympiad System: Loaded 0 Nobles
2025.04.18 09:21:49,044	INFO	3	org.l2jmobius.gameserver.model.olympiad.Olympiad	Olympiad System: Competition Period Starts in 0 days, 8 hours and 39 mins.
2025.04.18 09:21:49,045	INFO	3	org.l2jmobius.gameserver.model.olympiad.Olympiad	Olympiad System: Event starts/started : Fri Apr 18 18:00:49 UTC 2025
2025.04.18 09:21:49,053	INFO	3	org.l2jmobius.gameserver.model.olympiad.Hero	Hero System: Loaded 0 Heroes.
2025.04.18 09:21:49,053	INFO	3	org.l2jmobius.gameserver.model.olympiad.Hero	Hero System: Loaded 0 all time Heroes.
2025.04.18 09:21:49,053	INFO	3	org.l2jmobius.gameserver.GameServer	---------------------------------------------=[ Seven Signs ]
2025.04.18 09:21:49,060	INFO	3	org.l2jmobius.gameserver.model.sevensigns.SevenSigns	SevenSigns: Currently in the Competition (Quest Event) period!
2025.04.18 09:21:49,061	INFO	3	org.l2jmobius.gameserver.model.sevensigns.SevenSigns	SevenSigns: The Seal of Avarice remains unclaimed.
2025.04.18 09:21:49,061	INFO	3	org.l2jmobius.gameserver.model.sevensigns.SevenSigns	SevenSigns: The Seal of Gnosis remains unclaimed.
2025.04.18 09:21:49,061	INFO	3	org.l2jmobius.gameserver.model.sevensigns.SevenSigns	SevenSigns: The Seal of Strife remains unclaimed.
2025.04.18 09:21:49,061	INFO	3	org.l2jmobius.gameserver.model.sevensigns.SevenSigns	SevenSigns: The competition, if the current trend continues, will end in a tie this week.
2025.04.18 09:21:49,062	INFO	3	org.l2jmobius.gameserver.model.sevensigns.SevenSigns	SevenSigns: Next period change set to Mon Apr 21 18:00:49 UTC 2025
2025.04.18 09:21:49,063	INFO	3	org.l2jmobius.gameserver.model.sevensigns.SevenSigns	SevenSigns: Next period begins in 3 days, 8 hours and 38 mins.
2025.04.18 09:21:49,063	INFO	3	org.l2jmobius.gameserver.GameServer	---------------------------------------------------=[ Cache ]
2025.04.18 09:21:49,065	INFO	3	org.l2jmobius.gameserver.cache.HtmCache	Cache[HTML]: Running lazy cache.
2025.04.18 09:21:49,069	INFO	3	org.l2jmobius.gameserver.data.sql.CrestTable	CrestTable: Loaded 0 Crests.
2025.04.18 09:21:49,081	INFO	3	org.l2jmobius.gameserver.data.sql.TeleportLocationTable	TeleportLocationTable: Loaded 704 teleport location templates.
2025.04.18 09:21:49,196	INFO	3	org.l2jmobius.gameserver.data.AugmentationData	AugmentationData: Loaded 22640 augmentations.
2025.04.18 09:21:49,206	INFO	3	org.l2jmobius.gameserver.managers.SellBuffsManager	SellBuffsManager: Loaded 128 allowed buffs.
2025.04.18 09:21:49,207	INFO	3	org.l2jmobius.gameserver.GameServer	-------------------------------------------------=[ Scripts ]
2025.04.18 09:21:49,210	INFO	3	org.l2jmobius.gameserver.GameServer	Loading server scripts...
2025.04.18 09:21:54,811	INFO	3	handlers.MasterHandler	Loading Handlers...
2025.04.18 09:21:55,050	INFO	3	handlers.MasterHandler	ActionHandler: Loaded 10 handlers.
2025.04.18 09:21:55,050	INFO	3	handlers.MasterHandler	ActionShiftHandler: Loaded 6 handlers.
2025.04.18 09:21:55,050	INFO	3	handlers.MasterHandler	AdminCommandHandler: Loaded 438 handlers.
2025.04.18 09:21:55,050	INFO	3	handlers.MasterHandler	BypassHandler: Loaded 38 handlers.
2025.04.18 09:21:55,050	INFO	3	handlers.MasterHandler	ChatHandler: Loaded 14 handlers.
2025.04.18 09:21:55,051	INFO	3	handlers.MasterHandler	CommunityBoardHandler: Loaded 28 handlers.
2025.04.18 09:21:55,051	INFO	3	handlers.MasterHandler	ItemHandler: Loaded 25 handlers.
2025.04.18 09:21:55,051	INFO	3	handlers.MasterHandler	PunishmentHandler: Loaded 3 handlers.
2025.04.18 09:21:55,051	INFO	3	handlers.MasterHandler	UserCommandHandler: Loaded 15 handlers.
2025.04.18 09:21:55,051	INFO	3	handlers.MasterHandler	VoicedCommandHandler: Loaded 23 handlers.
2025.04.18 09:21:55,051	INFO	3	handlers.MasterHandler	TargetHandler: Loaded 34 handlers.
2025.04.18 09:21:55,053	INFO	3	handlers.MasterHandler	Handlers Loaded...
2025.04.18 09:22:02,743	INFO	3	org.l2jmobius.commons.util.IXmlReader	NpcBuffersData: Loaded 10 buffers data.
2025.04.18 09:22:02,860	INFO	3	ai.areas.ImperialTomb.FourSepulchers.FourSepulchers	[Four Sepulchers] Loaded 762 spawn zones data.
2025.04.18 09:22:02,950	CONFIG	3	conquerablehalls.WildBeastReserve.WildBeastReserve	Beast Farm siege scheduled for Tue Apr 29 10:00:00 UTC 2025.
2025.04.18 09:22:02,955	CONFIG	3	conquerablehalls.DevastatedCastle.DevastatedCastle	Devastated Castle siege scheduled for Tue Apr 29 10:00:00 UTC 2025.
2025.04.18 09:22:02,959	CONFIG	3	conquerablehalls.FortressOfResistance.FortressOfResistance	Fortress of Resistance siege scheduled for Tue Apr 29 10:00:00 UTC 2025.
2025.04.18 09:22:02,970	CONFIG	3	conquerablehalls.FortressOfTheDead.FortressOfTheDead	Fortress of the Dead siege scheduled for Tue Apr 29 10:00:00 UTC 2025.
2025.04.18 09:22:02,977	CONFIG	3	conquerablehalls.BanditStronghold.BanditStronghold	Bandit StrongHold siege scheduled for Tue Apr 29 10:00:00 UTC 2025.
2025.04.18 09:22:02,988	CONFIG	3	conquerablehalls.RainbowSpringsChateau.RainbowSpringsChateau	Rainbow Springs siege scheduled for Tue Apr 29 10:00:00 UTC 2025.
2025.04.18 09:22:03,040	INFO	3	org.l2jmobius.gameserver.model.events.AbstractScript	Event Heavy Medal has passed... Ignored 
2025.04.18 09:22:03,044	INFO	3	org.l2jmobius.gameserver.model.events.AbstractScript	Event Christmas has passed... Ignored 
2025.04.18 09:22:03,047	INFO	3	org.l2jmobius.gameserver.model.events.AbstractScript	Event L2 Day has passed... Ignored 
2025.04.18 09:22:03,051	INFO	3	org.l2jmobius.gameserver.data.xml.SpawnData	SpawnData: Initializing spawns...
2025.04.18 09:22:07,331	INFO	3	org.l2jmobius.gameserver.data.xml.SpawnData	SpawnData: 35857 spawns have been initialized!
2025.04.18 09:22:07,334	INFO	3	org.l2jmobius.gameserver.managers.DayNightSpawnManager	DayNightSpawnManager: Removed 0 night creatures
2025.04.18 09:22:07,341	INFO	3	org.l2jmobius.gameserver.managers.DayNightSpawnManager	DayNightSpawnManager: Spawned 232 day creatures
2025.04.18 09:22:07,348	INFO	3	org.l2jmobius.gameserver.managers.DimensionalRiftManager	DimensionalRiftManager: Loaded 7 room types with 56 rooms.
2025.04.18 09:22:07,357	INFO	3	org.l2jmobius.gameserver.managers.DimensionalRiftManager	DimensionalRiftManager: Loaded 462 dimensional rift spawns, 0 errors.
2025.04.18 09:22:07,389	INFO	3	org.l2jmobius.gameserver.managers.RaidBossSpawnManager	RaidBossSpawnManager: Loaded 180 Instances
2025.04.18 09:22:07,389	INFO	3	org.l2jmobius.gameserver.managers.RaidBossSpawnManager	RaidBossSpawnManager: Scheduled 9 Instances
2025.04.18 09:22:07,390	INFO	3	org.l2jmobius.gameserver.GameServer	---------------------------------------------------=[ Siege ]
2025.04.18 09:22:07,403	INFO	3	org.l2jmobius.gameserver.data.xml.SiegeScheduleData	SiegeScheduleData: Loaded 9 siege schedulers.
2025.04.18 09:22:07,403	INFO	3	org.l2jmobius.gameserver.model.siege.Siege	Siege of Gludio: Sun Apr 20 14:00:00 UTC 2025
2025.04.18 09:22:07,406	INFO	3	org.l2jmobius.gameserver.model.siege.Siege	Siege of Dion: Sun Apr 20 18:00:00 UTC 2025
2025.04.18 09:22:07,408	INFO	3	org.l2jmobius.gameserver.model.siege.Siege	Siege of Giran: Sun Apr 20 14:00:00 UTC 2025
2025.04.18 09:22:07,410	INFO	3	org.l2jmobius.gameserver.model.siege.Siege	Siege of Oren: Sun Apr 20 18:00:00 UTC 2025
2025.04.18 09:22:07,411	INFO	3	org.l2jmobius.gameserver.model.siege.Siege	Siege of Aden: Sun Apr 20 14:00:00 UTC 2025
2025.04.18 09:22:07,413	INFO	3	org.l2jmobius.gameserver.model.siege.Siege	Siege of Innadril: Sun Apr 20 18:00:00 UTC 2025
2025.04.18 09:22:07,414	INFO	3	org.l2jmobius.gameserver.model.siege.Siege	Siege of Goddard: Sun Apr 20 14:00:00 UTC 2025
2025.04.18 09:22:07,416	INFO	3	org.l2jmobius.gameserver.model.siege.Siege	Siege of Rune: Sun Apr 20 18:00:00 UTC 2025
2025.04.18 09:22:07,417	INFO	3	org.l2jmobius.gameserver.model.siege.Siege	Siege of Schuttgart: Sun Apr 20 14:00:00 UTC 2025
2025.04.18 09:22:07,442	INFO	3	org.l2jmobius.commons.util.IXmlReader	CastleManorManager: Loaded 258 seeds.
2025.04.18 09:22:07,459	INFO	3	org.l2jmobius.commons.util.IXmlReader	CastleManorManager: Manor data loaded.
2025.04.18 09:22:07,466	INFO	3	org.l2jmobius.gameserver.managers.MercTicketManager	MercTicketManager: Loaded 0 Mercenary Tickets
2025.04.18 09:22:07,466	INFO	3	org.l2jmobius.gameserver.managers.QuestManager	QuestManager: Loaded 342 quests.
2025.04.18 09:22:07,467	INFO	3	org.l2jmobius.gameserver.managers.QuestManager	QuestManager: Loaded 123 scripts.
2025.04.18 09:22:07,475	INFO	3	org.l2jmobius.gameserver.managers.games.MonsterRaceManager	MonsterRace: loaded 175 records, currently on race #176
2025.04.18 09:22:07,618	INFO	3	org.l2jmobius.gameserver.model.sevensigns.SevenSignsFestival	SevenSignsFestival: The first Festival of Darkness cycle begins in 2 minute(s).
2025.04.18 09:22:07,618	INFO	3	org.l2jmobius.gameserver.GameServer	AutoSpawnHandler: Loaded 124 handlers in total.
2025.04.18 09:22:07,621	INFO	3	org.l2jmobius.gameserver.managers.CoupleManager	CoupleManager: Loaded 0 couples(s)
2025.04.18 09:22:07,646	INFO	3	org.l2jmobius.gameserver.taskmanagers.PersistentTaskManager	PersistentTaskManager: Loaded 10 Tasks.
2025.04.18 09:22:07,653	INFO	3	org.l2jmobius.gameserver.managers.PunishmentManager	PunishmentManager: Loaded 0 active and 0 expired punishments.
2025.04.18 09:22:07,655	INFO	3	org.l2jmobius.gameserver.GameServer	IdManager: Free ObjectID's remaining: 1879007559
2025.04.18 09:22:07,660	INFO	3	org.l2jmobius.gameserver.data.sql.OfflineTraderTable	OfflineTraderTable: Loading offline traders...
2025.04.18 09:22:07,664	INFO	3	org.l2jmobius.gameserver.data.sql.OfflineTraderTable	OfflineTraderTable: Loaded 0 offline traders.
2025.04.18 09:22:07,668	INFO	68	org.l2jmobius.commons.util.DeadlockWatcher	DeadlockWatcher: Thread started.
2025.04.18 09:22:11,948	INFO	3	org.l2jmobius.gameserver.GameServer	GameServer: Started, using 1310 of 4096 MB total memory.
2025.04.18 09:22:11,948	INFO	3	org.l2jmobius.gameserver.GameServer	GameServer: Maximum number of connected players is 2000.
2025.04.18 09:22:11,951	INFO	3	org.l2jmobius.gameserver.GameServer	GameServer: Server loaded in 42 seconds.
2025.04.18 09:22:11,976	INFO	70	org.l2jmobius.gameserver.LoginServerThread	LoginServerThread: Connecting to login on 127.0.0.1:9014
2025.04.18 09:22:12,035	INFO	70	org.l2jmobius.gameserver.LoginServerThread	LoginServerThread: Registered on login as Server 2: Sieghardt
2025.04.18 09:22:48,847	WARNING	80	org.l2jmobius.gameserver.model.actor.Creature	Master access level set for character Admin! Just a warning to be careful ;)
2025.04.18 09:30:27,663	INFO	49	org.l2jmobius.gameserver.managers.GlobalVariablesManager	GlobalVariablesManager: Stored 4 variables.
