2025.06.26 22:09:34,033	INFO	3	org.l2jmobius.commons.util.IXmlReader	Network Config: ipconfig.xml does not exist, using automatic configuration...
2025.06.26 22:09:34,287	INFO	3	org.l2jmobius.commons.util.IXmlReader	Network Config: Adding new subnet: 172.24.0.0/16 address: 172.24.0.1
2025.06.26 22:09:34,288	INFO	3	org.l2jmobius.commons.util.IXmlReader	Network Config: Adding new subnet: 172.23.0.0/16 address: 172.23.0.1
2025.06.26 22:09:34,288	INFO	3	org.l2jmobius.commons.util.IXmlReader	Network Config: Adding new subnet: 172.21.0.0/16 address: 172.21.0.1
2025.06.26 22:09:34,289	INFO	3	org.l2jmobius.commons.util.IXmlReader	Network Config: Adding new subnet: 172.18.0.0/16 address: 172.18.0.1
2025.06.26 22:09:34,290	INFO	3	org.l2jmobius.commons.util.IXmlReader	Network Config: Adding new subnet: 172.22.0.0/16 address: 172.22.0.1
2025.06.26 22:09:34,290	INFO	3	org.l2jmobius.commons.util.IXmlReader	Network Config: Adding new subnet: 172.19.0.0/16 address: 172.19.0.1
2025.06.26 22:09:34,291	INFO	3	org.l2jmobius.commons.util.IXmlReader	Network Config: Adding new subnet: 192.168.0.0/24 address: 192.168.0.2
2025.06.26 22:09:34,291	INFO	3	org.l2jmobius.commons.util.IXmlReader	Network Config: Adding new subnet: 127.0.0.0/8 address: 127.0.0.1
2025.06.26 22:09:34,292	INFO	3	org.l2jmobius.commons.util.IXmlReader	Network Config: Adding new subnet: 0.0.0.0/0 address: 87.61.95.38
2025.06.26 22:09:34,367	INFO	3	org.l2jmobius.Config	Loaded 6 Filter Words.
2025.06.26 22:09:34,369	INFO	3	org.l2jmobius.gameserver.GameServer	------------------------------------------------=[ Database ]
2025.06.26 22:09:34,770	INFO	3	org.l2jmobius.commons.database.DatabaseFactory	Database: HikariCP pool initialized successfully.
2025.06.26 22:09:35,119	INFO	3	org.l2jmobius.commons.database.DatabaseFactory	Database: Initialized with a valid connection.
2025.06.26 22:09:35,142	INFO	3	org.l2jmobius.gameserver.GameServer	----------------------------------------------=[ ThreadPool ]
2025.06.26 22:09:35,145	INFO	3	org.l2jmobius.commons.threads.ThreadPool	ThreadPool: Initialized
2025.06.26 22:09:35,145	INFO	3	org.l2jmobius.commons.threads.ThreadPool	...scheduled pool executor with 4 high priority threads.
2025.06.26 22:09:35,153	INFO	3	org.l2jmobius.commons.threads.ThreadPool	...scheduled pool executor with 16 total threads.
2025.06.26 22:09:35,154	INFO	3	org.l2jmobius.commons.threads.ThreadPool	...instant pool executor with 8 total threads.
2025.06.26 22:09:35,157	INFO	3	org.l2jmobius.gameserver.GameServer	-----------------------------------------------=[ IdManager ]
2025.06.26 22:09:35,241	INFO	3	org.l2jmobius.gameserver.managers.DatabaseIdManager	DatabaseIdManager: Cleaned 0 elements in 0 seconds.
2025.06.26 22:09:35,249	INFO	3	org.l2jmobius.gameserver.managers.DatabaseIdManager	DatabaseIdManager: Updated character online status.
2025.06.26 22:09:35,265	INFO	3	org.l2jmobius.gameserver.managers.DatabaseIdManager	DatabaseIdManager: Cleaned 0 expired timestamps.
2025.06.26 22:09:35,325	INFO	3	org.l2jmobius.gameserver.managers.IdManager	IdManager: 463232 ids available.
2025.06.26 22:09:35,325	INFO	3	org.l2jmobius.gameserver.GameServer	----------------------------------------=[ Scripting Engine ]
2025.06.26 22:09:35,725	INFO	3	org.l2jmobius.gameserver.scripting.ScriptEngineManager	Loaded 381 files to exclude.
2025.06.26 22:09:35,725	INFO	3	org.l2jmobius.gameserver.GameServer	---------------------------------------------------=[ World ]
2025.06.26 22:09:35,736	INFO	3	org.l2jmobius.commons.util.IXmlReader	InstanceManager: Multiverse Instance created.
2025.06.26 22:09:35,736	INFO	3	org.l2jmobius.commons.util.IXmlReader	InstanceManager: Universe Instance created.
2025.06.26 22:09:35,772	INFO	3	org.l2jmobius.commons.util.IXmlReader	InstanceManager: Loaded 2 instance templates.
2025.06.26 22:09:36,081	INFO	3	org.l2jmobius.commons.util.IXmlReader	MapRegionManager: Loaded 42 map regions.
2025.06.26 22:09:36,097	INFO	3	org.l2jmobius.gameserver.managers.GlobalVariablesManager	GlobalVariablesManager: Loaded 5 variables.
2025.06.26 22:09:36,097	INFO	3	org.l2jmobius.gameserver.GameServer	----------------------------------------------------=[ Data ]
2025.06.26 22:09:36,163	INFO	3	org.l2jmobius.gameserver.data.xml.CategoryData	CategoryData: Loaded 160 categories.
2025.06.26 22:09:36,174	INFO	3	org.l2jmobius.gameserver.GameServer	--------------------------------------------------=[ Skills ]
2025.06.26 22:09:39,298	INFO	3	handlers.EffectMasterHandler	EffectMasterHandler: Loaded 144 effect handlers.
2025.06.26 22:09:39,594	INFO	3	org.l2jmobius.gameserver.data.sql.EnchantSkillTreesTable	EnchantSkillTreesTable: Loaded 14520 enchant skills.
2025.06.26 22:09:40,655	INFO	3	org.l2jmobius.commons.util.IXmlReader	SkillTreeData: Loaded 13741 Class Skills for 89 class skill trees.
2025.06.26 22:09:40,656	INFO	3	org.l2jmobius.commons.util.IXmlReader	SkillTreeData: Loaded 117 fishing skills, 8 Dwarven only fishing skills.
2025.06.26 22:09:40,661	INFO	3	org.l2jmobius.commons.util.IXmlReader	SkillTreeData: Loaded 64 clan skills, 64 for clan and 0 residential.
2025.06.26 22:09:40,661	INFO	3	org.l2jmobius.commons.util.IXmlReader	SkillTreeData: Loaded 8 noble skills.
2025.06.26 22:09:40,662	INFO	3	org.l2jmobius.commons.util.IXmlReader	SkillTreeData: Loaded 5 hero skills.
2025.06.26 22:09:40,662	INFO	3	org.l2jmobius.commons.util.IXmlReader	SkillTreeData: Loaded 25 game master skills.
2025.06.26 22:09:40,662	INFO	3	org.l2jmobius.commons.util.IXmlReader	SkillTreeData: Loaded 1 game master aura skills.
2025.06.26 22:09:43,958	INFO	3	org.l2jmobius.gameserver.data.xml.SkillData	SkillData: Loaded 29865 Skill templates from XML files.
2025.06.26 22:09:44,003	INFO	3	org.l2jmobius.gameserver.data.xml.PetSkillData	PetSkillData: Loaded 795 skills.
2025.06.26 22:09:44,004	INFO	3	org.l2jmobius.gameserver.GameServer	---------------------------------------------------=[ Items ]
2025.06.26 22:09:44,513	INFO	3	org.l2jmobius.gameserver.data.xml.ItemData	ItemData: Highest item id used: 50000
2025.06.26 22:09:44,517	INFO	3	org.l2jmobius.gameserver.data.xml.ItemData	ItemData: Loaded 6882 etc items.
2025.06.26 22:09:44,517	INFO	3	org.l2jmobius.gameserver.data.xml.ItemData	ItemData: Loaded 1106 armor items.
2025.06.26 22:09:44,518	INFO	3	org.l2jmobius.gameserver.data.xml.ItemData	ItemData: Loaded 1223 weapon items.
2025.06.26 22:09:44,518	INFO	3	org.l2jmobius.gameserver.data.xml.ItemData	ItemData: Loaded 9211 items in total.
2025.06.26 22:09:44,525	INFO	3	org.l2jmobius.commons.util.IXmlReader	EnchantItemGroupsData: Loaded 4 item group templates.
2025.06.26 22:09:44,526	INFO	3	org.l2jmobius.commons.util.IXmlReader	EnchantItemGroupsData: Loaded 1 scroll group templates.
2025.06.26 22:09:44,526	INFO	3	org.l2jmobius.commons.util.IXmlReader	EnchantItemGroupsData: Max weapon enchant is set to 65536.
2025.06.26 22:09:44,527	INFO	3	org.l2jmobius.commons.util.IXmlReader	EnchantItemGroupsData: Max armor enchant is set to 65536.
2025.06.26 22:09:44,527	INFO	3	org.l2jmobius.commons.util.IXmlReader	EnchantItemGroupsData: Max accessory enchant is set to 65536.
2025.06.26 22:09:44,536	INFO	3	org.l2jmobius.commons.util.IXmlReader	EnchantItemData: Loaded 30 enchant scrolls.
2025.06.26 22:09:45,480	INFO	3	org.l2jmobius.gameserver.data.xml.OptionData	OptionData: Loaded 16380 options.
2025.06.26 22:09:45,495	INFO	3	org.l2jmobius.commons.util.IXmlReader	EnchantItemHPBonusData: Loaded 6 enchant HP bonuses.
2025.06.26 22:09:45,498	INFO	3	org.l2jmobius.gameserver.data.MerchantPriceConfigTable	MerchantPriceConfigTable: Loaded 28 merchant price configs.
2025.06.26 22:09:46,749	WARNING	3	org.l2jmobius.commons.util.IXmlReader	Directory not found: /app/server/game/data/buylists/custom
2025.06.26 22:09:46,749	INFO	3	org.l2jmobius.gameserver.data.xml.BuyListData	BuyListData: Loaded 616 buyLists.
2025.06.26 22:09:47,141	INFO	3	org.l2jmobius.commons.util.IXmlReader	MultisellData: Loaded 94 multisell lists.
2025.06.26 22:09:47,203	INFO	3	org.l2jmobius.commons.util.IXmlReader	RecipeData: Loaded 871 recipes.
2025.06.26 22:09:47,225	INFO	3	org.l2jmobius.commons.util.IXmlReader	ArmorSetData: Loaded 51 armor sets.
2025.06.26 22:09:47,249	INFO	3	org.l2jmobius.commons.util.IXmlReader	FishData: Loaded 278 fishes.
2025.06.26 22:09:47,254	INFO	3	org.l2jmobius.commons.util.IXmlReader	FishingMonstersData: Loaded 8 fishing monsters.
2025.06.26 22:09:47,257	INFO	3	org.l2jmobius.commons.util.IXmlReader	FishingRodsData: Loaded 6 fishing rods.
2025.06.26 22:09:47,305	INFO	3	org.l2jmobius.commons.util.IXmlReader	HennaData: Loaded 180 henna data.
2025.06.26 22:09:47,307	INFO	3	org.l2jmobius.gameserver.GameServer	----------------------------------------------=[ Characters ]
2025.06.26 22:09:47,312	INFO	3	org.l2jmobius.commons.util.IXmlReader	ClassListData: Loaded 89 class data.
2025.06.26 22:09:47,318	INFO	3	org.l2jmobius.commons.util.IXmlReader	InitialEquipmentData: Loaded 9 initial equipment data.
2025.06.26 22:09:47,323	INFO	3	org.l2jmobius.commons.util.IXmlReader	InitialShortcutData: Loaded 5 initial global shortcut data.
2025.06.26 22:09:47,324	INFO	3	org.l2jmobius.commons.util.IXmlReader	InitialShortcutData: Loaded 4 initial shortcut data.
2025.06.26 22:09:47,324	INFO	3	org.l2jmobius.commons.util.IXmlReader	InitialShortcutData: Loaded 0 macro presets.
2025.06.26 22:09:47,330	INFO	3	org.l2jmobius.gameserver.data.xml.ExperienceData	ExperienceData: Loaded 81 levels.
2025.06.26 22:09:47,330	INFO	3	org.l2jmobius.gameserver.data.xml.ExperienceData	ExperienceData: Max Player Level is 80.
2025.06.26 22:09:47,330	INFO	3	org.l2jmobius.gameserver.data.xml.ExperienceData	ExperienceData: Max Pet Level is 80.
2025.06.26 22:09:47,338	INFO	3	org.l2jmobius.commons.util.IXmlReader	KarmaData: Loaded 80 karma modifiers.
2025.06.26 22:09:47,341	INFO	3	org.l2jmobius.commons.util.IXmlReader	HitConditionBonusData: Loaded hit condition bonuses.
2025.06.26 22:09:47,955	INFO	3	org.l2jmobius.gameserver.data.xml.PlayerTemplateData	PlayerTemplateData: Loaded 89 character templates.
2025.06.26 22:09:47,955	INFO	3	org.l2jmobius.gameserver.data.xml.PlayerTemplateData	PlayerTemplateData: Loaded 42720 level up gain records.
2025.06.26 22:09:47,961	INFO	3	org.l2jmobius.gameserver.data.sql.CharInfoTable	CharInfoTable: Loaded 8 char names.
2025.06.26 22:09:47,975	INFO	3	org.l2jmobius.gameserver.data.xml.AdminData	AdminData: Loaded 10 access levels.
2025.06.26 22:09:47,986	INFO	3	org.l2jmobius.gameserver.data.xml.AdminData	AdminData: Loaded 427 access commands.
2025.06.26 22:09:47,995	INFO	3	org.l2jmobius.gameserver.managers.RaidBossPointsManager	RaidBossPointsManager: Loaded 0 Characters Raid Points.
2025.06.26 22:09:48,218	INFO	3	org.l2jmobius.commons.util.IXmlReader	PetDataTable: Loaded 12 pets.
2025.06.26 22:09:48,226	INFO	3	org.l2jmobius.gameserver.GameServer	---------------------------------------------------=[ Clans ]
2025.06.26 22:09:48,253	INFO	3	org.l2jmobius.gameserver.communitybbs.Manager.ForumsBBSManager	ForumsBBSManager: Loaded 4 forums. Last forum id used: 4
2025.06.26 22:09:48,255	INFO	3	org.l2jmobius.gameserver.data.sql.ClanTable	ClanTable: Restored 0 clans from the database.
2025.06.26 22:09:48,267	INFO	3	org.l2jmobius.gameserver.managers.CHSiegeManager	CHSiegeManager: Loaded 6 conquerable clan halls.
2025.06.26 22:09:48,411	INFO	3	org.l2jmobius.gameserver.managers.ClanHallAuctionManager	ClanHallAuctionManager: Loaded 38 auction(s)
2025.06.26 22:09:48,415	INFO	3	org.l2jmobius.gameserver.data.sql.ClanHallTable	ClanHallTable: Loaded 0 clan halls
2025.06.26 22:09:48,415	INFO	3	org.l2jmobius.gameserver.data.sql.ClanHallTable	ClanHallTable: Loaded 38 free clan halls
2025.06.26 22:09:48,416	INFO	3	org.l2jmobius.gameserver.GameServer	-------------------------------------------------=[ Geodata ]
2025.06.26 22:09:49,852	INFO	3	org.l2jmobius.gameserver.geoengine.GeoEngine	GeoEngine: Loaded 158 regions.
2025.06.26 22:09:49,852	INFO	3	org.l2jmobius.gameserver.GameServer	----------------------------------------------------=[ NPCs ]
2025.06.26 22:09:49,894	INFO	3	org.l2jmobius.gameserver.managers.ZoneManager	ZoneManager 12 by 17 Zone Region Grid set up.
2025.06.26 22:09:52,707	INFO	3	org.l2jmobius.commons.util.IXmlReader	NpcData: Loaded 6519 NPCs.
2025.06.26 22:09:52,776	INFO	3	org.l2jmobius.commons.util.IXmlReader	NpcData: Loaded 19 custom NPCs.
2025.06.26 22:09:52,789	INFO	3	org.l2jmobius.commons.util.IXmlReader	SkillLearnData: Loaded 217 skill learn data.
2025.06.26 22:09:52,794	INFO	3	org.l2jmobius.gameserver.managers.GrandBossManager	GrandBossManager: Gigantic Chaos Golem(25512) status is 0.
2025.06.26 22:09:52,796	INFO	3	org.l2jmobius.gameserver.managers.GrandBossManager	GrandBossManager: Queen Ant(29001) status is 0.
2025.06.26 22:09:52,797	INFO	3	org.l2jmobius.gameserver.managers.GrandBossManager	GrandBossManager: Core(29006) status is 0.
2025.06.26 22:09:52,797	INFO	3	org.l2jmobius.gameserver.managers.GrandBossManager	GrandBossManager: Orfen(29014) status is 0.
2025.06.26 22:09:52,798	INFO	3	org.l2jmobius.gameserver.managers.GrandBossManager	GrandBossManager: Antharas(29019) status is 0.
2025.06.26 22:09:52,798	INFO	3	org.l2jmobius.gameserver.managers.GrandBossManager	GrandBossManager: Baium(29020) status is 0.
2025.06.26 22:09:52,798	INFO	3	org.l2jmobius.gameserver.managers.GrandBossManager	GrandBossManager: Zaken(29022) status is 0.
2025.06.26 22:09:52,798	INFO	3	org.l2jmobius.gameserver.managers.GrandBossManager	GrandBossManager: Valakas(29028) status is 0.
2025.06.26 22:09:52,799	INFO	3	org.l2jmobius.gameserver.managers.GrandBossManager	GrandBossManager: Frintezza(29045) status is 0.
2025.06.26 22:09:52,799	INFO	3	org.l2jmobius.gameserver.managers.GrandBossManager	GrandBossManager: Loaded 9 Instances
2025.06.26 22:09:52,899	INFO	3	org.l2jmobius.gameserver.managers.ZoneManager	ZoneManager: Loaded 28 zone classes and 2413 zones.
2025.06.26 22:09:52,906	INFO	3	org.l2jmobius.gameserver.managers.ZoneManager	ZoneManager: Last static id 200224.
2025.06.26 22:09:52,992	INFO	3	org.l2jmobius.commons.util.IXmlReader	DoorData: Loaded 547 doors.
2025.06.26 22:09:53,005	INFO	3	FenceData	FenceData: Loaded 1 fences.
2025.06.26 22:09:53,024	INFO	3	org.l2jmobius.gameserver.data.xml.LevelUpCrystalData	Soul crystal data : Loaded 39
2025.06.26 22:09:53,024	INFO	3	org.l2jmobius.gameserver.data.xml.LevelUpCrystalData	Npc leveling crystal data : Loaded 125
2025.06.26 22:09:53,026	INFO	3	org.l2jmobius.gameserver.data.xml.FakePlayerData	FakePlayerData: Loaded 2 templates.
2025.06.26 22:09:53,031	INFO	3	org.l2jmobius.gameserver.managers.FakePlayerChatManager	FakePlayerChatManager: Loaded 19 chat templates.
2025.06.26 22:09:53,043	INFO	3	org.l2jmobius.gameserver.managers.WalkingManager	WalkingManager: Loaded 14 walking routes.
2025.06.26 22:09:53,053	INFO	3	org.l2jmobius.commons.util.IXmlReader	StaticObjectData: Loaded 29 static object templates.
2025.06.26 22:09:53,082	INFO	3	org.l2jmobius.gameserver.managers.CastleManager	CastleManager: Loaded 9 castles
2025.06.26 22:09:53,091	INFO	3	org.l2jmobius.gameserver.data.SchemeBufferTable	SchemeBufferTable: Loaded 0 players schemes and 60 available buffs.
2025.06.26 22:09:53,093	INFO	3	org.l2jmobius.gameserver.managers.GrandBossManager	GrandBossManager: Initialized 10 Grand Boss Zones
2025.06.26 22:09:53,095	INFO	3	org.l2jmobius.gameserver.GameServer	------------------------------------------------=[ Olympiad ]
2025.06.26 22:09:53,105	INFO	3	org.l2jmobius.gameserver.model.olympiad.Olympiad	Olympiad System: Loading Olympiad System....
2025.06.26 22:09:53,106	INFO	3	org.l2jmobius.gameserver.model.olympiad.Olympiad	Olympiad System: Currently in Olympiad Period
2025.06.26 22:09:53,107	INFO	3	org.l2jmobius.gameserver.model.olympiad.Olympiad	Olympiad System: 6590 minutes until period ends
2025.06.26 22:09:53,107	INFO	3	org.l2jmobius.gameserver.model.olympiad.Olympiad	Olympiad System: Next weekly change is in 5150 minutes
2025.06.26 22:09:53,108	INFO	3	org.l2jmobius.gameserver.model.olympiad.Olympiad	Olympiad System: Loaded 0 Nobles
2025.06.26 22:09:53,112	INFO	3	org.l2jmobius.gameserver.model.olympiad.Olympiad	Olympiad System: Competition Period Starts in 0 days, 0 hours and 0 mins.
2025.06.26 22:09:53,127	INFO	3	org.l2jmobius.gameserver.model.olympiad.Olympiad	Olympiad System: Event starts/started : Thu Jun 26 18:00:53 UTC 2025
2025.06.26 22:09:53,133	INFO	3	org.l2jmobius.gameserver.model.olympiad.Hero	Hero System: Loaded 0 Heroes.
2025.06.26 22:09:53,133	INFO	3	org.l2jmobius.gameserver.model.olympiad.Hero	Hero System: Loaded 0 all time Heroes.
2025.06.26 22:09:53,133	INFO	3	org.l2jmobius.gameserver.GameServer	---------------------------------------------=[ Seven Signs ]
2025.06.26 22:09:53,139	INFO	3	org.l2jmobius.gameserver.model.sevensigns.SevenSigns	SevenSigns: Currently in the Competition (Quest Event) period!
2025.06.26 22:09:53,141	INFO	3	org.l2jmobius.gameserver.model.sevensigns.SevenSigns	SevenSigns: The Seal of Avarice remains unclaimed.
2025.06.26 22:09:53,142	INFO	3	org.l2jmobius.gameserver.model.sevensigns.SevenSigns	SevenSigns: The Seal of Gnosis remains unclaimed.
2025.06.26 22:09:53,142	INFO	3	org.l2jmobius.gameserver.model.sevensigns.SevenSigns	SevenSigns: The Seal of Strife remains unclaimed.
2025.06.26 22:09:53,143	INFO	3	org.l2jmobius.gameserver.model.sevensigns.SevenSigns	SevenSigns: The competition, if the current trend continues, will end in a tie this week.
2025.06.26 22:09:53,144	INFO	3	org.l2jmobius.gameserver.model.sevensigns.SevenSigns	SevenSigns: Next period change set to Mon Jun 30 18:00:53 UTC 2025
2025.06.26 22:09:53,146	INFO	3	org.l2jmobius.gameserver.model.sevensigns.SevenSigns	SevenSigns: Next period begins in 3 days, 19 hours and 50 mins.
2025.06.26 22:09:53,148	INFO	3	org.l2jmobius.gameserver.GameServer	---------------------------------------------------=[ Cache ]
2025.06.26 22:09:53,150	INFO	3	org.l2jmobius.gameserver.cache.HtmCache	Cache[HTML]: Running lazy cache.
2025.06.26 22:09:53,153	INFO	3	org.l2jmobius.gameserver.data.sql.CrestTable	CrestTable: Loaded 0 Crests.
2025.06.26 22:09:53,166	INFO	3	org.l2jmobius.gameserver.data.sql.TeleportLocationTable	TeleportLocationTable: Loaded 704 teleport location templates.
2025.06.26 22:09:53,315	INFO	3	org.l2jmobius.gameserver.data.AugmentationData	AugmentationData: Loaded 22640 augmentations.
2025.06.26 22:09:53,342	INFO	3	org.l2jmobius.gameserver.managers.SellBuffsManager	SellBuffsManager: Loaded 128 allowed buffs.
2025.06.26 22:09:53,342	INFO	3	org.l2jmobius.gameserver.GameServer	-------------------------------------------------=[ Scripts ]
2025.06.26 22:09:53,345	INFO	3	org.l2jmobius.gameserver.GameServer	Loading server scripts...
2025.06.26 22:09:53,553	INFO	40	org.l2jmobius.gameserver.model.olympiad.Olympiad	Olympiad System: Olympiad Game Started
2025.06.26 22:09:58,215	INFO	3	handlers.MasterHandler	Loading Handlers...
2025.06.26 22:09:58,340	INFO	3	handlers.MasterHandler	ActionHandler: Loaded 10 handlers.
2025.06.26 22:09:58,340	INFO	3	handlers.MasterHandler	ActionShiftHandler: Loaded 6 handlers.
2025.06.26 22:09:58,340	INFO	3	handlers.MasterHandler	AdminCommandHandler: Loaded 438 handlers.
2025.06.26 22:09:58,341	INFO	3	handlers.MasterHandler	BypassHandler: Loaded 38 handlers.
2025.06.26 22:09:58,341	INFO	3	handlers.MasterHandler	ChatHandler: Loaded 14 handlers.
2025.06.26 22:09:58,341	INFO	3	handlers.MasterHandler	CommunityBoardHandler: Loaded 28 handlers.
2025.06.26 22:09:58,341	INFO	3	handlers.MasterHandler	ItemHandler: Loaded 25 handlers.
2025.06.26 22:09:58,341	INFO	3	handlers.MasterHandler	PunishmentHandler: Loaded 3 handlers.
2025.06.26 22:09:58,341	INFO	3	handlers.MasterHandler	UserCommandHandler: Loaded 15 handlers.
2025.06.26 22:09:58,341	INFO	3	handlers.MasterHandler	VoicedCommandHandler: Loaded 23 handlers.
2025.06.26 22:09:58,341	INFO	3	handlers.MasterHandler	TargetHandler: Loaded 34 handlers.
2025.06.26 22:09:58,342	INFO	3	handlers.MasterHandler	Handlers Loaded...
2025.06.26 22:10:05,040	INFO	3	org.l2jmobius.commons.util.IXmlReader	NpcBuffersData: Loaded 10 buffers data.
2025.06.26 22:10:05,136	INFO	3	ai.areas.ImperialTomb.FourSepulchers.FourSepulchers	[Four Sepulchers] Loaded 762 spawn zones data.
2025.06.26 22:10:05,217	CONFIG	3	conquerablehalls.WildBeastReserve.WildBeastReserve	Beast Farm siege scheduled for Wed Jul 09 12:00:00 UTC 2025.
2025.06.26 22:10:05,222	CONFIG	3	conquerablehalls.DevastatedCastle.DevastatedCastle	Devastated Castle siege scheduled for Wed Jul 09 12:00:00 UTC 2025.
2025.06.26 22:10:05,225	CONFIG	3	conquerablehalls.FortressOfResistance.FortressOfResistance	Fortress of Resistance siege scheduled for Tue Jul 08 12:00:00 UTC 2025.
2025.06.26 22:10:05,236	CONFIG	3	conquerablehalls.FortressOfTheDead.FortressOfTheDead	Fortress of the Dead siege scheduled for Wed Jul 09 12:00:00 UTC 2025.
2025.06.26 22:10:05,241	CONFIG	3	conquerablehalls.BanditStronghold.BanditStronghold	Bandit StrongHold siege scheduled for Wed Jul 09 12:00:00 UTC 2025.
2025.06.26 22:10:05,247	CONFIG	3	conquerablehalls.RainbowSpringsChateau.RainbowSpringsChateau	Rainbow Springs siege scheduled for Wed Jul 09 12:00:00 UTC 2025.
2025.06.26 22:10:05,290	INFO	3	org.l2jmobius.gameserver.model.events.AbstractScript	Event Heavy Medal has passed... Ignored 
2025.06.26 22:10:05,294	INFO	3	org.l2jmobius.gameserver.model.events.AbstractScript	Event Christmas has passed... Ignored 
2025.06.26 22:10:05,297	INFO	3	org.l2jmobius.gameserver.model.events.AbstractScript	Event L2 Day has passed... Ignored 
2025.06.26 22:10:05,301	INFO	3	org.l2jmobius.gameserver.data.xml.SpawnData	SpawnData: Initializing spawns...
2025.06.26 22:10:10,473	INFO	3	org.l2jmobius.gameserver.data.xml.SpawnData	SpawnData: 35857 spawns have been initialized!
2025.06.26 22:10:10,477	INFO	3	org.l2jmobius.gameserver.managers.DayNightSpawnManager	DayNightSpawnManager: Removed 0 night creatures
2025.06.26 22:10:10,484	INFO	3	org.l2jmobius.gameserver.managers.DayNightSpawnManager	DayNightSpawnManager: Spawned 232 day creatures
2025.06.26 22:10:10,493	INFO	3	org.l2jmobius.gameserver.managers.DimensionalRiftManager	DimensionalRiftManager: Loaded 7 room types with 56 rooms.
2025.06.26 22:10:10,500	INFO	3	org.l2jmobius.gameserver.managers.DimensionalRiftManager	DimensionalRiftManager: Loaded 462 dimensional rift spawns, 0 errors.
2025.06.26 22:10:10,538	INFO	3	org.l2jmobius.gameserver.managers.RaidBossSpawnManager	RaidBossSpawnManager: Loaded 189 Instances
2025.06.26 22:10:10,538	INFO	3	org.l2jmobius.gameserver.managers.RaidBossSpawnManager	RaidBossSpawnManager: Scheduled 0 Instances
2025.06.26 22:10:10,539	INFO	3	org.l2jmobius.gameserver.GameServer	---------------------------------------------------=[ Siege ]
2025.06.26 22:10:10,556	INFO	3	org.l2jmobius.gameserver.data.xml.SiegeScheduleData	SiegeScheduleData: Loaded 9 siege schedulers.
2025.06.26 22:10:10,557	INFO	3	org.l2jmobius.gameserver.model.siege.Siege	Siege of Gludio: Sun Jun 29 16:00:00 UTC 2025
2025.06.26 22:10:10,559	INFO	3	org.l2jmobius.gameserver.model.siege.Siege	Siege of Dion: Sun Jun 29 20:00:00 UTC 2025
2025.06.26 22:10:10,561	INFO	3	org.l2jmobius.gameserver.model.siege.Siege	Siege of Giran: Sun Jun 29 16:00:00 UTC 2025
2025.06.26 22:10:10,562	INFO	3	org.l2jmobius.gameserver.model.siege.Siege	Siege of Oren: Sun Jun 29 20:00:00 UTC 2025
2025.06.26 22:10:10,564	INFO	3	org.l2jmobius.gameserver.model.siege.Siege	Siege of Aden: Sun Jun 29 16:00:00 UTC 2025
2025.06.26 22:10:10,566	INFO	3	org.l2jmobius.gameserver.model.siege.Siege	Siege of Innadril: Sun Jun 29 20:00:00 UTC 2025
2025.06.26 22:10:10,568	INFO	3	org.l2jmobius.gameserver.model.siege.Siege	Siege of Goddard: Sun Jun 29 16:00:00 UTC 2025
2025.06.26 22:10:10,569	INFO	3	org.l2jmobius.gameserver.model.siege.Siege	Siege of Rune: Sun Jun 29 20:00:00 UTC 2025
2025.06.26 22:10:10,571	INFO	3	org.l2jmobius.gameserver.model.siege.Siege	Siege of Schuttgart: Sun Jun 29 16:00:00 UTC 2025
2025.06.26 22:10:10,590	INFO	3	org.l2jmobius.commons.util.IXmlReader	CastleManorManager: Loaded 258 seeds.
2025.06.26 22:10:10,601	INFO	3	org.l2jmobius.commons.util.IXmlReader	CastleManorManager: Manor data loaded.
2025.06.26 22:10:10,605	INFO	3	org.l2jmobius.gameserver.managers.MercTicketManager	MercTicketManager: Loaded 0 Mercenary Tickets
2025.06.26 22:10:10,606	INFO	3	org.l2jmobius.gameserver.managers.QuestManager	QuestManager: Loaded 342 quests.
2025.06.26 22:10:10,606	INFO	3	org.l2jmobius.gameserver.managers.QuestManager	QuestManager: Loaded 123 scripts.
2025.06.26 22:10:10,627	INFO	3	org.l2jmobius.gameserver.managers.games.MonsterRaceManager	MonsterRace: loaded 5035 records, currently on race #5036
2025.06.26 22:10:10,716	INFO	3	org.l2jmobius.gameserver.model.sevensigns.SevenSignsFestival	SevenSignsFestival: The first Festival of Darkness cycle begins in 2 minute(s).
2025.06.26 22:10:10,717	INFO	3	org.l2jmobius.gameserver.GameServer	AutoSpawnHandler: Loaded 124 handlers in total.
2025.06.26 22:10:10,719	INFO	3	org.l2jmobius.gameserver.managers.CoupleManager	CoupleManager: Loaded 0 couples(s)
2025.06.26 22:10:10,736	INFO	3	org.l2jmobius.gameserver.taskmanagers.PersistentTaskManager	PersistentTaskManager: Loaded 10 Tasks.
2025.06.26 22:10:10,740	INFO	3	org.l2jmobius.gameserver.managers.PunishmentManager	PunishmentManager: Loaded 0 active and 0 expired punishments.
2025.06.26 22:10:10,741	INFO	3	org.l2jmobius.gameserver.GameServer	IdManager: Free ObjectID's remaining: 1879006968
2025.06.26 22:10:10,744	INFO	3	org.l2jmobius.gameserver.data.sql.OfflineTraderTable	OfflineTraderTable: Loading offline traders...
2025.06.26 22:10:10,745	INFO	3	org.l2jmobius.gameserver.data.sql.OfflineTraderTable	OfflineTraderTable: Loaded 0 offline traders.
2025.06.26 22:10:10,748	INFO	69	org.l2jmobius.commons.util.DeadlockWatcher	DeadlockWatcher: Thread started.
2025.06.26 22:10:16,285	INFO	3	org.l2jmobius.gameserver.GameServer	GameServer: Started, using 1316 of 4096 MB total memory.
2025.06.26 22:10:16,286	INFO	3	org.l2jmobius.gameserver.GameServer	GameServer: Maximum number of connected players is 2000.
2025.06.26 22:10:16,288	INFO	3	org.l2jmobius.gameserver.GameServer	GameServer: Server loaded in 42 seconds.
2025.06.26 22:10:16,313	INFO	71	org.l2jmobius.gameserver.LoginServerThread	LoginServerThread: Connecting to login on 127.0.0.1:9014
2025.06.26 22:10:16,370	INFO	71	org.l2jmobius.gameserver.LoginServerThread	LoginServerThread: Registered on login as Server 2: Sieghardt
