2025.04.17 17:44:57,783	INFO	3	org.l2jmobius.commons.util.IXmlReader	Network Config: ipconfig.xml does not exist, using automatic configuration...
2025.04.17 17:44:58,109	INFO	3	org.l2jmobius.commons.util.IXmlReader	Network Config: Adding new subnet: 172.21.0.0/16 address: 172.21.0.1
2025.04.17 17:44:58,110	INFO	3	org.l2jmobius.commons.util.IXmlReader	Network Config: Adding new subnet: 172.18.0.0/16 address: 172.18.0.1
2025.04.17 17:44:58,110	INFO	3	org.l2jmobius.commons.util.IXmlReader	Network Config: Adding new subnet: 172.22.0.0/16 address: 172.22.0.1
2025.04.17 17:44:58,111	INFO	3	org.l2jmobius.commons.util.IXmlReader	Network Config: Adding new subnet: 172.19.0.0/16 address: 172.19.0.1
2025.04.17 17:44:58,112	INFO	3	org.l2jmobius.commons.util.IXmlReader	Network Config: Adding new subnet: 192.168.0.0/24 address: 192.168.0.2
2025.04.17 17:44:58,112	INFO	3	org.l2jmobius.commons.util.IXmlReader	Network Config: Adding new subnet: 127.0.0.0/8 address: 127.0.0.1
2025.04.17 17:44:58,113	INFO	3	org.l2jmobius.commons.util.IXmlReader	Network Config: Adding new subnet: 0.0.0.0/0 address: 87.61.95.38
2025.04.17 17:44:58,204	INFO	3	org.l2jmobius.Config	Loaded 6 Filter Words.
2025.04.17 17:44:58,206	INFO	3	org.l2jmobius.gameserver.GameServer	------------------------------------------------=[ Database ]
2025.04.17 17:44:58,596	INFO	3	org.l2jmobius.commons.database.DatabaseFactory	Database: HikariCP pool initialized successfully.
2025.04.17 17:44:58,931	INFO	3	org.l2jmobius.commons.database.DatabaseFactory	Database: Initialized with a valid connection.
2025.04.17 17:44:58,950	INFO	3	org.l2jmobius.gameserver.GameServer	----------------------------------------------=[ ThreadPool ]
2025.04.17 17:44:58,953	INFO	3	org.l2jmobius.commons.threads.ThreadPool	ThreadPool: Initialized
2025.04.17 17:44:58,954	INFO	3	org.l2jmobius.commons.threads.ThreadPool	...scheduled pool executor with 4 high priority threads.
2025.04.17 17:44:58,962	INFO	3	org.l2jmobius.commons.threads.ThreadPool	...scheduled pool executor with 16 total threads.
2025.04.17 17:44:58,963	INFO	3	org.l2jmobius.commons.threads.ThreadPool	...instant pool executor with 8 total threads.
2025.04.17 17:44:58,966	INFO	3	org.l2jmobius.gameserver.GameServer	-----------------------------------------------=[ IdManager ]
2025.04.17 17:44:59,026	INFO	3	org.l2jmobius.gameserver.managers.DatabaseIdManager	DatabaseIdManager: Cleaned 0 elements in 0 seconds.
2025.04.17 17:44:59,033	INFO	3	org.l2jmobius.gameserver.managers.DatabaseIdManager	DatabaseIdManager: Updated character online status.
2025.04.17 17:44:59,049	INFO	3	org.l2jmobius.gameserver.managers.DatabaseIdManager	DatabaseIdManager: Cleaned 0 expired timestamps.
2025.04.17 17:44:59,100	INFO	3	org.l2jmobius.gameserver.managers.IdManager	IdManager: 102912 ids available.
2025.04.17 17:44:59,100	INFO	3	org.l2jmobius.gameserver.GameServer	----------------------------------------=[ Scripting Engine ]
2025.04.17 17:44:59,482	INFO	3	org.l2jmobius.gameserver.scripting.ScriptEngineManager	Loaded 381 files to exclude.
2025.04.17 17:44:59,483	INFO	3	org.l2jmobius.gameserver.GameServer	---------------------------------------------------=[ World ]
2025.04.17 17:44:59,497	INFO	3	org.l2jmobius.commons.util.IXmlReader	InstanceManager: Multiverse Instance created.
2025.04.17 17:44:59,497	INFO	3	org.l2jmobius.commons.util.IXmlReader	InstanceManager: Universe Instance created.
2025.04.17 17:44:59,528	INFO	3	org.l2jmobius.commons.util.IXmlReader	InstanceManager: Loaded 2 instance templates.
2025.04.17 17:44:59,833	INFO	3	org.l2jmobius.commons.util.IXmlReader	MapRegionManager: Loaded 42 map regions.
2025.04.17 17:44:59,849	INFO	3	org.l2jmobius.gameserver.managers.GlobalVariablesManager	GlobalVariablesManager: Loaded 4 variables.
2025.04.17 17:44:59,850	INFO	3	org.l2jmobius.gameserver.GameServer	----------------------------------------------------=[ Data ]
2025.04.17 17:44:59,912	INFO	3	org.l2jmobius.gameserver.data.xml.CategoryData	CategoryData: Loaded 160 categories.
2025.04.17 17:44:59,924	INFO	3	org.l2jmobius.gameserver.GameServer	--------------------------------------------------=[ Skills ]
2025.04.17 17:45:03,090	INFO	3	handlers.EffectMasterHandler	EffectMasterHandler: Loaded 144 effect handlers.
2025.04.17 17:45:03,286	INFO	3	org.l2jmobius.gameserver.data.sql.EnchantSkillTreesTable	EnchantSkillTreesTable: Loaded 14520 enchant skills.
2025.04.17 17:45:04,307	INFO	3	org.l2jmobius.commons.util.IXmlReader	SkillTreeData: Loaded 13741 Class Skills for 89 class skill trees.
2025.04.17 17:45:04,308	INFO	3	org.l2jmobius.commons.util.IXmlReader	SkillTreeData: Loaded 117 fishing skills, 8 Dwarven only fishing skills.
2025.04.17 17:45:04,313	INFO	3	org.l2jmobius.commons.util.IXmlReader	SkillTreeData: Loaded 64 clan skills, 64 for clan and 0 residential.
2025.04.17 17:45:04,313	INFO	3	org.l2jmobius.commons.util.IXmlReader	SkillTreeData: Loaded 8 noble skills.
2025.04.17 17:45:04,314	INFO	3	org.l2jmobius.commons.util.IXmlReader	SkillTreeData: Loaded 5 hero skills.
2025.04.17 17:45:04,314	INFO	3	org.l2jmobius.commons.util.IXmlReader	SkillTreeData: Loaded 25 game master skills.
2025.04.17 17:45:04,315	INFO	3	org.l2jmobius.commons.util.IXmlReader	SkillTreeData: Loaded 1 game master aura skills.
2025.04.17 17:45:07,359	INFO	3	org.l2jmobius.gameserver.data.xml.SkillData	SkillData: Loaded 29865 Skill templates from XML files.
2025.04.17 17:45:07,409	INFO	3	org.l2jmobius.gameserver.data.xml.PetSkillData	PetSkillData: Loaded 795 skills.
2025.04.17 17:45:07,409	INFO	3	org.l2jmobius.gameserver.GameServer	---------------------------------------------------=[ Items ]
2025.04.17 17:45:07,939	INFO	3	org.l2jmobius.gameserver.data.xml.ItemData	ItemData: Highest item id used: 50000
2025.04.17 17:45:07,943	INFO	3	org.l2jmobius.gameserver.data.xml.ItemData	ItemData: Loaded 6882 etc items.
2025.04.17 17:45:07,943	INFO	3	org.l2jmobius.gameserver.data.xml.ItemData	ItemData: Loaded 1106 armor items.
2025.04.17 17:45:07,943	INFO	3	org.l2jmobius.gameserver.data.xml.ItemData	ItemData: Loaded 1223 weapon items.
2025.04.17 17:45:07,944	INFO	3	org.l2jmobius.gameserver.data.xml.ItemData	ItemData: Loaded 9211 items in total.
2025.04.17 17:45:07,953	INFO	3	org.l2jmobius.commons.util.IXmlReader	EnchantItemGroupsData: Loaded 4 item group templates.
2025.04.17 17:45:07,954	INFO	3	org.l2jmobius.commons.util.IXmlReader	EnchantItemGroupsData: Loaded 1 scroll group templates.
2025.04.17 17:45:07,954	INFO	3	org.l2jmobius.commons.util.IXmlReader	EnchantItemGroupsData: Max weapon enchant is set to 65536.
2025.04.17 17:45:07,954	INFO	3	org.l2jmobius.commons.util.IXmlReader	EnchantItemGroupsData: Max armor enchant is set to 65536.
2025.04.17 17:45:07,955	INFO	3	org.l2jmobius.commons.util.IXmlReader	EnchantItemGroupsData: Max accessory enchant is set to 65536.
2025.04.17 17:45:07,964	INFO	3	org.l2jmobius.commons.util.IXmlReader	EnchantItemData: Loaded 30 enchant scrolls.
2025.04.17 17:45:08,906	INFO	3	org.l2jmobius.gameserver.data.xml.OptionData	OptionData: Loaded 16380 options.
2025.04.17 17:45:08,920	INFO	3	org.l2jmobius.commons.util.IXmlReader	EnchantItemHPBonusData: Loaded 6 enchant HP bonuses.
2025.04.17 17:45:08,925	INFO	3	org.l2jmobius.gameserver.data.MerchantPriceConfigTable	MerchantPriceConfigTable: Loaded 28 merchant price configs.
2025.04.17 17:45:10,127	WARNING	3	org.l2jmobius.commons.util.IXmlReader	Directory not found: /app/game/data/buylists/custom
2025.04.17 17:45:10,127	INFO	3	org.l2jmobius.gameserver.data.xml.BuyListData	BuyListData: Loaded 616 buyLists.
2025.04.17 17:45:10,507	INFO	3	org.l2jmobius.commons.util.IXmlReader	MultisellData: Loaded 93 multisell lists.
2025.04.17 17:45:10,571	INFO	3	org.l2jmobius.commons.util.IXmlReader	RecipeData: Loaded 871 recipes.
2025.04.17 17:45:10,592	INFO	3	org.l2jmobius.commons.util.IXmlReader	ArmorSetData: Loaded 51 armor sets.
2025.04.17 17:45:10,618	INFO	3	org.l2jmobius.commons.util.IXmlReader	FishData: Loaded 278 fishes.
2025.04.17 17:45:10,622	INFO	3	org.l2jmobius.commons.util.IXmlReader	FishingMonstersData: Loaded 8 fishing monsters.
2025.04.17 17:45:10,626	INFO	3	org.l2jmobius.commons.util.IXmlReader	FishingRodsData: Loaded 6 fishing rods.
2025.04.17 17:45:10,676	INFO	3	org.l2jmobius.commons.util.IXmlReader	HennaData: Loaded 180 henna data.
2025.04.17 17:45:10,678	INFO	3	org.l2jmobius.gameserver.GameServer	----------------------------------------------=[ Characters ]
2025.04.17 17:45:10,683	INFO	3	org.l2jmobius.commons.util.IXmlReader	ClassListData: Loaded 89 class data.
2025.04.17 17:45:10,688	INFO	3	org.l2jmobius.commons.util.IXmlReader	InitialEquipmentData: Loaded 9 initial equipment data.
2025.04.17 17:45:10,693	INFO	3	org.l2jmobius.commons.util.IXmlReader	InitialShortcutData: Loaded 5 initial global shortcut data.
2025.04.17 17:45:10,693	INFO	3	org.l2jmobius.commons.util.IXmlReader	InitialShortcutData: Loaded 4 initial shortcut data.
2025.04.17 17:45:10,693	INFO	3	org.l2jmobius.commons.util.IXmlReader	InitialShortcutData: Loaded 0 macro presets.
2025.04.17 17:45:10,700	INFO	3	org.l2jmobius.gameserver.data.xml.ExperienceData	ExperienceData: Loaded 81 levels.
2025.04.17 17:45:10,700	INFO	3	org.l2jmobius.gameserver.data.xml.ExperienceData	ExperienceData: Max Player Level is 80.
2025.04.17 17:45:10,701	INFO	3	org.l2jmobius.gameserver.data.xml.ExperienceData	ExperienceData: Max Pet Level is 80.
2025.04.17 17:45:10,711	INFO	3	org.l2jmobius.commons.util.IXmlReader	KarmaData: Loaded 80 karma modifiers.
2025.04.17 17:45:10,714	INFO	3	org.l2jmobius.commons.util.IXmlReader	HitConditionBonusData: Loaded hit condition bonuses.
2025.04.17 17:45:11,367	INFO	3	org.l2jmobius.gameserver.data.xml.PlayerTemplateData	PlayerTemplateData: Loaded 89 character templates.
2025.04.17 17:45:11,368	INFO	3	org.l2jmobius.gameserver.data.xml.PlayerTemplateData	PlayerTemplateData: Loaded 42720 level up gain records.
2025.04.17 17:45:11,373	INFO	3	org.l2jmobius.gameserver.data.sql.CharInfoTable	CharInfoTable: Loaded 3 char names.
2025.04.17 17:45:11,384	INFO	3	org.l2jmobius.gameserver.data.xml.AdminData	AdminData: Loaded 10 access levels.
2025.04.17 17:45:11,395	INFO	3	org.l2jmobius.gameserver.data.xml.AdminData	AdminData: Loaded 427 access commands.
2025.04.17 17:45:11,401	INFO	3	org.l2jmobius.gameserver.managers.RaidBossPointsManager	RaidBossPointsManager: Loaded 1 Characters Raid Points.
2025.04.17 17:45:11,571	INFO	3	org.l2jmobius.commons.util.IXmlReader	PetDataTable: Loaded 12 pets.
2025.04.17 17:45:11,579	INFO	3	org.l2jmobius.gameserver.GameServer	---------------------------------------------------=[ Clans ]
2025.04.17 17:45:11,605	INFO	3	org.l2jmobius.gameserver.communitybbs.Manager.ForumsBBSManager	ForumsBBSManager: Loaded 4 forums. Last forum id used: 4
2025.04.17 17:45:11,606	INFO	3	org.l2jmobius.gameserver.data.sql.ClanTable	ClanTable: Restored 0 clans from the database.
2025.04.17 17:45:11,618	INFO	3	org.l2jmobius.gameserver.managers.CHSiegeManager	CHSiegeManager: Loaded 6 conquerable clan halls.
2025.04.17 17:45:11,745	INFO	3	org.l2jmobius.gameserver.managers.ClanHallAuctionManager	ClanHallAuctionManager: Loaded 38 auction(s)
2025.04.17 17:45:11,748	INFO	3	org.l2jmobius.gameserver.data.sql.ClanHallTable	ClanHallTable: Loaded 0 clan halls
2025.04.17 17:45:11,748	INFO	3	org.l2jmobius.gameserver.data.sql.ClanHallTable	ClanHallTable: Loaded 38 free clan halls
2025.04.17 17:45:11,749	INFO	3	org.l2jmobius.gameserver.GameServer	-------------------------------------------------=[ Geodata ]
2025.04.17 17:45:11,764	INFO	3	org.l2jmobius.gameserver.geoengine.GeoEngine	GeoEngine: Loaded 0 regions.
2025.04.17 17:45:11,765	INFO	3	org.l2jmobius.gameserver.geoengine.GeoEngine	GeoEngine: Pathfinding is disabled.
2025.04.17 17:45:11,765	INFO	3	org.l2jmobius.gameserver.GameServer	----------------------------------------------------=[ NPCs ]
2025.04.17 17:45:11,823	INFO	3	org.l2jmobius.gameserver.managers.ZoneManager	ZoneManager 12 by 17 Zone Region Grid set up.
2025.04.17 17:45:14,530	INFO	3	org.l2jmobius.commons.util.IXmlReader	NpcData: Loaded 6519 NPCs.
2025.04.17 17:45:14,571	INFO	3	org.l2jmobius.commons.util.IXmlReader	NpcData: Loaded 19 custom NPCs.
2025.04.17 17:45:14,578	INFO	3	org.l2jmobius.commons.util.IXmlReader	SkillLearnData: Loaded 217 skill learn data.
2025.04.17 17:45:14,584	INFO	3	org.l2jmobius.gameserver.managers.GrandBossManager	GrandBossManager: Gigantic Chaos Golem(25512) status is 0.
2025.04.17 17:45:14,586	INFO	3	org.l2jmobius.gameserver.managers.GrandBossManager	GrandBossManager: Queen Ant(29001) status is 1.
2025.04.17 17:45:14,601	INFO	3	org.l2jmobius.gameserver.managers.GrandBossManager	GrandBossManager: Next spawn date of Queen Ant is Thu Apr 17 20:38:29 UTC 2025.
2025.04.17 17:45:14,601	INFO	3	org.l2jmobius.gameserver.managers.GrandBossManager	GrandBossManager: Core(29006) status is 0.
2025.04.17 17:45:14,601	INFO	3	org.l2jmobius.gameserver.managers.GrandBossManager	GrandBossManager: Orfen(29014) status is 1.
2025.04.17 17:45:14,602	INFO	3	org.l2jmobius.gameserver.managers.GrandBossManager	GrandBossManager: Next spawn date of Orfen is Fri Apr 18 21:33:52 UTC 2025.
2025.04.17 17:45:14,602	INFO	3	org.l2jmobius.gameserver.managers.GrandBossManager	GrandBossManager: Antharas(29019) status is 0.
2025.04.17 17:45:14,602	INFO	3	org.l2jmobius.gameserver.managers.GrandBossManager	GrandBossManager: Baium(29020) status is 0.
2025.04.17 17:45:14,603	INFO	3	org.l2jmobius.gameserver.managers.GrandBossManager	GrandBossManager: Zaken(29022) status is 0.
2025.04.17 17:45:14,603	INFO	3	org.l2jmobius.gameserver.managers.GrandBossManager	GrandBossManager: Valakas(29028) status is 0.
2025.04.17 17:45:14,603	INFO	3	org.l2jmobius.gameserver.managers.GrandBossManager	GrandBossManager: Frintezza(29045) status is 0.
2025.04.17 17:45:14,603	INFO	3	org.l2jmobius.gameserver.managers.GrandBossManager	GrandBossManager: Loaded 9 Instances
2025.04.17 17:45:14,682	INFO	3	org.l2jmobius.gameserver.managers.ZoneManager	ZoneManager: Loaded 28 zone classes and 2413 zones.
2025.04.17 17:45:14,686	INFO	3	org.l2jmobius.gameserver.managers.ZoneManager	ZoneManager: Last static id 200224.
2025.04.17 17:45:14,745	INFO	3	org.l2jmobius.commons.util.IXmlReader	DoorData: Loaded 547 doors.
2025.04.17 17:45:14,753	INFO	3	FenceData	FenceData: Loaded 1 fences.
2025.04.17 17:45:14,769	INFO	3	org.l2jmobius.gameserver.data.xml.LevelUpCrystalData	Soul crystal data : Loaded 39
2025.04.17 17:45:14,769	INFO	3	org.l2jmobius.gameserver.data.xml.LevelUpCrystalData	Npc leveling crystal data : Loaded 125
2025.04.17 17:45:14,772	INFO	3	org.l2jmobius.gameserver.data.xml.FakePlayerData	FakePlayerData: Loaded 2 templates.
2025.04.17 17:45:14,776	INFO	3	org.l2jmobius.gameserver.managers.FakePlayerChatManager	FakePlayerChatManager: Loaded 19 chat templates.
2025.04.17 17:45:14,788	INFO	3	org.l2jmobius.gameserver.managers.WalkingManager	WalkingManager: Loaded 14 walking routes.
2025.04.17 17:45:14,796	INFO	3	org.l2jmobius.commons.util.IXmlReader	StaticObjectData: Loaded 29 static object templates.
2025.04.17 17:45:14,818	INFO	3	org.l2jmobius.gameserver.managers.CastleManager	CastleManager: Loaded 9 castles
2025.04.17 17:45:14,826	INFO	3	org.l2jmobius.gameserver.data.SchemeBufferTable	SchemeBufferTable: Loaded 0 players schemes and 60 available buffs.
2025.04.17 17:45:14,828	INFO	3	org.l2jmobius.gameserver.managers.GrandBossManager	GrandBossManager: Initialized 10 Grand Boss Zones
2025.04.17 17:45:14,830	INFO	3	org.l2jmobius.gameserver.GameServer	------------------------------------------------=[ Olympiad ]
2025.04.17 17:45:14,840	INFO	3	org.l2jmobius.gameserver.model.olympiad.Olympiad	Olympiad System: Loading Olympiad System....
2025.04.17 17:45:14,840	INFO	3	org.l2jmobius.gameserver.model.olympiad.Olympiad	Olympiad System: Currently in Olympiad Period
2025.04.17 17:45:14,840	INFO	3	org.l2jmobius.gameserver.model.olympiad.Olympiad	Olympiad System: 19694 minutes until period ends
2025.04.17 17:45:14,841	INFO	3	org.l2jmobius.gameserver.model.olympiad.Olympiad	Olympiad System: Next weekly change is in 7197 minutes
2025.04.17 17:45:14,841	INFO	3	org.l2jmobius.gameserver.model.olympiad.Olympiad	Olympiad System: Loaded 0 Nobles
2025.04.17 17:45:14,845	INFO	3	org.l2jmobius.gameserver.model.olympiad.Olympiad	Olympiad System: Competition Period Starts in 0 days, 0 hours and 15 mins.
2025.04.17 17:45:14,846	INFO	3	org.l2jmobius.gameserver.model.olympiad.Olympiad	Olympiad System: Event starts/started : Thu Apr 17 18:00:14 UTC 2025
2025.04.17 17:45:14,853	INFO	3	org.l2jmobius.gameserver.model.olympiad.Hero	Hero System: Loaded 0 Heroes.
2025.04.17 17:45:14,853	INFO	3	org.l2jmobius.gameserver.model.olympiad.Hero	Hero System: Loaded 0 all time Heroes.
2025.04.17 17:45:14,853	INFO	3	org.l2jmobius.gameserver.GameServer	---------------------------------------------=[ Seven Signs ]
2025.04.17 17:45:14,859	INFO	3	org.l2jmobius.gameserver.model.sevensigns.SevenSigns	SevenSigns: Currently in the Competition (Quest Event) period!
2025.04.17 17:45:14,859	INFO	3	org.l2jmobius.gameserver.model.sevensigns.SevenSigns	SevenSigns: The Seal of Avarice remains unclaimed.
2025.04.17 17:45:14,859	INFO	3	org.l2jmobius.gameserver.model.sevensigns.SevenSigns	SevenSigns: The Seal of Gnosis remains unclaimed.
2025.04.17 17:45:14,860	INFO	3	org.l2jmobius.gameserver.model.sevensigns.SevenSigns	SevenSigns: The Seal of Strife remains unclaimed.
2025.04.17 17:45:14,860	INFO	3	org.l2jmobius.gameserver.model.sevensigns.SevenSigns	SevenSigns: The competition, if the current trend continues, will end in a tie this week.
2025.04.17 17:45:14,860	INFO	3	org.l2jmobius.gameserver.model.sevensigns.SevenSigns	SevenSigns: Next period change set to Mon Apr 21 18:00:14 UTC 2025
2025.04.17 17:45:14,861	INFO	3	org.l2jmobius.gameserver.model.sevensigns.SevenSigns	SevenSigns: Next period begins in 4 days, 0 hours and 14 mins.
2025.04.17 17:45:14,862	INFO	3	org.l2jmobius.gameserver.GameServer	---------------------------------------------------=[ Cache ]
2025.04.17 17:45:14,863	INFO	3	org.l2jmobius.gameserver.cache.HtmCache	Cache[HTML]: Running lazy cache.
2025.04.17 17:45:14,867	INFO	3	org.l2jmobius.gameserver.data.sql.CrestTable	CrestTable: Loaded 0 Crests.
2025.04.17 17:45:14,875	INFO	3	org.l2jmobius.gameserver.data.sql.TeleportLocationTable	TeleportLocationTable: Loaded 704 teleport location templates.
2025.04.17 17:45:14,942	INFO	3	org.l2jmobius.gameserver.data.AugmentationData	AugmentationData: Loaded 22640 augmentations.
2025.04.17 17:45:14,949	INFO	3	org.l2jmobius.gameserver.managers.SellBuffsManager	SellBuffsManager: Loaded 128 allowed buffs.
2025.04.17 17:45:14,950	INFO	3	org.l2jmobius.gameserver.GameServer	-------------------------------------------------=[ Scripts ]
2025.04.17 17:45:14,953	INFO	3	org.l2jmobius.gameserver.GameServer	Loading server scripts...
2025.04.17 17:45:18,561	INFO	3	handlers.MasterHandler	Loading Handlers...
2025.04.17 17:45:18,724	INFO	3	handlers.MasterHandler	ActionHandler: Loaded 10 handlers.
2025.04.17 17:45:18,725	INFO	3	handlers.MasterHandler	ActionShiftHandler: Loaded 6 handlers.
2025.04.17 17:45:18,725	INFO	3	handlers.MasterHandler	AdminCommandHandler: Loaded 438 handlers.
2025.04.17 17:45:18,725	INFO	3	handlers.MasterHandler	BypassHandler: Loaded 38 handlers.
2025.04.17 17:45:18,725	INFO	3	handlers.MasterHandler	ChatHandler: Loaded 14 handlers.
2025.04.17 17:45:18,725	INFO	3	handlers.MasterHandler	CommunityBoardHandler: Loaded 28 handlers.
2025.04.17 17:45:18,725	INFO	3	handlers.MasterHandler	ItemHandler: Loaded 25 handlers.
2025.04.17 17:45:18,725	INFO	3	handlers.MasterHandler	PunishmentHandler: Loaded 3 handlers.
2025.04.17 17:45:18,725	INFO	3	handlers.MasterHandler	UserCommandHandler: Loaded 15 handlers.
2025.04.17 17:45:18,725	INFO	3	handlers.MasterHandler	VoicedCommandHandler: Loaded 23 handlers.
2025.04.17 17:45:18,725	INFO	3	handlers.MasterHandler	TargetHandler: Loaded 34 handlers.
2025.04.17 17:45:18,725	INFO	3	handlers.MasterHandler	Handlers Loaded...
2025.04.17 17:45:24,625	INFO	3	org.l2jmobius.commons.util.IXmlReader	NpcBuffersData: Loaded 10 buffers data.
2025.04.17 17:45:24,712	INFO	3	ai.areas.ImperialTomb.FourSepulchers.FourSepulchers	[Four Sepulchers] Loaded 762 spawn zones data.
2025.04.17 17:45:24,775	CONFIG	3	conquerablehalls.WildBeastReserve.WildBeastReserve	Beast Farm siege scheduled for Tue Apr 29 10:00:00 UTC 2025.
2025.04.17 17:45:24,779	CONFIG	3	conquerablehalls.DevastatedCastle.DevastatedCastle	Devastated Castle siege scheduled for Tue Apr 29 10:00:00 UTC 2025.
2025.04.17 17:45:24,782	CONFIG	3	conquerablehalls.FortressOfResistance.FortressOfResistance	Fortress of Resistance siege scheduled for Tue Apr 29 10:00:00 UTC 2025.
2025.04.17 17:45:24,795	CONFIG	3	conquerablehalls.FortressOfTheDead.FortressOfTheDead	Fortress of the Dead siege scheduled for Tue Apr 29 10:00:00 UTC 2025.
2025.04.17 17:45:24,799	CONFIG	3	conquerablehalls.BanditStronghold.BanditStronghold	Bandit StrongHold siege scheduled for Tue Apr 29 10:00:00 UTC 2025.
2025.04.17 17:45:24,805	CONFIG	3	conquerablehalls.RainbowSpringsChateau.RainbowSpringsChateau	Rainbow Springs siege scheduled for Tue Apr 29 10:00:00 UTC 2025.
2025.04.17 17:45:24,845	INFO	3	org.l2jmobius.gameserver.model.events.AbstractScript	Event Heavy Medal has passed... Ignored 
2025.04.17 17:45:24,849	INFO	3	org.l2jmobius.gameserver.model.events.AbstractScript	Event Christmas has passed... Ignored 
2025.04.17 17:45:24,853	INFO	3	org.l2jmobius.gameserver.model.events.AbstractScript	Event L2 Day has passed... Ignored 
2025.04.17 17:45:24,856	INFO	3	org.l2jmobius.gameserver.data.xml.SpawnData	SpawnData: Initializing spawns...
2025.04.17 17:45:28,553	INFO	3	org.l2jmobius.gameserver.data.xml.SpawnData	SpawnData: 35857 spawns have been initialized!
2025.04.17 17:45:28,556	INFO	3	org.l2jmobius.gameserver.managers.DayNightSpawnManager	DayNightSpawnManager: Removed 0 night creatures
2025.04.17 17:45:28,569	INFO	3	org.l2jmobius.gameserver.managers.DayNightSpawnManager	DayNightSpawnManager: Spawned 232 day creatures
2025.04.17 17:45:28,574	INFO	3	org.l2jmobius.gameserver.managers.DimensionalRiftManager	DimensionalRiftManager: Loaded 7 room types with 56 rooms.
2025.04.17 17:45:28,581	INFO	3	org.l2jmobius.gameserver.managers.DimensionalRiftManager	DimensionalRiftManager: Loaded 462 dimensional rift spawns, 0 errors.
2025.04.17 17:45:28,627	INFO	3	org.l2jmobius.gameserver.managers.RaidBossSpawnManager	RaidBossSpawnManager: Loaded 177 Instances
2025.04.17 17:45:28,627	INFO	3	org.l2jmobius.gameserver.managers.RaidBossSpawnManager	RaidBossSpawnManager: Scheduled 12 Instances
2025.04.17 17:45:28,628	INFO	3	org.l2jmobius.gameserver.GameServer	---------------------------------------------------=[ Siege ]
2025.04.17 17:45:28,639	INFO	3	org.l2jmobius.gameserver.data.xml.SiegeScheduleData	SiegeScheduleData: Loaded 9 siege schedulers.
2025.04.17 17:45:28,640	INFO	3	org.l2jmobius.gameserver.model.siege.Siege	Siege of Gludio: Sun Apr 20 14:00:00 UTC 2025
2025.04.17 17:45:28,642	INFO	3	org.l2jmobius.gameserver.model.siege.Siege	Siege of Dion: Sun Apr 20 18:00:00 UTC 2025
2025.04.17 17:45:28,644	INFO	3	org.l2jmobius.gameserver.model.siege.Siege	Siege of Giran: Sun Apr 20 14:00:00 UTC 2025
2025.04.17 17:45:28,645	INFO	3	org.l2jmobius.gameserver.model.siege.Siege	Siege of Oren: Sun Apr 20 18:00:00 UTC 2025
2025.04.17 17:45:28,647	INFO	3	org.l2jmobius.gameserver.model.siege.Siege	Siege of Aden: Sun Apr 20 14:00:00 UTC 2025
2025.04.17 17:45:28,648	INFO	3	org.l2jmobius.gameserver.model.siege.Siege	Siege of Innadril: Sun Apr 20 18:00:00 UTC 2025
2025.04.17 17:45:28,650	INFO	3	org.l2jmobius.gameserver.model.siege.Siege	Siege of Goddard: Sun Apr 20 14:00:00 UTC 2025
2025.04.17 17:45:28,651	INFO	3	org.l2jmobius.gameserver.model.siege.Siege	Siege of Rune: Sun Apr 20 18:00:00 UTC 2025
2025.04.17 17:45:28,653	INFO	3	org.l2jmobius.gameserver.model.siege.Siege	Siege of Schuttgart: Sun Apr 20 14:00:00 UTC 2025
2025.04.17 17:45:28,670	INFO	3	org.l2jmobius.commons.util.IXmlReader	CastleManorManager: Loaded 258 seeds.
2025.04.17 17:45:28,681	INFO	3	org.l2jmobius.commons.util.IXmlReader	CastleManorManager: Manor data loaded.
2025.04.17 17:45:28,686	INFO	3	org.l2jmobius.gameserver.managers.MercTicketManager	MercTicketManager: Loaded 0 Mercenary Tickets
2025.04.17 17:45:28,686	INFO	3	org.l2jmobius.gameserver.managers.QuestManager	QuestManager: Loaded 342 quests.
2025.04.17 17:45:28,687	INFO	3	org.l2jmobius.gameserver.managers.QuestManager	QuestManager: Loaded 123 scripts.
2025.04.17 17:45:28,692	INFO	3	org.l2jmobius.gameserver.managers.games.MonsterRaceManager	MonsterRace: loaded 131 records, currently on race #132
2025.04.17 17:45:28,788	INFO	3	org.l2jmobius.gameserver.model.sevensigns.SevenSignsFestival	SevenSignsFestival: The first Festival of Darkness cycle begins in 2 minute(s).
2025.04.17 17:45:28,788	INFO	3	org.l2jmobius.gameserver.GameServer	AutoSpawnHandler: Loaded 124 handlers in total.
2025.04.17 17:45:28,790	INFO	3	org.l2jmobius.gameserver.managers.CoupleManager	CoupleManager: Loaded 0 couples(s)
2025.04.17 17:45:28,806	INFO	3	org.l2jmobius.gameserver.taskmanagers.PersistentTaskManager	PersistentTaskManager: Loaded 10 Tasks.
2025.04.17 17:45:28,809	INFO	3	org.l2jmobius.gameserver.managers.PunishmentManager	PunishmentManager: Loaded 0 active and 0 expired punishments.
2025.04.17 17:45:28,810	INFO	3	org.l2jmobius.gameserver.GameServer	IdManager: Free ObjectID's remaining: 1879007742
2025.04.17 17:45:28,813	INFO	3	org.l2jmobius.gameserver.data.sql.OfflineTraderTable	OfflineTraderTable: Loading offline traders...
2025.04.17 17:45:28,815	INFO	3	org.l2jmobius.gameserver.data.sql.OfflineTraderTable	OfflineTraderTable: Loaded 0 offline traders.
2025.04.17 17:45:28,818	INFO	69	org.l2jmobius.commons.util.DeadlockWatcher	DeadlockWatcher: Thread started.
2025.04.17 17:45:32,715	INFO	3	org.l2jmobius.gameserver.GameServer	GameServer: Started, using 484 of 4096 MB total memory.
2025.04.17 17:45:32,715	INFO	3	org.l2jmobius.gameserver.GameServer	GameServer: Maximum number of connected players is 2000.
2025.04.17 17:45:32,718	INFO	3	org.l2jmobius.gameserver.GameServer	GameServer: Server loaded in 34 seconds.
2025.04.17 17:45:32,749	INFO	71	org.l2jmobius.gameserver.LoginServerThread	LoginServerThread: Connecting to login on 127.0.0.1:9014
2025.04.17 17:45:32,799	INFO	71	org.l2jmobius.gameserver.LoginServerThread	LoginServerThread: Registered on login as Server 2: Sieghardt
2025.04.17 17:45:42,206	WARNING	81	org.l2jmobius.gameserver.model.actor.Creature	Master access level set for character Admin! Just a warning to be careful ;)
2025.04.17 17:46:34,108	WARNING	102	org.l2jmobius.gameserver.model.actor.Creature	Master access level set for character Admin! Just a warning to be careful ;)
2025.04.17 17:53:42,246	WARNING	100	org.l2jmobius.gameserver.model.actor.Creature	Master access level set for character Admin! Just a warning to be careful ;)
2025.04.17 17:53:48,818	INFO	35	org.l2jmobius.gameserver.managers.GlobalVariablesManager	GlobalVariablesManager: Stored 4 variables.
2025.04.17 18:00:14,849	INFO	39	org.l2jmobius.gameserver.model.olympiad.Olympiad	Olympiad System: Olympiad Game Started
2025.04.17 18:00:28,810	INFO	42	org.l2jmobius.gameserver.taskmanagers.tasks.TaskOlympiadSave	Olympiad System: Data updated.
2025.04.17 18:15:28,820	INFO	38	org.l2jmobius.gameserver.taskmanagers.tasks.TaskSevenSignsUpdate	SevenSigns: Data updated successfully.
2025.04.17 18:23:48,820	INFO	39	org.l2jmobius.gameserver.managers.GlobalVariablesManager	GlobalVariablesManager: Stored 4 variables.
2025.04.17 18:30:28,808	INFO	35	org.l2jmobius.gameserver.taskmanagers.tasks.TaskOlympiadSave	Olympiad System: Data updated.
2025.04.17 18:45:28,819	INFO	41	org.l2jmobius.gameserver.taskmanagers.tasks.TaskSevenSignsUpdate	SevenSigns: Data updated successfully.
2025.04.17 18:53:48,825	INFO	40	org.l2jmobius.gameserver.managers.GlobalVariablesManager	GlobalVariablesManager: Stored 4 variables.
2025.04.17 19:00:28,808	INFO	39	org.l2jmobius.gameserver.taskmanagers.tasks.TaskOlympiadSave	Olympiad System: Data updated.
2025.04.17 19:15:28,815	INFO	44	org.l2jmobius.gameserver.taskmanagers.tasks.TaskSevenSignsUpdate	SevenSigns: Data updated successfully.
2025.04.17 19:23:48,823	INFO	46	org.l2jmobius.gameserver.managers.GlobalVariablesManager	GlobalVariablesManager: Stored 4 variables.
2025.04.17 19:30:28,808	INFO	41	org.l2jmobius.gameserver.taskmanagers.tasks.TaskOlympiadSave	Olympiad System: Data updated.
2025.04.17 19:45:28,818	INFO	48	org.l2jmobius.gameserver.taskmanagers.tasks.TaskSevenSignsUpdate	SevenSigns: Data updated successfully.
2025.04.17 19:53:48,820	INFO	49	org.l2jmobius.gameserver.managers.GlobalVariablesManager	GlobalVariablesManager: Stored 4 variables.
2025.04.17 20:00:00,214	INFO	55	org.l2jmobius.gameserver.managers.DayNightSpawnManager	DayNightSpawnManager: Removed 232 day creatures
2025.04.17 20:00:00,313	INFO	55	org.l2jmobius.gameserver.managers.DayNightSpawnManager	DayNightSpawnManager: Spawned 684 night creatures
2025.04.17 20:00:28,808	INFO	35	org.l2jmobius.gameserver.taskmanagers.tasks.TaskOlympiadSave	Olympiad System: Data updated.
2025.04.17 20:05:26,720	INFO	40	ai.bosses.Zaken.Zaken	Zaken door id 21240006 opened, game time 00.00.
2025.04.17 20:10:26,726	INFO	45	ai.bosses.Zaken.Zaken	Zaken door id 21240006 closed.
2025.04.17 20:15:28,818	INFO	46	org.l2jmobius.gameserver.taskmanagers.tasks.TaskSevenSignsUpdate	SevenSigns: Data updated successfully.
