2025.04.18 09:53:56,751	INFO	3	org.l2jmobius.commons.util.IXmlReader	Network Config: ipconfig.xml does not exist, using automatic configuration...
2025.04.18 09:53:57,027	INFO	3	org.l2jmobius.commons.util.IXmlReader	Network Config: Adding new subnet: 172.21.0.0/16 address: 172.21.0.1
2025.04.18 09:53:57,027	INFO	3	org.l2jmobius.commons.util.IXmlReader	Network Config: Adding new subnet: 172.18.0.0/16 address: 172.18.0.1
2025.04.18 09:53:57,028	INFO	3	org.l2jmobius.commons.util.IXmlReader	Network Config: Adding new subnet: 172.22.0.0/16 address: 172.22.0.1
2025.04.18 09:53:57,028	INFO	3	org.l2jmobius.commons.util.IXmlReader	Network Config: Adding new subnet: 172.19.0.0/16 address: 172.19.0.1
2025.04.18 09:53:57,028	INFO	3	org.l2jmobius.commons.util.IXmlReader	Network Config: Adding new subnet: 192.168.0.0/24 address: 192.168.0.2
2025.04.18 09:53:57,029	INFO	3	org.l2jmobius.commons.util.IXmlReader	Network Config: Adding new subnet: 127.0.0.0/8 address: 127.0.0.1
2025.04.18 09:53:57,029	INFO	3	org.l2jmobius.commons.util.IXmlReader	Network Config: Adding new subnet: 0.0.0.0/0 address: 87.61.95.38
2025.04.18 09:53:57,129	INFO	3	org.l2jmobius.Config	Loaded 6 Filter Words.
2025.04.18 09:53:57,131	INFO	3	org.l2jmobius.gameserver.GameServer	------------------------------------------------=[ Database ]
2025.04.18 09:53:57,518	INFO	3	org.l2jmobius.commons.database.DatabaseFactory	Database: HikariCP pool initialized successfully.
2025.04.18 09:53:57,860	INFO	3	org.l2jmobius.commons.database.DatabaseFactory	Database: Initialized with a valid connection.
2025.04.18 09:53:57,881	INFO	3	org.l2jmobius.gameserver.GameServer	----------------------------------------------=[ ThreadPool ]
2025.04.18 09:53:57,883	INFO	3	org.l2jmobius.commons.threads.ThreadPool	ThreadPool: Initialized
2025.04.18 09:53:57,884	INFO	3	org.l2jmobius.commons.threads.ThreadPool	...scheduled pool executor with 4 high priority threads.
2025.04.18 09:53:57,891	INFO	3	org.l2jmobius.commons.threads.ThreadPool	...scheduled pool executor with 16 total threads.
2025.04.18 09:53:57,891	INFO	3	org.l2jmobius.commons.threads.ThreadPool	...instant pool executor with 8 total threads.
2025.04.18 09:53:57,894	INFO	3	org.l2jmobius.gameserver.GameServer	-----------------------------------------------=[ IdManager ]
2025.04.18 09:53:57,956	INFO	3	org.l2jmobius.gameserver.managers.DatabaseIdManager	DatabaseIdManager: Cleaned 0 elements in 0 seconds.
2025.04.18 09:53:57,964	INFO	3	org.l2jmobius.gameserver.managers.DatabaseIdManager	DatabaseIdManager: Updated character online status.
2025.04.18 09:53:57,979	INFO	3	org.l2jmobius.gameserver.managers.DatabaseIdManager	DatabaseIdManager: Cleaned 0 expired timestamps.
2025.04.18 09:53:58,037	INFO	3	org.l2jmobius.gameserver.managers.IdManager	IdManager: 102912 ids available.
2025.04.18 09:53:58,038	INFO	3	org.l2jmobius.gameserver.GameServer	----------------------------------------=[ Scripting Engine ]
2025.04.18 09:53:58,455	INFO	3	org.l2jmobius.gameserver.scripting.ScriptEngineManager	Loaded 381 files to exclude.
2025.04.18 09:53:58,455	INFO	3	org.l2jmobius.gameserver.GameServer	---------------------------------------------------=[ World ]
2025.04.18 09:53:58,466	INFO	3	org.l2jmobius.commons.util.IXmlReader	InstanceManager: Multiverse Instance created.
2025.04.18 09:53:58,467	INFO	3	org.l2jmobius.commons.util.IXmlReader	InstanceManager: Universe Instance created.
2025.04.18 09:53:58,506	INFO	3	org.l2jmobius.commons.util.IXmlReader	InstanceManager: Loaded 2 instance templates.
2025.04.18 09:53:58,858	INFO	3	org.l2jmobius.commons.util.IXmlReader	MapRegionManager: Loaded 42 map regions.
2025.04.18 09:53:58,874	INFO	3	org.l2jmobius.gameserver.managers.GlobalVariablesManager	GlobalVariablesManager: Loaded 4 variables.
2025.04.18 09:53:58,874	INFO	3	org.l2jmobius.gameserver.GameServer	----------------------------------------------------=[ Data ]
2025.04.18 09:53:58,954	INFO	3	org.l2jmobius.gameserver.data.xml.CategoryData	CategoryData: Loaded 160 categories.
2025.04.18 09:53:58,967	INFO	3	org.l2jmobius.gameserver.GameServer	--------------------------------------------------=[ Skills ]
2025.04.18 09:54:02,182	INFO	3	handlers.EffectMasterHandler	EffectMasterHandler: Loaded 144 effect handlers.
2025.04.18 09:54:02,420	INFO	3	org.l2jmobius.gameserver.data.sql.EnchantSkillTreesTable	EnchantSkillTreesTable: Loaded 14520 enchant skills.
2025.04.18 09:54:03,469	INFO	3	org.l2jmobius.commons.util.IXmlReader	SkillTreeData: Loaded 13741 Class Skills for 89 class skill trees.
2025.04.18 09:54:03,470	INFO	3	org.l2jmobius.commons.util.IXmlReader	SkillTreeData: Loaded 117 fishing skills, 8 Dwarven only fishing skills.
2025.04.18 09:54:03,475	INFO	3	org.l2jmobius.commons.util.IXmlReader	SkillTreeData: Loaded 64 clan skills, 64 for clan and 0 residential.
2025.04.18 09:54:03,475	INFO	3	org.l2jmobius.commons.util.IXmlReader	SkillTreeData: Loaded 8 noble skills.
2025.04.18 09:54:03,476	INFO	3	org.l2jmobius.commons.util.IXmlReader	SkillTreeData: Loaded 5 hero skills.
2025.04.18 09:54:03,476	INFO	3	org.l2jmobius.commons.util.IXmlReader	SkillTreeData: Loaded 25 game master skills.
2025.04.18 09:54:03,476	INFO	3	org.l2jmobius.commons.util.IXmlReader	SkillTreeData: Loaded 1 game master aura skills.
2025.04.18 09:54:06,901	INFO	3	org.l2jmobius.gameserver.data.xml.SkillData	SkillData: Loaded 29865 Skill templates from XML files.
2025.04.18 09:54:06,973	INFO	3	org.l2jmobius.gameserver.data.xml.PetSkillData	PetSkillData: Loaded 795 skills.
2025.04.18 09:54:06,973	INFO	3	org.l2jmobius.gameserver.GameServer	---------------------------------------------------=[ Items ]
2025.04.18 09:54:07,686	INFO	3	org.l2jmobius.gameserver.data.xml.ItemData	ItemData: Highest item id used: 50000
2025.04.18 09:54:07,690	INFO	3	org.l2jmobius.gameserver.data.xml.ItemData	ItemData: Loaded 6882 etc items.
2025.04.18 09:54:07,690	INFO	3	org.l2jmobius.gameserver.data.xml.ItemData	ItemData: Loaded 1106 armor items.
2025.04.18 09:54:07,690	INFO	3	org.l2jmobius.gameserver.data.xml.ItemData	ItemData: Loaded 1223 weapon items.
2025.04.18 09:54:07,691	INFO	3	org.l2jmobius.gameserver.data.xml.ItemData	ItemData: Loaded 9211 items in total.
2025.04.18 09:54:07,700	INFO	3	org.l2jmobius.commons.util.IXmlReader	EnchantItemGroupsData: Loaded 4 item group templates.
2025.04.18 09:54:07,700	INFO	3	org.l2jmobius.commons.util.IXmlReader	EnchantItemGroupsData: Loaded 1 scroll group templates.
2025.04.18 09:54:07,700	INFO	3	org.l2jmobius.commons.util.IXmlReader	EnchantItemGroupsData: Max weapon enchant is set to 65536.
2025.04.18 09:54:07,700	INFO	3	org.l2jmobius.commons.util.IXmlReader	EnchantItemGroupsData: Max armor enchant is set to 65536.
2025.04.18 09:54:07,701	INFO	3	org.l2jmobius.commons.util.IXmlReader	EnchantItemGroupsData: Max accessory enchant is set to 65536.
2025.04.18 09:54:07,708	INFO	3	org.l2jmobius.commons.util.IXmlReader	EnchantItemData: Loaded 30 enchant scrolls.
2025.04.18 09:54:08,669	INFO	3	org.l2jmobius.gameserver.data.xml.OptionData	OptionData: Loaded 16380 options.
2025.04.18 09:54:08,683	INFO	3	org.l2jmobius.commons.util.IXmlReader	EnchantItemHPBonusData: Loaded 6 enchant HP bonuses.
2025.04.18 09:54:08,688	INFO	3	org.l2jmobius.gameserver.data.MerchantPriceConfigTable	MerchantPriceConfigTable: Loaded 28 merchant price configs.
2025.04.18 09:54:09,938	WARNING	3	org.l2jmobius.commons.util.IXmlReader	Directory not found: /app/game/data/buylists/custom
2025.04.18 09:54:09,938	INFO	3	org.l2jmobius.gameserver.data.xml.BuyListData	BuyListData: Loaded 616 buyLists.
2025.04.18 09:54:10,236	INFO	3	org.l2jmobius.commons.util.IXmlReader	MultisellData: Loaded 94 multisell lists.
2025.04.18 09:54:10,298	INFO	3	org.l2jmobius.commons.util.IXmlReader	RecipeData: Loaded 871 recipes.
2025.04.18 09:54:10,316	INFO	3	org.l2jmobius.commons.util.IXmlReader	ArmorSetData: Loaded 51 armor sets.
2025.04.18 09:54:10,342	INFO	3	org.l2jmobius.commons.util.IXmlReader	FishData: Loaded 278 fishes.
2025.04.18 09:54:10,347	INFO	3	org.l2jmobius.commons.util.IXmlReader	FishingMonstersData: Loaded 8 fishing monsters.
2025.04.18 09:54:10,351	INFO	3	org.l2jmobius.commons.util.IXmlReader	FishingRodsData: Loaded 6 fishing rods.
2025.04.18 09:54:10,402	INFO	3	org.l2jmobius.commons.util.IXmlReader	HennaData: Loaded 180 henna data.
2025.04.18 09:54:10,403	INFO	3	org.l2jmobius.gameserver.GameServer	----------------------------------------------=[ Characters ]
2025.04.18 09:54:10,410	INFO	3	org.l2jmobius.commons.util.IXmlReader	ClassListData: Loaded 89 class data.
2025.04.18 09:54:10,415	INFO	3	org.l2jmobius.commons.util.IXmlReader	InitialEquipmentData: Loaded 9 initial equipment data.
2025.04.18 09:54:10,422	INFO	3	org.l2jmobius.commons.util.IXmlReader	InitialShortcutData: Loaded 5 initial global shortcut data.
2025.04.18 09:54:10,422	INFO	3	org.l2jmobius.commons.util.IXmlReader	InitialShortcutData: Loaded 4 initial shortcut data.
2025.04.18 09:54:10,422	INFO	3	org.l2jmobius.commons.util.IXmlReader	InitialShortcutData: Loaded 0 macro presets.
2025.04.18 09:54:10,428	INFO	3	org.l2jmobius.gameserver.data.xml.ExperienceData	ExperienceData: Loaded 81 levels.
2025.04.18 09:54:10,429	INFO	3	org.l2jmobius.gameserver.data.xml.ExperienceData	ExperienceData: Max Player Level is 80.
2025.04.18 09:54:10,429	INFO	3	org.l2jmobius.gameserver.data.xml.ExperienceData	ExperienceData: Max Pet Level is 80.
2025.04.18 09:54:10,439	INFO	3	org.l2jmobius.commons.util.IXmlReader	KarmaData: Loaded 80 karma modifiers.
2025.04.18 09:54:10,442	INFO	3	org.l2jmobius.commons.util.IXmlReader	HitConditionBonusData: Loaded hit condition bonuses.
2025.04.18 09:54:11,048	INFO	3	org.l2jmobius.gameserver.data.xml.PlayerTemplateData	PlayerTemplateData: Loaded 89 character templates.
2025.04.18 09:54:11,050	INFO	3	org.l2jmobius.gameserver.data.xml.PlayerTemplateData	PlayerTemplateData: Loaded 42720 level up gain records.
2025.04.18 09:54:11,056	INFO	3	org.l2jmobius.gameserver.data.sql.CharInfoTable	CharInfoTable: Loaded 4 char names.
2025.04.18 09:54:11,067	INFO	3	org.l2jmobius.gameserver.data.xml.AdminData	AdminData: Loaded 10 access levels.
2025.04.18 09:54:11,084	INFO	3	org.l2jmobius.gameserver.data.xml.AdminData	AdminData: Loaded 427 access commands.
2025.04.18 09:54:11,088	INFO	3	org.l2jmobius.gameserver.managers.RaidBossPointsManager	RaidBossPointsManager: Loaded 1 Characters Raid Points.
2025.04.18 09:54:11,302	INFO	3	org.l2jmobius.commons.util.IXmlReader	PetDataTable: Loaded 12 pets.
2025.04.18 09:54:11,311	INFO	3	org.l2jmobius.gameserver.GameServer	---------------------------------------------------=[ Clans ]
2025.04.18 09:54:11,337	INFO	3	org.l2jmobius.gameserver.communitybbs.Manager.ForumsBBSManager	ForumsBBSManager: Loaded 4 forums. Last forum id used: 4
2025.04.18 09:54:11,339	INFO	3	org.l2jmobius.gameserver.data.sql.ClanTable	ClanTable: Restored 0 clans from the database.
2025.04.18 09:54:11,358	INFO	3	org.l2jmobius.gameserver.managers.CHSiegeManager	CHSiegeManager: Loaded 6 conquerable clan halls.
2025.04.18 09:54:11,479	INFO	3	org.l2jmobius.gameserver.managers.ClanHallAuctionManager	ClanHallAuctionManager: Loaded 38 auction(s)
2025.04.18 09:54:11,482	INFO	3	org.l2jmobius.gameserver.data.sql.ClanHallTable	ClanHallTable: Loaded 0 clan halls
2025.04.18 09:54:11,483	INFO	3	org.l2jmobius.gameserver.data.sql.ClanHallTable	ClanHallTable: Loaded 38 free clan halls
2025.04.18 09:54:11,483	INFO	3	org.l2jmobius.gameserver.GameServer	-------------------------------------------------=[ Geodata ]
2025.04.18 09:54:12,391	INFO	3	org.l2jmobius.gameserver.geoengine.GeoEngine	GeoEngine: Loaded 158 regions.
2025.04.18 09:54:12,391	INFO	3	org.l2jmobius.gameserver.GameServer	----------------------------------------------------=[ NPCs ]
2025.04.18 09:54:12,427	INFO	3	org.l2jmobius.gameserver.managers.ZoneManager	ZoneManager 12 by 17 Zone Region Grid set up.
2025.04.18 09:54:15,042	INFO	3	org.l2jmobius.commons.util.IXmlReader	NpcData: Loaded 6519 NPCs.
2025.04.18 09:54:15,093	INFO	3	org.l2jmobius.commons.util.IXmlReader	NpcData: Loaded 19 custom NPCs.
2025.04.18 09:54:15,107	INFO	3	org.l2jmobius.commons.util.IXmlReader	SkillLearnData: Loaded 217 skill learn data.
2025.04.18 09:54:15,119	INFO	3	org.l2jmobius.gameserver.managers.GrandBossManager	GrandBossManager: Gigantic Chaos Golem(25512) status is 0.
2025.04.18 09:54:15,121	INFO	3	org.l2jmobius.gameserver.managers.GrandBossManager	GrandBossManager: Queen Ant(29001) status is 0.
2025.04.18 09:54:15,125	INFO	3	org.l2jmobius.gameserver.managers.GrandBossManager	GrandBossManager: Core(29006) status is 0.
2025.04.18 09:54:15,125	INFO	3	org.l2jmobius.gameserver.managers.GrandBossManager	GrandBossManager: Orfen(29014) status is 1.
2025.04.18 09:54:15,164	INFO	3	org.l2jmobius.gameserver.managers.GrandBossManager	GrandBossManager: Next spawn date of Orfen is Fri Apr 18 21:33:52 UTC 2025.
2025.04.18 09:54:15,164	INFO	3	org.l2jmobius.gameserver.managers.GrandBossManager	GrandBossManager: Antharas(29019) status is 0.
2025.04.18 09:54:15,165	INFO	3	org.l2jmobius.gameserver.managers.GrandBossManager	GrandBossManager: Baium(29020) status is 0.
2025.04.18 09:54:15,165	INFO	3	org.l2jmobius.gameserver.managers.GrandBossManager	GrandBossManager: Zaken(29022) status is 0.
2025.04.18 09:54:15,165	INFO	3	org.l2jmobius.gameserver.managers.GrandBossManager	GrandBossManager: Valakas(29028) status is 0.
2025.04.18 09:54:15,166	INFO	3	org.l2jmobius.gameserver.managers.GrandBossManager	GrandBossManager: Frintezza(29045) status is 0.
2025.04.18 09:54:15,166	INFO	3	org.l2jmobius.gameserver.managers.GrandBossManager	GrandBossManager: Loaded 9 Instances
2025.04.18 09:54:15,331	INFO	3	org.l2jmobius.gameserver.managers.ZoneManager	ZoneManager: Loaded 28 zone classes and 2413 zones.
2025.04.18 09:54:15,342	INFO	3	org.l2jmobius.gameserver.managers.ZoneManager	ZoneManager: Last static id 200224.
2025.04.18 09:54:15,489	INFO	3	org.l2jmobius.commons.util.IXmlReader	DoorData: Loaded 547 doors.
2025.04.18 09:54:15,510	INFO	3	FenceData	FenceData: Loaded 1 fences.
2025.04.18 09:54:15,544	INFO	3	org.l2jmobius.gameserver.data.xml.LevelUpCrystalData	Soul crystal data : Loaded 39
2025.04.18 09:54:15,544	INFO	3	org.l2jmobius.gameserver.data.xml.LevelUpCrystalData	Npc leveling crystal data : Loaded 125
2025.04.18 09:54:15,546	INFO	3	org.l2jmobius.gameserver.data.xml.FakePlayerData	FakePlayerData: Loaded 2 templates.
2025.04.18 09:54:15,555	INFO	3	org.l2jmobius.gameserver.managers.FakePlayerChatManager	FakePlayerChatManager: Loaded 19 chat templates.
2025.04.18 09:54:15,576	INFO	3	org.l2jmobius.gameserver.managers.WalkingManager	WalkingManager: Loaded 14 walking routes.
2025.04.18 09:54:15,592	INFO	3	org.l2jmobius.commons.util.IXmlReader	StaticObjectData: Loaded 29 static object templates.
2025.04.18 09:54:15,630	INFO	3	org.l2jmobius.gameserver.managers.CastleManager	CastleManager: Loaded 9 castles
2025.04.18 09:54:15,646	INFO	3	org.l2jmobius.gameserver.data.SchemeBufferTable	SchemeBufferTable: Loaded 0 players schemes and 60 available buffs.
2025.04.18 09:54:15,648	INFO	3	org.l2jmobius.gameserver.managers.GrandBossManager	GrandBossManager: Initialized 10 Grand Boss Zones
2025.04.18 09:54:15,649	INFO	3	org.l2jmobius.gameserver.GameServer	------------------------------------------------=[ Olympiad ]
2025.04.18 09:54:15,663	INFO	3	org.l2jmobius.gameserver.model.olympiad.Olympiad	Olympiad System: Loading Olympiad System....
2025.04.18 09:54:15,664	INFO	3	org.l2jmobius.gameserver.model.olympiad.Olympiad	Olympiad System: Currently in Olympiad Period
2025.04.18 09:54:15,664	INFO	3	org.l2jmobius.gameserver.model.olympiad.Olympiad	Olympiad System: 18725 minutes until period ends
2025.04.18 09:54:15,664	INFO	3	org.l2jmobius.gameserver.model.olympiad.Olympiad	Olympiad System: Next weekly change is in 6228 minutes
2025.04.18 09:54:15,665	INFO	3	org.l2jmobius.gameserver.model.olympiad.Olympiad	Olympiad System: Loaded 0 Nobles
2025.04.18 09:54:15,671	INFO	3	org.l2jmobius.gameserver.model.olympiad.Olympiad	Olympiad System: Competition Period Starts in 0 days, 8 hours and 5 mins.
2025.04.18 09:54:15,671	INFO	3	org.l2jmobius.gameserver.model.olympiad.Olympiad	Olympiad System: Event starts/started : Fri Apr 18 18:00:15 UTC 2025
2025.04.18 09:54:15,679	INFO	3	org.l2jmobius.gameserver.model.olympiad.Hero	Hero System: Loaded 0 Heroes.
2025.04.18 09:54:15,679	INFO	3	org.l2jmobius.gameserver.model.olympiad.Hero	Hero System: Loaded 0 all time Heroes.
2025.04.18 09:54:15,679	INFO	3	org.l2jmobius.gameserver.GameServer	---------------------------------------------=[ Seven Signs ]
2025.04.18 09:54:15,686	INFO	3	org.l2jmobius.gameserver.model.sevensigns.SevenSigns	SevenSigns: Currently in the Competition (Quest Event) period!
2025.04.18 09:54:15,687	INFO	3	org.l2jmobius.gameserver.model.sevensigns.SevenSigns	SevenSigns: The Seal of Avarice remains unclaimed.
2025.04.18 09:54:15,687	INFO	3	org.l2jmobius.gameserver.model.sevensigns.SevenSigns	SevenSigns: The Seal of Gnosis remains unclaimed.
2025.04.18 09:54:15,687	INFO	3	org.l2jmobius.gameserver.model.sevensigns.SevenSigns	SevenSigns: The Seal of Strife remains unclaimed.
2025.04.18 09:54:15,687	INFO	3	org.l2jmobius.gameserver.model.sevensigns.SevenSigns	SevenSigns: The competition, if the current trend continues, will end in a tie this week.
2025.04.18 09:54:15,688	INFO	3	org.l2jmobius.gameserver.model.sevensigns.SevenSigns	SevenSigns: Next period change set to Mon Apr 21 18:00:15 UTC 2025
2025.04.18 09:54:15,689	INFO	3	org.l2jmobius.gameserver.model.sevensigns.SevenSigns	SevenSigns: Next period begins in 3 days, 8 hours and 5 mins.
2025.04.18 09:54:15,689	INFO	3	org.l2jmobius.gameserver.GameServer	---------------------------------------------------=[ Cache ]
2025.04.18 09:54:15,690	INFO	3	org.l2jmobius.gameserver.cache.HtmCache	Cache[HTML]: Running lazy cache.
2025.04.18 09:54:15,694	INFO	3	org.l2jmobius.gameserver.data.sql.CrestTable	CrestTable: Loaded 0 Crests.
2025.04.18 09:54:15,709	INFO	3	org.l2jmobius.gameserver.data.sql.TeleportLocationTable	TeleportLocationTable: Loaded 704 teleport location templates.
2025.04.18 09:54:15,839	INFO	3	org.l2jmobius.gameserver.data.AugmentationData	AugmentationData: Loaded 22640 augmentations.
2025.04.18 09:54:15,854	INFO	3	org.l2jmobius.gameserver.managers.SellBuffsManager	SellBuffsManager: Loaded 128 allowed buffs.
2025.04.18 09:54:15,854	INFO	3	org.l2jmobius.gameserver.GameServer	-------------------------------------------------=[ Scripts ]
2025.04.18 09:54:15,863	INFO	3	org.l2jmobius.gameserver.GameServer	Loading server scripts...
2025.04.18 09:54:21,152	INFO	3	handlers.MasterHandler	Loading Handlers...
2025.04.18 09:54:21,376	INFO	3	handlers.MasterHandler	ActionHandler: Loaded 10 handlers.
2025.04.18 09:54:21,376	INFO	3	handlers.MasterHandler	ActionShiftHandler: Loaded 6 handlers.
2025.04.18 09:54:21,376	INFO	3	handlers.MasterHandler	AdminCommandHandler: Loaded 438 handlers.
2025.04.18 09:54:21,376	INFO	3	handlers.MasterHandler	BypassHandler: Loaded 38 handlers.
2025.04.18 09:54:21,376	INFO	3	handlers.MasterHandler	ChatHandler: Loaded 14 handlers.
2025.04.18 09:54:21,377	INFO	3	handlers.MasterHandler	CommunityBoardHandler: Loaded 28 handlers.
2025.04.18 09:54:21,377	INFO	3	handlers.MasterHandler	ItemHandler: Loaded 25 handlers.
2025.04.18 09:54:21,377	INFO	3	handlers.MasterHandler	PunishmentHandler: Loaded 3 handlers.
2025.04.18 09:54:21,377	INFO	3	handlers.MasterHandler	UserCommandHandler: Loaded 15 handlers.
2025.04.18 09:54:21,377	INFO	3	handlers.MasterHandler	VoicedCommandHandler: Loaded 23 handlers.
2025.04.18 09:54:21,377	INFO	3	handlers.MasterHandler	TargetHandler: Loaded 34 handlers.
2025.04.18 09:54:21,377	INFO	3	handlers.MasterHandler	Handlers Loaded...
2025.04.18 09:54:29,304	INFO	3	org.l2jmobius.commons.util.IXmlReader	NpcBuffersData: Loaded 10 buffers data.
2025.04.18 09:54:29,426	INFO	3	ai.areas.ImperialTomb.FourSepulchers.FourSepulchers	[Four Sepulchers] Loaded 762 spawn zones data.
2025.04.18 09:54:29,545	CONFIG	3	conquerablehalls.WildBeastReserve.WildBeastReserve	Beast Farm siege scheduled for Tue Apr 29 10:00:00 UTC 2025.
2025.04.18 09:54:29,549	CONFIG	3	conquerablehalls.DevastatedCastle.DevastatedCastle	Devastated Castle siege scheduled for Tue Apr 29 10:00:00 UTC 2025.
2025.04.18 09:54:29,556	CONFIG	3	conquerablehalls.FortressOfResistance.FortressOfResistance	Fortress of Resistance siege scheduled for Tue Apr 29 10:00:00 UTC 2025.
2025.04.18 09:54:29,570	CONFIG	3	conquerablehalls.FortressOfTheDead.FortressOfTheDead	Fortress of the Dead siege scheduled for Tue Apr 29 10:00:00 UTC 2025.
2025.04.18 09:54:29,582	CONFIG	3	conquerablehalls.BanditStronghold.BanditStronghold	Bandit StrongHold siege scheduled for Tue Apr 29 10:00:00 UTC 2025.
2025.04.18 09:54:29,595	CONFIG	3	conquerablehalls.RainbowSpringsChateau.RainbowSpringsChateau	Rainbow Springs siege scheduled for Tue Apr 29 10:00:00 UTC 2025.
2025.04.18 09:54:29,738	INFO	3	org.l2jmobius.gameserver.model.events.AbstractScript	Event Heavy Medal has passed... Ignored 
2025.04.18 09:54:29,744	INFO	3	org.l2jmobius.gameserver.model.events.AbstractScript	Event Christmas has passed... Ignored 
2025.04.18 09:54:29,747	INFO	3	org.l2jmobius.gameserver.model.events.AbstractScript	Event L2 Day has passed... Ignored 
2025.04.18 09:54:29,762	INFO	3	org.l2jmobius.gameserver.data.xml.SpawnData	SpawnData: Initializing spawns...
2025.04.18 09:54:34,348	INFO	3	org.l2jmobius.gameserver.data.xml.SpawnData	SpawnData: 35857 spawns have been initialized!
2025.04.18 09:54:34,352	INFO	3	org.l2jmobius.gameserver.managers.DayNightSpawnManager	DayNightSpawnManager: Removed 0 night creatures
2025.04.18 09:54:34,361	INFO	3	org.l2jmobius.gameserver.managers.DayNightSpawnManager	DayNightSpawnManager: Spawned 232 day creatures
2025.04.18 09:54:34,368	INFO	3	org.l2jmobius.gameserver.managers.DimensionalRiftManager	DimensionalRiftManager: Loaded 7 room types with 56 rooms.
2025.04.18 09:54:34,377	INFO	3	org.l2jmobius.gameserver.managers.DimensionalRiftManager	DimensionalRiftManager: Loaded 462 dimensional rift spawns, 0 errors.
2025.04.18 09:54:34,409	INFO	3	org.l2jmobius.gameserver.managers.RaidBossSpawnManager	RaidBossSpawnManager: Loaded 180 Instances
2025.04.18 09:54:34,409	INFO	3	org.l2jmobius.gameserver.managers.RaidBossSpawnManager	RaidBossSpawnManager: Scheduled 9 Instances
2025.04.18 09:54:34,410	INFO	3	org.l2jmobius.gameserver.GameServer	---------------------------------------------------=[ Siege ]
2025.04.18 09:54:34,424	INFO	3	org.l2jmobius.gameserver.data.xml.SiegeScheduleData	SiegeScheduleData: Loaded 9 siege schedulers.
2025.04.18 09:54:34,425	INFO	3	org.l2jmobius.gameserver.model.siege.Siege	Siege of Gludio: Sun Apr 20 14:00:00 UTC 2025
2025.04.18 09:54:34,427	INFO	3	org.l2jmobius.gameserver.model.siege.Siege	Siege of Dion: Sun Apr 20 18:00:00 UTC 2025
2025.04.18 09:54:34,429	INFO	3	org.l2jmobius.gameserver.model.siege.Siege	Siege of Giran: Sun Apr 20 14:00:00 UTC 2025
2025.04.18 09:54:34,430	INFO	3	org.l2jmobius.gameserver.model.siege.Siege	Siege of Oren: Sun Apr 20 18:00:00 UTC 2025
2025.04.18 09:54:34,433	INFO	3	org.l2jmobius.gameserver.model.siege.Siege	Siege of Aden: Sun Apr 20 14:00:00 UTC 2025
2025.04.18 09:54:34,436	INFO	3	org.l2jmobius.gameserver.model.siege.Siege	Siege of Innadril: Sun Apr 20 18:00:00 UTC 2025
2025.04.18 09:54:34,438	INFO	3	org.l2jmobius.gameserver.model.siege.Siege	Siege of Goddard: Sun Apr 20 14:00:00 UTC 2025
2025.04.18 09:54:34,441	INFO	3	org.l2jmobius.gameserver.model.siege.Siege	Siege of Rune: Sun Apr 20 18:00:00 UTC 2025
2025.04.18 09:54:34,443	INFO	3	org.l2jmobius.gameserver.model.siege.Siege	Siege of Schuttgart: Sun Apr 20 14:00:00 UTC 2025
2025.04.18 09:54:34,463	INFO	3	org.l2jmobius.commons.util.IXmlReader	CastleManorManager: Loaded 258 seeds.
2025.04.18 09:54:34,477	INFO	3	org.l2jmobius.commons.util.IXmlReader	CastleManorManager: Manor data loaded.
2025.04.18 09:54:34,482	INFO	3	org.l2jmobius.gameserver.managers.MercTicketManager	MercTicketManager: Loaded 0 Mercenary Tickets
2025.04.18 09:54:34,482	INFO	3	org.l2jmobius.gameserver.managers.QuestManager	QuestManager: Loaded 342 quests.
2025.04.18 09:54:34,482	INFO	3	org.l2jmobius.gameserver.managers.QuestManager	QuestManager: Loaded 123 scripts.
2025.04.18 09:54:34,490	INFO	3	org.l2jmobius.gameserver.managers.games.MonsterRaceManager	MonsterRace: loaded 175 records, currently on race #176
2025.04.18 09:54:34,617	INFO	3	org.l2jmobius.gameserver.model.sevensigns.SevenSignsFestival	SevenSignsFestival: The first Festival of Darkness cycle begins in 2 minute(s).
2025.04.18 09:54:34,618	INFO	3	org.l2jmobius.gameserver.GameServer	AutoSpawnHandler: Loaded 124 handlers in total.
2025.04.18 09:54:34,621	INFO	3	org.l2jmobius.gameserver.managers.CoupleManager	CoupleManager: Loaded 0 couples(s)
2025.04.18 09:54:34,641	INFO	3	org.l2jmobius.gameserver.taskmanagers.PersistentTaskManager	PersistentTaskManager: Loaded 10 Tasks.
2025.04.18 09:54:34,646	INFO	3	org.l2jmobius.gameserver.managers.PunishmentManager	PunishmentManager: Loaded 0 active and 0 expired punishments.
2025.04.18 09:54:34,648	INFO	3	org.l2jmobius.gameserver.GameServer	IdManager: Free ObjectID's remaining: 1879007561
2025.04.18 09:54:34,651	INFO	3	org.l2jmobius.gameserver.data.sql.OfflineTraderTable	OfflineTraderTable: Loading offline traders...
2025.04.18 09:54:34,653	INFO	3	org.l2jmobius.gameserver.data.sql.OfflineTraderTable	OfflineTraderTable: Loaded 0 offline traders.
2025.04.18 09:54:34,655	INFO	68	org.l2jmobius.commons.util.DeadlockWatcher	DeadlockWatcher: Thread started.
2025.04.18 09:54:39,140	INFO	3	org.l2jmobius.gameserver.GameServer	GameServer: Started, using 1312 of 4096 MB total memory.
2025.04.18 09:54:39,141	INFO	3	org.l2jmobius.gameserver.GameServer	GameServer: Maximum number of connected players is 2000.
2025.04.18 09:54:39,143	INFO	3	org.l2jmobius.gameserver.GameServer	GameServer: Server loaded in 42 seconds.
2025.04.18 09:54:39,169	INFO	70	org.l2jmobius.gameserver.LoginServerThread	LoginServerThread: Connecting to login on 127.0.0.1:9014
2025.04.18 09:54:39,233	INFO	70	org.l2jmobius.gameserver.LoginServerThread	LoginServerThread: Registered on login as Server 2: Sieghardt
2025.04.18 09:55:15,687	WARNING	80	org.l2jmobius.gameserver.model.actor.Creature	Master access level set for character Admin! Just a warning to be careful ;)
2025.04.18 10:02:54,663	INFO	48	org.l2jmobius.gameserver.managers.GlobalVariablesManager	GlobalVariablesManager: Stored 4 variables.
2025.04.18 10:24:34,656	INFO	47	org.l2jmobius.gameserver.taskmanagers.tasks.TaskSevenSignsUpdate	SevenSigns: Data updated successfully.
2025.04.18 10:32:54,655	INFO	39	org.l2jmobius.gameserver.managers.GlobalVariablesManager	GlobalVariablesManager: Stored 4 variables.
2025.04.18 10:44:02,950	INFO	48	org.l2jmobius.gameserver.managers.RaidBossSpawnManager$SpawnSchedule	SpawnSchedule: Spawning Raid Boss Skyla
2025.04.18 10:54:34,657	INFO	34	org.l2jmobius.gameserver.taskmanagers.tasks.TaskSevenSignsUpdate	SevenSigns: Data updated successfully.
2025.04.18 11:02:54,663	INFO	36	org.l2jmobius.gameserver.managers.GlobalVariablesManager	GlobalVariablesManager: Stored 4 variables.
2025.04.18 11:24:34,657	INFO	49	org.l2jmobius.gameserver.taskmanagers.tasks.TaskSevenSignsUpdate	SevenSigns: Data updated successfully.
2025.04.18 11:32:54,660	INFO	37	org.l2jmobius.gameserver.managers.GlobalVariablesManager	GlobalVariablesManager: Stored 4 variables.
2025.04.18 11:54:34,649	INFO	44	org.l2jmobius.gameserver.taskmanagers.tasks.TaskSevenSignsUpdate	SevenSigns: Data updated successfully.
2025.04.18 12:00:00,147	INFO	57	org.l2jmobius.gameserver.managers.DayNightSpawnManager	DayNightSpawnManager: Removed 232 day creatures
2025.04.18 12:00:00,179	INFO	57	org.l2jmobius.gameserver.managers.DayNightSpawnManager	DayNightSpawnManager: Spawned 684 night creatures
2025.04.18 12:02:54,661	INFO	39	org.l2jmobius.gameserver.managers.GlobalVariablesManager	GlobalVariablesManager: Stored 4 variables.
2025.04.18 12:04:31,435	INFO	35	ai.bosses.Zaken.Zaken	Zaken door id 21240006 opened, game time 00.00.
2025.04.18 12:09:31,438	INFO	38	ai.bosses.Zaken.Zaken	Zaken door id 21240006 closed.
2025.04.18 12:24:12,259	WARNING	96	org.l2jmobius.gameserver.model.actor.Creature	Master access level set for character Admin! Just a warning to be careful ;)
2025.04.18 12:24:34,653	INFO	37	org.l2jmobius.gameserver.taskmanagers.tasks.TaskSevenSignsUpdate	SevenSigns: Data updated successfully.
2025.04.18 12:32:54,653	INFO	46	org.l2jmobius.gameserver.managers.GlobalVariablesManager	GlobalVariablesManager: Stored 4 variables.
2025.04.18 12:33:34,520	WARNING	104	org.l2jmobius.gameserver.network.PacketLogger	Character: CraftGnom is trying to set amount > 1 on non-stackable multisell, id:600030:3600000
2025.04.18 12:36:55,818	WARNING	101	org.l2jmobius.gameserver.network.PacketLogger	Character: CraftGnom is trying to set amount > 1 on non-stackable multisell, id:600030:3600000
2025.04.18 12:37:12,323	WARNING	104	org.l2jmobius.gameserver.network.PacketLogger	Character: CraftGnom is trying to set amount > 1 on non-stackable multisell, id:600030:3600000
2025.04.18 12:54:34,653	INFO	34	org.l2jmobius.gameserver.taskmanagers.tasks.TaskSevenSignsUpdate	SevenSigns: Data updated successfully.
2025.04.18 13:00:00,077	INFO	55	org.l2jmobius.gameserver.managers.DayNightSpawnManager	DayNightSpawnManager: Removed 684 night creatures
2025.04.18 13:00:00,092	INFO	55	org.l2jmobius.gameserver.managers.DayNightSpawnManager	DayNightSpawnManager: Spawned 232 day creatures
2025.04.18 13:02:54,653	INFO	48	org.l2jmobius.gameserver.managers.GlobalVariablesManager	GlobalVariablesManager: Stored 4 variables.
2025.04.18 13:24:34,654	INFO	36	org.l2jmobius.gameserver.taskmanagers.tasks.TaskSevenSignsUpdate	SevenSigns: Data updated successfully.
2025.04.18 13:32:54,655	INFO	36	org.l2jmobius.gameserver.managers.GlobalVariablesManager	GlobalVariablesManager: Stored 4 variables.
2025.04.18 13:54:34,656	INFO	39	org.l2jmobius.gameserver.taskmanagers.tasks.TaskSevenSignsUpdate	SevenSigns: Data updated successfully.
2025.04.18 14:02:54,660	INFO	41	org.l2jmobius.gameserver.managers.GlobalVariablesManager	GlobalVariablesManager: Stored 4 variables.
2025.04.18 14:21:26,194	INFO	41	org.l2jmobius.gameserver.managers.RaidBossSpawnManager$SpawnSchedule	SpawnSchedule: Spawning Raid Boss Water Spirit Lian
2025.04.18 14:24:34,653	INFO	41	org.l2jmobius.gameserver.taskmanagers.tasks.TaskSevenSignsUpdate	SevenSigns: Data updated successfully.
2025.04.18 14:32:54,657	INFO	38	org.l2jmobius.gameserver.managers.GlobalVariablesManager	GlobalVariablesManager: Stored 4 variables.
2025.04.18 14:54:34,653	INFO	38	org.l2jmobius.gameserver.taskmanagers.tasks.TaskSevenSignsUpdate	SevenSigns: Data updated successfully.
2025.04.18 15:02:54,656	INFO	43	org.l2jmobius.gameserver.managers.GlobalVariablesManager	GlobalVariablesManager: Stored 4 variables.
2025.04.18 15:24:34,655	INFO	35	org.l2jmobius.gameserver.taskmanagers.tasks.TaskSevenSignsUpdate	SevenSigns: Data updated successfully.
2025.04.18 15:32:54,653	INFO	34	org.l2jmobius.gameserver.managers.GlobalVariablesManager	GlobalVariablesManager: Stored 4 variables.
2025.04.18 15:48:20,497	INFO	39	org.l2jmobius.gameserver.managers.RaidBossSpawnManager$SpawnSchedule	SpawnSchedule: Spawning Raid Boss Zombie Lord Crowl
2025.04.18 15:54:34,653	INFO	46	org.l2jmobius.gameserver.taskmanagers.tasks.TaskSevenSignsUpdate	SevenSigns: Data updated successfully.
2025.04.18 16:00:00,105	INFO	51	org.l2jmobius.gameserver.managers.DayNightSpawnManager	DayNightSpawnManager: Removed 232 day creatures
2025.04.18 16:00:00,135	INFO	51	org.l2jmobius.gameserver.managers.DayNightSpawnManager	DayNightSpawnManager: Spawned 684 night creatures
2025.04.18 16:02:54,655	INFO	37	org.l2jmobius.gameserver.managers.GlobalVariablesManager	GlobalVariablesManager: Stored 4 variables.
2025.04.18 16:04:31,435	INFO	36	ai.bosses.Zaken.Zaken	Zaken door id 21240006 opened, game time 00.00.
2025.04.18 16:09:31,436	INFO	39	ai.bosses.Zaken.Zaken	Zaken door id 21240006 closed.
2025.04.18 16:24:34,652	INFO	44	org.l2jmobius.gameserver.taskmanagers.tasks.TaskSevenSignsUpdate	SevenSigns: Data updated successfully.
2025.04.18 16:32:54,652	INFO	38	org.l2jmobius.gameserver.managers.GlobalVariablesManager	GlobalVariablesManager: Stored 4 variables.
2025.04.18 16:54:34,653	INFO	34	org.l2jmobius.gameserver.taskmanagers.tasks.TaskSevenSignsUpdate	SevenSigns: Data updated successfully.
2025.04.18 17:00:00,113	INFO	54	org.l2jmobius.gameserver.managers.DayNightSpawnManager	DayNightSpawnManager: Removed 684 night creatures
2025.04.18 17:00:00,121	INFO	54	org.l2jmobius.gameserver.managers.DayNightSpawnManager	DayNightSpawnManager: Spawned 232 day creatures
2025.04.18 17:02:54,652	INFO	34	org.l2jmobius.gameserver.managers.GlobalVariablesManager	GlobalVariablesManager: Stored 4 variables.
2025.04.18 17:24:34,653	INFO	41	org.l2jmobius.gameserver.taskmanagers.tasks.TaskSevenSignsUpdate	SevenSigns: Data updated successfully.
2025.04.18 17:32:54,656	INFO	36	org.l2jmobius.gameserver.managers.GlobalVariablesManager	GlobalVariablesManager: Stored 4 variables.
2025.04.18 17:54:34,652	INFO	43	org.l2jmobius.gameserver.taskmanagers.tasks.TaskSevenSignsUpdate	SevenSigns: Data updated successfully.
2025.04.18 17:57:01,086	INFO	38	org.l2jmobius.gameserver.managers.RaidBossSpawnManager$SpawnSchedule	SpawnSchedule: Spawning Raid Boss Giant Wasteland Basilisk
2025.04.18 18:00:15,678	INFO	48	org.l2jmobius.gameserver.model.olympiad.Olympiad	Olympiad System: Olympiad Game Started
2025.04.18 18:02:54,654	INFO	46	org.l2jmobius.gameserver.managers.GlobalVariablesManager	GlobalVariablesManager: Stored 4 variables.
2025.04.18 18:09:34,644	INFO	46	org.l2jmobius.gameserver.taskmanagers.tasks.TaskOlympiadSave	Olympiad System: Data updated.
2025.04.18 18:24:34,655	INFO	48	org.l2jmobius.gameserver.taskmanagers.tasks.TaskSevenSignsUpdate	SevenSigns: Data updated successfully.
2025.04.18 18:32:54,654	INFO	44	org.l2jmobius.gameserver.managers.GlobalVariablesManager	GlobalVariablesManager: Stored 4 variables.
2025.04.18 18:39:34,643	INFO	45	org.l2jmobius.gameserver.taskmanagers.tasks.TaskOlympiadSave	Olympiad System: Data updated.
2025.04.18 18:54:34,654	INFO	49	org.l2jmobius.gameserver.taskmanagers.tasks.TaskSevenSignsUpdate	SevenSigns: Data updated successfully.
2025.04.18 19:02:54,655	INFO	45	org.l2jmobius.gameserver.managers.GlobalVariablesManager	GlobalVariablesManager: Stored 4 variables.
2025.04.18 19:09:34,643	INFO	47	org.l2jmobius.gameserver.taskmanagers.tasks.TaskOlympiadSave	Olympiad System: Data updated.
2025.04.18 19:24:34,654	INFO	41	org.l2jmobius.gameserver.taskmanagers.tasks.TaskSevenSignsUpdate	SevenSigns: Data updated successfully.
2025.04.18 19:32:54,649	INFO	45	org.l2jmobius.gameserver.managers.GlobalVariablesManager	GlobalVariablesManager: Stored 4 variables.
2025.04.18 19:39:34,643	INFO	45	org.l2jmobius.gameserver.taskmanagers.tasks.TaskOlympiadSave	Olympiad System: Data updated.
2025.04.18 19:54:34,651	INFO	36	org.l2jmobius.gameserver.taskmanagers.tasks.TaskSevenSignsUpdate	SevenSigns: Data updated successfully.
2025.04.18 20:00:00,131	INFO	53	org.l2jmobius.gameserver.managers.DayNightSpawnManager	DayNightSpawnManager: Removed 232 day creatures
2025.04.18 20:00:00,164	INFO	53	org.l2jmobius.gameserver.managers.DayNightSpawnManager	DayNightSpawnManager: Spawned 684 night creatures
2025.04.18 20:02:54,653	INFO	38	org.l2jmobius.gameserver.managers.GlobalVariablesManager	GlobalVariablesManager: Stored 4 variables.
2025.04.18 20:04:31,435	INFO	39	ai.bosses.Zaken.Zaken	Zaken door id 21240006 opened, game time 00.00.
2025.04.18 20:09:31,436	INFO	49	ai.bosses.Zaken.Zaken	Zaken door id 21240006 closed.
2025.04.18 20:09:34,643	INFO	35	org.l2jmobius.gameserver.taskmanagers.tasks.TaskOlympiadSave	Olympiad System: Data updated.
2025.04.18 20:24:34,655	INFO	34	org.l2jmobius.gameserver.taskmanagers.tasks.TaskSevenSignsUpdate	SevenSigns: Data updated successfully.
2025.04.18 20:32:54,654	INFO	47	org.l2jmobius.gameserver.managers.GlobalVariablesManager	GlobalVariablesManager: Stored 4 variables.
2025.04.18 20:39:34,643	INFO	43	org.l2jmobius.gameserver.taskmanagers.tasks.TaskOlympiadSave	Olympiad System: Data updated.
2025.04.18 20:54:34,654	INFO	45	org.l2jmobius.gameserver.taskmanagers.tasks.TaskSevenSignsUpdate	SevenSigns: Data updated successfully.
2025.04.18 21:00:00,075	INFO	55	org.l2jmobius.gameserver.managers.DayNightSpawnManager	DayNightSpawnManager: Removed 684 night creatures
2025.04.18 21:00:00,091	INFO	55	org.l2jmobius.gameserver.managers.DayNightSpawnManager	DayNightSpawnManager: Spawned 232 day creatures
2025.04.18 21:02:54,654	INFO	49	org.l2jmobius.gameserver.managers.GlobalVariablesManager	GlobalVariablesManager: Stored 4 variables.
2025.04.18 21:09:34,643	INFO	43	org.l2jmobius.gameserver.taskmanagers.tasks.TaskOlympiadSave	Olympiad System: Data updated.
2025.04.18 21:24:34,652	INFO	34	org.l2jmobius.gameserver.taskmanagers.tasks.TaskSevenSignsUpdate	SevenSigns: Data updated successfully.
2025.04.18 21:32:54,654	INFO	46	org.l2jmobius.gameserver.managers.GlobalVariablesManager	GlobalVariablesManager: Stored 4 variables.
2025.04.18 21:33:52,092	INFO	46	org.l2jmobius.gameserver.managers.GrandBossManager	GrandBossManager: Updated Orfen(29014) status to 0
2025.04.18 21:39:34,643	INFO	35	org.l2jmobius.gameserver.taskmanagers.tasks.TaskOlympiadSave	Olympiad System: Data updated.
2025.04.18 21:54:34,653	INFO	43	org.l2jmobius.gameserver.taskmanagers.tasks.TaskSevenSignsUpdate	SevenSigns: Data updated successfully.
2025.04.18 22:02:54,658	INFO	34	org.l2jmobius.gameserver.managers.GlobalVariablesManager	GlobalVariablesManager: Stored 4 variables.
2025.04.18 22:09:34,643	INFO	41	org.l2jmobius.gameserver.taskmanagers.tasks.TaskOlympiadSave	Olympiad System: Data updated.
2025.04.18 22:24:34,654	INFO	38	org.l2jmobius.gameserver.taskmanagers.tasks.TaskSevenSignsUpdate	SevenSigns: Data updated successfully.
2025.04.18 22:32:54,653	INFO	38	org.l2jmobius.gameserver.managers.GlobalVariablesManager	GlobalVariablesManager: Stored 4 variables.
2025.04.18 22:39:34,644	INFO	36	org.l2jmobius.gameserver.taskmanagers.tasks.TaskOlympiadSave	Olympiad System: Data updated.
2025.04.18 22:54:34,654	INFO	36	org.l2jmobius.gameserver.taskmanagers.tasks.TaskSevenSignsUpdate	SevenSigns: Data updated successfully.
2025.04.18 23:02:54,654	INFO	49	org.l2jmobius.gameserver.managers.GlobalVariablesManager	GlobalVariablesManager: Stored 4 variables.
2025.04.18 23:09:34,643	INFO	37	org.l2jmobius.gameserver.taskmanagers.tasks.TaskOlympiadSave	Olympiad System: Data updated.
2025.04.18 23:24:34,653	INFO	40	org.l2jmobius.gameserver.taskmanagers.tasks.TaskSevenSignsUpdate	SevenSigns: Data updated successfully.
2025.04.18 23:32:54,662	INFO	46	org.l2jmobius.gameserver.managers.GlobalVariablesManager	GlobalVariablesManager: Stored 4 variables.
2025.04.18 23:39:34,643	INFO	38	org.l2jmobius.gameserver.taskmanagers.tasks.TaskOlympiadSave	Olympiad System: Data updated.
2025.04.18 23:43:37,474	INFO	34	org.l2jmobius.gameserver.managers.RaidBossSpawnManager$SpawnSchedule	SpawnSchedule: Spawning Raid Boss Mirror of Oblivion
2025.04.18 23:54:34,656	INFO	49	org.l2jmobius.gameserver.taskmanagers.tasks.TaskSevenSignsUpdate	SevenSigns: Data updated successfully.
2025.04.19 00:00:00,101	INFO	51	org.l2jmobius.gameserver.managers.DayNightSpawnManager	DayNightSpawnManager: Removed 232 day creatures
2025.04.19 00:00:00,143	INFO	51	org.l2jmobius.gameserver.managers.DayNightSpawnManager	DayNightSpawnManager: Spawned 684 night creatures
2025.04.19 00:00:15,670	INFO	41	org.l2jmobius.gameserver.model.olympiad.Olympiad	Olympiad System: Olympiad Game Ended
2025.04.19 00:00:15,680	INFO	41	org.l2jmobius.gameserver.model.olympiad.Olympiad	Olympiad System: Competition Period Starts in 0 days, 18 hours and 0 mins.
2025.04.19 00:00:15,683	INFO	41	org.l2jmobius.gameserver.model.olympiad.Olympiad	Olympiad System: Event starts/started : Sat Apr 19 18:00:15 UTC 2025
2025.04.19 00:02:54,654	INFO	36	org.l2jmobius.gameserver.managers.GlobalVariablesManager	GlobalVariablesManager: Stored 4 variables.
2025.04.19 00:04:31,435	INFO	44	ai.bosses.Zaken.Zaken	Zaken door id 21240006 opened, game time 00.00.
2025.04.19 00:09:31,436	INFO	35	ai.bosses.Zaken.Zaken	Zaken door id 21240006 closed.
2025.04.19 00:24:34,654	INFO	40	org.l2jmobius.gameserver.taskmanagers.tasks.TaskSevenSignsUpdate	SevenSigns: Data updated successfully.
2025.04.19 00:32:54,654	INFO	43	org.l2jmobius.gameserver.managers.GlobalVariablesManager	GlobalVariablesManager: Stored 4 variables.
2025.04.19 00:54:34,653	INFO	47	org.l2jmobius.gameserver.taskmanagers.tasks.TaskSevenSignsUpdate	SevenSigns: Data updated successfully.
2025.04.19 01:00:00,142	INFO	57	org.l2jmobius.gameserver.managers.DayNightSpawnManager	DayNightSpawnManager: Removed 684 night creatures
2025.04.19 01:00:00,151	INFO	57	org.l2jmobius.gameserver.managers.DayNightSpawnManager	DayNightSpawnManager: Spawned 232 day creatures
2025.04.19 01:02:54,660	INFO	41	org.l2jmobius.gameserver.managers.GlobalVariablesManager	GlobalVariablesManager: Stored 4 variables.
2025.04.19 01:24:34,650	INFO	36	org.l2jmobius.gameserver.taskmanagers.tasks.TaskSevenSignsUpdate	SevenSigns: Data updated successfully.
2025.04.19 01:32:54,664	INFO	48	org.l2jmobius.gameserver.managers.GlobalVariablesManager	GlobalVariablesManager: Stored 4 variables.
2025.04.19 01:54:34,653	INFO	36	org.l2jmobius.gameserver.taskmanagers.tasks.TaskSevenSignsUpdate	SevenSigns: Data updated successfully.
2025.04.19 02:02:54,655	INFO	34	org.l2jmobius.gameserver.managers.GlobalVariablesManager	GlobalVariablesManager: Stored 4 variables.
2025.04.19 02:24:34,653	INFO	48	org.l2jmobius.gameserver.taskmanagers.tasks.TaskSevenSignsUpdate	SevenSigns: Data updated successfully.
2025.04.19 02:32:54,666	INFO	43	org.l2jmobius.gameserver.managers.GlobalVariablesManager	GlobalVariablesManager: Stored 4 variables.
2025.04.19 02:54:34,652	INFO	43	org.l2jmobius.gameserver.taskmanagers.tasks.TaskSevenSignsUpdate	SevenSigns: Data updated successfully.
2025.04.19 03:02:54,655	INFO	36	org.l2jmobius.gameserver.managers.GlobalVariablesManager	GlobalVariablesManager: Stored 4 variables.
2025.04.19 03:24:34,653	INFO	49	org.l2jmobius.gameserver.taskmanagers.tasks.TaskSevenSignsUpdate	SevenSigns: Data updated successfully.
2025.04.19 03:32:54,671	INFO	44	org.l2jmobius.gameserver.managers.GlobalVariablesManager	GlobalVariablesManager: Stored 4 variables.
2025.04.19 03:54:34,652	INFO	45	org.l2jmobius.gameserver.taskmanagers.tasks.TaskSevenSignsUpdate	SevenSigns: Data updated successfully.
2025.04.19 04:00:00,092	INFO	54	org.l2jmobius.gameserver.managers.DayNightSpawnManager	DayNightSpawnManager: Removed 232 day creatures
2025.04.19 04:00:00,128	INFO	54	org.l2jmobius.gameserver.managers.DayNightSpawnManager	DayNightSpawnManager: Spawned 684 night creatures
2025.04.19 04:02:54,654	INFO	41	org.l2jmobius.gameserver.managers.GlobalVariablesManager	GlobalVariablesManager: Stored 4 variables.
2025.04.19 04:04:31,435	INFO	36	ai.bosses.Zaken.Zaken	Zaken door id 21240006 opened, game time 00.00.
2025.04.19 04:09:31,436	INFO	34	ai.bosses.Zaken.Zaken	Zaken door id 21240006 closed.
2025.04.19 04:24:34,653	INFO	36	org.l2jmobius.gameserver.taskmanagers.tasks.TaskSevenSignsUpdate	SevenSigns: Data updated successfully.
2025.04.19 04:32:54,654	INFO	44	org.l2jmobius.gameserver.managers.GlobalVariablesManager	GlobalVariablesManager: Stored 4 variables.
2025.04.19 04:54:34,652	INFO	48	org.l2jmobius.gameserver.taskmanagers.tasks.TaskSevenSignsUpdate	SevenSigns: Data updated successfully.
2025.04.19 05:00:00,069	INFO	57	org.l2jmobius.gameserver.managers.DayNightSpawnManager	DayNightSpawnManager: Removed 684 night creatures
2025.04.19 05:00:00,078	INFO	57	org.l2jmobius.gameserver.managers.DayNightSpawnManager	DayNightSpawnManager: Spawned 232 day creatures
2025.04.19 05:02:54,655	INFO	47	org.l2jmobius.gameserver.managers.GlobalVariablesManager	GlobalVariablesManager: Stored 4 variables.
2025.04.19 05:24:34,652	INFO	49	org.l2jmobius.gameserver.taskmanagers.tasks.TaskSevenSignsUpdate	SevenSigns: Data updated successfully.
2025.04.19 05:32:54,663	INFO	46	org.l2jmobius.gameserver.managers.GlobalVariablesManager	GlobalVariablesManager: Stored 4 variables.
2025.04.19 05:40:07,626	INFO	41	org.l2jmobius.gameserver.managers.RaidBossSpawnManager$SpawnSchedule	SpawnSchedule: Spawning Raid Boss Stakato Queen Zyrnna
2025.04.19 05:54:34,651	INFO	49	org.l2jmobius.gameserver.taskmanagers.tasks.TaskSevenSignsUpdate	SevenSigns: Data updated successfully.
2025.04.19 06:02:54,655	INFO	40	org.l2jmobius.gameserver.managers.GlobalVariablesManager	GlobalVariablesManager: Stored 4 variables.
2025.04.19 06:23:28,945	INFO	44	org.l2jmobius.gameserver.managers.RaidBossSpawnManager$SpawnSchedule	SpawnSchedule: Spawning Raid Boss Sorcerer Isirr
2025.04.19 06:24:34,653	INFO	39	org.l2jmobius.gameserver.taskmanagers.tasks.TaskSevenSignsUpdate	SevenSigns: Data updated successfully.
2025.04.19 06:30:00,643	INFO	40	org.l2jmobius.gameserver.taskmanagers.tasks.TaskRecom	Recommendation Global Task: launched.
2025.04.19 06:30:00,644	INFO	43	org.l2jmobius.gameserver.taskmanagers.tasks.TaskDailySkillReuseClean	Daily skill reuse cleaned.
2025.04.19 06:32:54,659	INFO	38	org.l2jmobius.gameserver.managers.GlobalVariablesManager	GlobalVariablesManager: Stored 4 variables.
2025.04.19 06:54:34,652	INFO	36	org.l2jmobius.gameserver.taskmanagers.tasks.TaskSevenSignsUpdate	SevenSigns: Data updated successfully.
2025.04.19 07:02:54,657	INFO	45	org.l2jmobius.gameserver.managers.GlobalVariablesManager	GlobalVariablesManager: Stored 4 variables.
2025.04.19 07:24:34,653	INFO	40	org.l2jmobius.gameserver.taskmanagers.tasks.TaskSevenSignsUpdate	SevenSigns: Data updated successfully.
2025.04.19 07:32:54,660	INFO	46	org.l2jmobius.gameserver.managers.GlobalVariablesManager	GlobalVariablesManager: Stored 4 variables.
2025.04.19 07:54:34,648	INFO	34	org.l2jmobius.gameserver.taskmanagers.tasks.TaskSevenSignsUpdate	SevenSigns: Data updated successfully.
2025.04.19 08:00:00,079	INFO	55	org.l2jmobius.gameserver.managers.DayNightSpawnManager	DayNightSpawnManager: Removed 232 day creatures
2025.04.19 08:00:00,115	INFO	55	org.l2jmobius.gameserver.managers.DayNightSpawnManager	DayNightSpawnManager: Spawned 684 night creatures
2025.04.19 08:02:54,654	INFO	37	org.l2jmobius.gameserver.managers.GlobalVariablesManager	GlobalVariablesManager: Stored 4 variables.
2025.04.19 08:04:31,435	INFO	44	ai.bosses.Zaken.Zaken	Zaken door id 21240006 opened, game time 00.00.
2025.04.19 08:09:31,436	INFO	49	ai.bosses.Zaken.Zaken	Zaken door id 21240006 closed.
2025.04.19 08:24:34,653	INFO	45	org.l2jmobius.gameserver.taskmanagers.tasks.TaskSevenSignsUpdate	SevenSigns: Data updated successfully.
2025.04.19 08:32:54,661	INFO	41	org.l2jmobius.gameserver.managers.GlobalVariablesManager	GlobalVariablesManager: Stored 4 variables.
2025.04.19 08:38:15,157	INFO	49	org.l2jmobius.gameserver.managers.RaidBossSpawnManager$SpawnSchedule	SpawnSchedule: Spawning Raid Boss Vuku Grand Seer Gharmash
2025.04.19 08:54:34,653	INFO	37	org.l2jmobius.gameserver.taskmanagers.tasks.TaskSevenSignsUpdate	SevenSigns: Data updated successfully.
2025.04.19 09:00:00,113	INFO	52	org.l2jmobius.gameserver.managers.DayNightSpawnManager	DayNightSpawnManager: Removed 684 night creatures
2025.04.19 09:00:00,119	INFO	52	org.l2jmobius.gameserver.managers.DayNightSpawnManager	DayNightSpawnManager: Spawned 232 day creatures
2025.04.19 09:02:54,654	INFO	35	org.l2jmobius.gameserver.managers.GlobalVariablesManager	GlobalVariablesManager: Stored 4 variables.
2025.04.19 09:24:34,653	INFO	36	org.l2jmobius.gameserver.taskmanagers.tasks.TaskSevenSignsUpdate	SevenSigns: Data updated successfully.
2025.04.19 09:32:54,661	INFO	40	org.l2jmobius.gameserver.managers.GlobalVariablesManager	GlobalVariablesManager: Stored 4 variables.
2025.04.19 09:54:34,653	INFO	43	org.l2jmobius.gameserver.taskmanagers.tasks.TaskSevenSignsUpdate	SevenSigns: Data updated successfully.
2025.04.19 10:02:54,655	INFO	45	org.l2jmobius.gameserver.managers.GlobalVariablesManager	GlobalVariablesManager: Stored 4 variables.
2025.04.19 10:24:34,652	INFO	38	org.l2jmobius.gameserver.taskmanagers.tasks.TaskSevenSignsUpdate	SevenSigns: Data updated successfully.
2025.04.19 10:32:54,654	INFO	41	org.l2jmobius.gameserver.managers.GlobalVariablesManager	GlobalVariablesManager: Stored 4 variables.
2025.04.19 10:54:34,651	INFO	40	org.l2jmobius.gameserver.taskmanagers.tasks.TaskSevenSignsUpdate	SevenSigns: Data updated successfully.
2025.04.19 11:02:54,651	INFO	36	org.l2jmobius.gameserver.managers.GlobalVariablesManager	GlobalVariablesManager: Stored 4 variables.
2025.04.19 11:24:34,652	INFO	38	org.l2jmobius.gameserver.taskmanagers.tasks.TaskSevenSignsUpdate	SevenSigns: Data updated successfully.
2025.04.19 11:32:54,661	INFO	40	org.l2jmobius.gameserver.managers.GlobalVariablesManager	GlobalVariablesManager: Stored 4 variables.
2025.04.19 11:54:34,652	INFO	46	org.l2jmobius.gameserver.taskmanagers.tasks.TaskSevenSignsUpdate	SevenSigns: Data updated successfully.
2025.04.19 12:00:00,041	INFO	57	org.l2jmobius.gameserver.managers.DayNightSpawnManager	DayNightSpawnManager: Removed 232 day creatures
2025.04.19 12:00:00,077	INFO	57	org.l2jmobius.gameserver.managers.DayNightSpawnManager	DayNightSpawnManager: Spawned 684 night creatures
2025.04.19 12:02:54,653	INFO	47	org.l2jmobius.gameserver.managers.GlobalVariablesManager	GlobalVariablesManager: Stored 4 variables.
2025.04.19 12:04:31,435	INFO	49	ai.bosses.Zaken.Zaken	Zaken door id 21240006 opened, game time 00.00.
2025.04.19 12:09:31,436	INFO	47	ai.bosses.Zaken.Zaken	Zaken door id 21240006 closed.
2025.04.19 12:24:34,652	INFO	44	org.l2jmobius.gameserver.taskmanagers.tasks.TaskSevenSignsUpdate	SevenSigns: Data updated successfully.
2025.04.19 12:32:54,661	INFO	49	org.l2jmobius.gameserver.managers.GlobalVariablesManager	GlobalVariablesManager: Stored 4 variables.
2025.04.19 12:54:34,649	INFO	37	org.l2jmobius.gameserver.taskmanagers.tasks.TaskSevenSignsUpdate	SevenSigns: Data updated successfully.
2025.04.19 13:00:00,083	INFO	53	org.l2jmobius.gameserver.managers.DayNightSpawnManager	DayNightSpawnManager: Removed 684 night creatures
2025.04.19 13:00:00,091	INFO	53	org.l2jmobius.gameserver.managers.DayNightSpawnManager	DayNightSpawnManager: Spawned 232 day creatures
2025.04.19 13:02:54,655	INFO	43	org.l2jmobius.gameserver.managers.GlobalVariablesManager	GlobalVariablesManager: Stored 4 variables.
2025.04.19 13:24:34,651	INFO	46	org.l2jmobius.gameserver.taskmanagers.tasks.TaskSevenSignsUpdate	SevenSigns: Data updated successfully.
2025.04.19 13:32:54,660	INFO	40	org.l2jmobius.gameserver.managers.GlobalVariablesManager	GlobalVariablesManager: Stored 4 variables.
2025.04.19 13:54:34,652	INFO	39	org.l2jmobius.gameserver.taskmanagers.tasks.TaskSevenSignsUpdate	SevenSigns: Data updated successfully.
2025.04.19 14:02:54,657	INFO	41	org.l2jmobius.gameserver.managers.GlobalVariablesManager	GlobalVariablesManager: Stored 4 variables.
2025.04.19 14:24:34,656	INFO	49	org.l2jmobius.gameserver.taskmanagers.tasks.TaskSevenSignsUpdate	SevenSigns: Data updated successfully.
2025.04.19 14:32:54,654	INFO	45	org.l2jmobius.gameserver.managers.GlobalVariablesManager	GlobalVariablesManager: Stored 4 variables.
2025.04.19 14:54:34,652	INFO	38	org.l2jmobius.gameserver.taskmanagers.tasks.TaskSevenSignsUpdate	SevenSigns: Data updated successfully.
2025.04.19 15:02:54,654	INFO	38	org.l2jmobius.gameserver.managers.GlobalVariablesManager	GlobalVariablesManager: Stored 4 variables.
2025.04.19 15:24:34,653	INFO	45	org.l2jmobius.gameserver.taskmanagers.tasks.TaskSevenSignsUpdate	SevenSigns: Data updated successfully.
2025.04.19 15:32:54,655	INFO	46	org.l2jmobius.gameserver.managers.GlobalVariablesManager	GlobalVariablesManager: Stored 4 variables.
2025.04.19 15:54:34,653	INFO	37	org.l2jmobius.gameserver.taskmanagers.tasks.TaskSevenSignsUpdate	SevenSigns: Data updated successfully.
2025.04.19 16:00:00,055	INFO	56	org.l2jmobius.gameserver.managers.DayNightSpawnManager	DayNightSpawnManager: Removed 232 day creatures
2025.04.19 16:00:00,099	INFO	56	org.l2jmobius.gameserver.managers.DayNightSpawnManager	DayNightSpawnManager: Spawned 684 night creatures
2025.04.19 16:02:54,655	INFO	44	org.l2jmobius.gameserver.managers.GlobalVariablesManager	GlobalVariablesManager: Stored 4 variables.
2025.04.19 16:04:31,435	INFO	46	ai.bosses.Zaken.Zaken	Zaken door id 21240006 opened, game time 00.00.
2025.04.19 16:09:31,436	INFO	39	ai.bosses.Zaken.Zaken	Zaken door id 21240006 closed.
2025.04.19 16:24:34,652	INFO	49	org.l2jmobius.gameserver.taskmanagers.tasks.TaskSevenSignsUpdate	SevenSigns: Data updated successfully.
2025.04.19 16:32:54,656	INFO	35	org.l2jmobius.gameserver.managers.GlobalVariablesManager	GlobalVariablesManager: Stored 4 variables.
2025.04.19 16:54:34,653	INFO	46	org.l2jmobius.gameserver.taskmanagers.tasks.TaskSevenSignsUpdate	SevenSigns: Data updated successfully.
2025.04.19 17:00:00,107	INFO	56	org.l2jmobius.gameserver.managers.DayNightSpawnManager	DayNightSpawnManager: Removed 684 night creatures
2025.04.19 17:00:00,116	INFO	56	org.l2jmobius.gameserver.managers.DayNightSpawnManager	DayNightSpawnManager: Spawned 232 day creatures
2025.04.19 17:02:54,655	INFO	35	org.l2jmobius.gameserver.managers.GlobalVariablesManager	GlobalVariablesManager: Stored 4 variables.
2025.04.19 17:24:34,652	INFO	37	org.l2jmobius.gameserver.taskmanagers.tasks.TaskSevenSignsUpdate	SevenSigns: Data updated successfully.
2025.04.19 17:32:54,655	INFO	38	org.l2jmobius.gameserver.managers.GlobalVariablesManager	GlobalVariablesManager: Stored 4 variables.
2025.04.19 17:54:34,651	INFO	35	org.l2jmobius.gameserver.taskmanagers.tasks.TaskSevenSignsUpdate	SevenSigns: Data updated successfully.
2025.04.19 18:00:15,680	INFO	46	org.l2jmobius.gameserver.model.olympiad.Olympiad	Olympiad System: Olympiad Game Started
2025.04.19 18:02:54,662	INFO	40	org.l2jmobius.gameserver.managers.GlobalVariablesManager	GlobalVariablesManager: Stored 4 variables.
2025.04.19 18:09:34,643	INFO	41	org.l2jmobius.gameserver.taskmanagers.tasks.TaskOlympiadSave	Olympiad System: Data updated.
2025.04.19 18:24:34,654	INFO	35	org.l2jmobius.gameserver.taskmanagers.tasks.TaskSevenSignsUpdate	SevenSigns: Data updated successfully.
2025.04.19 18:32:54,653	INFO	34	org.l2jmobius.gameserver.managers.GlobalVariablesManager	GlobalVariablesManager: Stored 4 variables.
2025.04.19 18:39:34,643	INFO	35	org.l2jmobius.gameserver.taskmanagers.tasks.TaskOlympiadSave	Olympiad System: Data updated.
2025.04.19 18:54:34,652	INFO	46	org.l2jmobius.gameserver.taskmanagers.tasks.TaskSevenSignsUpdate	SevenSigns: Data updated successfully.
2025.04.19 19:02:54,654	INFO	48	org.l2jmobius.gameserver.managers.GlobalVariablesManager	GlobalVariablesManager: Stored 4 variables.
2025.04.19 19:09:34,643	INFO	36	org.l2jmobius.gameserver.taskmanagers.tasks.TaskOlympiadSave	Olympiad System: Data updated.
2025.04.19 19:24:34,652	INFO	38	org.l2jmobius.gameserver.taskmanagers.tasks.TaskSevenSignsUpdate	SevenSigns: Data updated successfully.
2025.04.19 19:32:54,654	INFO	45	org.l2jmobius.gameserver.managers.GlobalVariablesManager	GlobalVariablesManager: Stored 4 variables.
2025.04.19 19:39:34,643	INFO	49	org.l2jmobius.gameserver.taskmanagers.tasks.TaskOlympiadSave	Olympiad System: Data updated.
2025.04.19 19:54:34,652	INFO	36	org.l2jmobius.gameserver.taskmanagers.tasks.TaskSevenSignsUpdate	SevenSigns: Data updated successfully.
2025.04.19 20:00:00,020	INFO	53	org.l2jmobius.gameserver.managers.DayNightSpawnManager	DayNightSpawnManager: Removed 232 day creatures
2025.04.19 20:00:00,063	INFO	53	org.l2jmobius.gameserver.managers.DayNightSpawnManager	DayNightSpawnManager: Spawned 684 night creatures
2025.04.19 20:02:54,654	INFO	44	org.l2jmobius.gameserver.managers.GlobalVariablesManager	GlobalVariablesManager: Stored 4 variables.
2025.04.19 20:04:31,435	INFO	44	ai.bosses.Zaken.Zaken	Zaken door id 21240006 opened, game time 00.00.
2025.04.19 20:09:31,436	INFO	39	ai.bosses.Zaken.Zaken	Zaken door id 21240006 closed.
2025.04.19 20:09:34,643	INFO	35	org.l2jmobius.gameserver.taskmanagers.tasks.TaskOlympiadSave	Olympiad System: Data updated.
2025.04.19 20:24:34,652	INFO	37	org.l2jmobius.gameserver.taskmanagers.tasks.TaskSevenSignsUpdate	SevenSigns: Data updated successfully.
2025.04.19 20:32:54,659	INFO	35	org.l2jmobius.gameserver.managers.GlobalVariablesManager	GlobalVariablesManager: Stored 4 variables.
2025.04.19 20:39:34,643	INFO	41	org.l2jmobius.gameserver.taskmanagers.tasks.TaskOlympiadSave	Olympiad System: Data updated.
2025.04.19 20:52:13,916	INFO	41	org.l2jmobius.gameserver.managers.RaidBossSpawnManager$SpawnSchedule	SpawnSchedule: Spawning Raid Boss Gwindorr
2025.04.19 20:54:34,650	INFO	40	org.l2jmobius.gameserver.taskmanagers.tasks.TaskSevenSignsUpdate	SevenSigns: Data updated successfully.
2025.04.19 21:00:00,068	INFO	53	org.l2jmobius.gameserver.managers.DayNightSpawnManager	DayNightSpawnManager: Removed 684 night creatures
2025.04.19 21:00:00,076	INFO	53	org.l2jmobius.gameserver.managers.DayNightSpawnManager	DayNightSpawnManager: Spawned 232 day creatures
2025.04.19 21:02:54,654	INFO	41	org.l2jmobius.gameserver.managers.GlobalVariablesManager	GlobalVariablesManager: Stored 4 variables.
2025.04.19 21:09:34,643	INFO	41	org.l2jmobius.gameserver.taskmanagers.tasks.TaskOlympiadSave	Olympiad System: Data updated.
2025.04.19 21:24:34,654	INFO	38	org.l2jmobius.gameserver.taskmanagers.tasks.TaskSevenSignsUpdate	SevenSigns: Data updated successfully.
2025.04.19 21:32:54,654	INFO	47	org.l2jmobius.gameserver.managers.GlobalVariablesManager	GlobalVariablesManager: Stored 4 variables.
2025.04.19 21:39:34,642	INFO	39	org.l2jmobius.gameserver.taskmanagers.tasks.TaskOlympiadSave	Olympiad System: Data updated.
2025.04.19 21:54:34,652	INFO	40	org.l2jmobius.gameserver.taskmanagers.tasks.TaskSevenSignsUpdate	SevenSigns: Data updated successfully.
2025.04.19 22:02:54,654	INFO	46	org.l2jmobius.gameserver.managers.GlobalVariablesManager	GlobalVariablesManager: Stored 4 variables.
2025.04.19 22:09:34,643	INFO	45	org.l2jmobius.gameserver.taskmanagers.tasks.TaskOlympiadSave	Olympiad System: Data updated.
2025.04.19 22:24:34,652	INFO	48	org.l2jmobius.gameserver.taskmanagers.tasks.TaskSevenSignsUpdate	SevenSigns: Data updated successfully.
2025.04.19 22:32:54,654	INFO	47	org.l2jmobius.gameserver.managers.GlobalVariablesManager	GlobalVariablesManager: Stored 4 variables.
2025.04.19 22:39:34,643	INFO	48	org.l2jmobius.gameserver.taskmanagers.tasks.TaskOlympiadSave	Olympiad System: Data updated.
2025.04.19 22:54:34,652	INFO	36	org.l2jmobius.gameserver.taskmanagers.tasks.TaskSevenSignsUpdate	SevenSigns: Data updated successfully.
2025.04.19 23:02:54,659	INFO	46	org.l2jmobius.gameserver.managers.GlobalVariablesManager	GlobalVariablesManager: Stored 4 variables.
2025.04.19 23:09:34,643	INFO	47	org.l2jmobius.gameserver.taskmanagers.tasks.TaskOlympiadSave	Olympiad System: Data updated.
2025.04.19 23:24:34,652	INFO	34	org.l2jmobius.gameserver.taskmanagers.tasks.TaskSevenSignsUpdate	SevenSigns: Data updated successfully.
2025.04.19 23:32:54,654	INFO	37	org.l2jmobius.gameserver.managers.GlobalVariablesManager	GlobalVariablesManager: Stored 4 variables.
2025.04.19 23:39:34,643	INFO	38	org.l2jmobius.gameserver.taskmanagers.tasks.TaskOlympiadSave	Olympiad System: Data updated.
2025.04.19 23:54:34,651	INFO	36	org.l2jmobius.gameserver.taskmanagers.tasks.TaskSevenSignsUpdate	SevenSigns: Data updated successfully.
2025.04.20 00:00:00,060	INFO	52	org.l2jmobius.gameserver.managers.DayNightSpawnManager	DayNightSpawnManager: Removed 232 day creatures
2025.04.20 00:00:00,095	INFO	52	org.l2jmobius.gameserver.managers.DayNightSpawnManager	DayNightSpawnManager: Spawned 684 night creatures
2025.04.20 00:00:15,680	INFO	43	org.l2jmobius.gameserver.model.olympiad.Olympiad	Olympiad System: Olympiad Game Ended
2025.04.20 00:00:15,681	INFO	43	org.l2jmobius.gameserver.model.olympiad.Olympiad	Olympiad System: Competition Period Starts in 0 days, 18 hours and 0 mins.
2025.04.20 00:00:15,685	INFO	43	org.l2jmobius.gameserver.model.olympiad.Olympiad	Olympiad System: Event starts/started : Sun Apr 20 18:00:15 UTC 2025
2025.04.20 00:02:54,654	INFO	35	org.l2jmobius.gameserver.managers.GlobalVariablesManager	GlobalVariablesManager: Stored 4 variables.
2025.04.20 00:04:31,435	INFO	37	ai.bosses.Zaken.Zaken	Zaken door id 21240006 opened, game time 00.00.
2025.04.20 00:09:31,435	INFO	36	ai.bosses.Zaken.Zaken	Zaken door id 21240006 closed.
2025.04.20 00:24:34,653	INFO	43	org.l2jmobius.gameserver.taskmanagers.tasks.TaskSevenSignsUpdate	SevenSigns: Data updated successfully.
2025.04.20 00:32:54,654	INFO	49	org.l2jmobius.gameserver.managers.GlobalVariablesManager	GlobalVariablesManager: Stored 4 variables.
2025.04.20 00:54:34,654	INFO	36	org.l2jmobius.gameserver.taskmanagers.tasks.TaskSevenSignsUpdate	SevenSigns: Data updated successfully.
2025.04.20 01:00:00,074	INFO	53	org.l2jmobius.gameserver.managers.DayNightSpawnManager	DayNightSpawnManager: Removed 684 night creatures
2025.04.20 01:00:00,082	INFO	53	org.l2jmobius.gameserver.managers.DayNightSpawnManager	DayNightSpawnManager: Spawned 232 day creatures
2025.04.20 01:02:54,654	INFO	43	org.l2jmobius.gameserver.managers.GlobalVariablesManager	GlobalVariablesManager: Stored 4 variables.
2025.04.20 01:24:34,653	INFO	40	org.l2jmobius.gameserver.taskmanagers.tasks.TaskSevenSignsUpdate	SevenSigns: Data updated successfully.
2025.04.20 01:32:54,654	INFO	46	org.l2jmobius.gameserver.managers.GlobalVariablesManager	GlobalVariablesManager: Stored 4 variables.
2025.04.20 01:54:34,649	INFO	35	org.l2jmobius.gameserver.taskmanagers.tasks.TaskSevenSignsUpdate	SevenSigns: Data updated successfully.
2025.04.20 02:02:54,654	INFO	46	org.l2jmobius.gameserver.managers.GlobalVariablesManager	GlobalVariablesManager: Stored 4 variables.
2025.04.20 02:24:34,652	INFO	46	org.l2jmobius.gameserver.taskmanagers.tasks.TaskSevenSignsUpdate	SevenSigns: Data updated successfully.
2025.04.20 02:32:54,654	INFO	43	org.l2jmobius.gameserver.managers.GlobalVariablesManager	GlobalVariablesManager: Stored 4 variables.
2025.04.20 02:54:34,652	INFO	41	org.l2jmobius.gameserver.taskmanagers.tasks.TaskSevenSignsUpdate	SevenSigns: Data updated successfully.
2025.04.20 03:02:54,655	INFO	46	org.l2jmobius.gameserver.managers.GlobalVariablesManager	GlobalVariablesManager: Stored 4 variables.
2025.04.20 03:24:34,653	INFO	35	org.l2jmobius.gameserver.taskmanagers.tasks.TaskSevenSignsUpdate	SevenSigns: Data updated successfully.
2025.04.20 03:32:54,655	INFO	35	org.l2jmobius.gameserver.managers.GlobalVariablesManager	GlobalVariablesManager: Stored 4 variables.
2025.04.20 03:54:34,653	INFO	41	org.l2jmobius.gameserver.taskmanagers.tasks.TaskSevenSignsUpdate	SevenSigns: Data updated successfully.
2025.04.20 04:00:00,024	INFO	50	org.l2jmobius.gameserver.managers.DayNightSpawnManager	DayNightSpawnManager: Removed 232 day creatures
2025.04.20 04:00:00,060	INFO	50	org.l2jmobius.gameserver.managers.DayNightSpawnManager	DayNightSpawnManager: Spawned 684 night creatures
2025.04.20 04:02:54,654	INFO	35	org.l2jmobius.gameserver.managers.GlobalVariablesManager	GlobalVariablesManager: Stored 4 variables.
2025.04.20 04:04:31,435	INFO	49	ai.bosses.Zaken.Zaken	Zaken door id 21240006 opened, game time 00.00.
2025.04.20 04:09:31,435	INFO	44	ai.bosses.Zaken.Zaken	Zaken door id 21240006 closed.
2025.04.20 04:24:34,652	INFO	45	org.l2jmobius.gameserver.taskmanagers.tasks.TaskSevenSignsUpdate	SevenSigns: Data updated successfully.
2025.04.20 04:32:54,654	INFO	48	org.l2jmobius.gameserver.managers.GlobalVariablesManager	GlobalVariablesManager: Stored 4 variables.
2025.04.20 04:54:34,649	INFO	38	org.l2jmobius.gameserver.taskmanagers.tasks.TaskSevenSignsUpdate	SevenSigns: Data updated successfully.
2025.04.20 05:00:00,067	INFO	57	org.l2jmobius.gameserver.managers.DayNightSpawnManager	DayNightSpawnManager: Removed 684 night creatures
2025.04.20 05:00:00,076	INFO	57	org.l2jmobius.gameserver.managers.DayNightSpawnManager	DayNightSpawnManager: Spawned 232 day creatures
2025.04.20 05:02:54,653	INFO	38	org.l2jmobius.gameserver.managers.GlobalVariablesManager	GlobalVariablesManager: Stored 4 variables.
2025.04.20 05:24:34,653	INFO	41	org.l2jmobius.gameserver.taskmanagers.tasks.TaskSevenSignsUpdate	SevenSigns: Data updated successfully.
2025.04.20 05:32:54,663	INFO	38	org.l2jmobius.gameserver.managers.GlobalVariablesManager	GlobalVariablesManager: Stored 4 variables.
2025.04.20 05:54:34,651	INFO	35	org.l2jmobius.gameserver.taskmanagers.tasks.TaskSevenSignsUpdate	SevenSigns: Data updated successfully.
2025.04.20 06:02:54,654	INFO	43	org.l2jmobius.gameserver.managers.GlobalVariablesManager	GlobalVariablesManager: Stored 4 variables.
2025.04.20 06:24:34,652	INFO	41	org.l2jmobius.gameserver.taskmanagers.tasks.TaskSevenSignsUpdate	SevenSigns: Data updated successfully.
2025.04.20 06:30:00,643	INFO	41	org.l2jmobius.gameserver.taskmanagers.tasks.TaskRecom	Recommendation Global Task: launched.
2025.04.20 06:30:00,644	INFO	36	org.l2jmobius.gameserver.taskmanagers.tasks.TaskDailySkillReuseClean	Daily skill reuse cleaned.
2025.04.20 06:32:54,655	INFO	36	org.l2jmobius.gameserver.managers.GlobalVariablesManager	GlobalVariablesManager: Stored 4 variables.
2025.04.20 06:54:34,653	INFO	45	org.l2jmobius.gameserver.taskmanagers.tasks.TaskSevenSignsUpdate	SevenSigns: Data updated successfully.
2025.04.20 07:02:54,655	INFO	48	org.l2jmobius.gameserver.managers.GlobalVariablesManager	GlobalVariablesManager: Stored 4 variables.
2025.04.20 07:24:34,652	INFO	45	org.l2jmobius.gameserver.taskmanagers.tasks.TaskSevenSignsUpdate	SevenSigns: Data updated successfully.
2025.04.20 07:32:54,654	INFO	44	org.l2jmobius.gameserver.managers.GlobalVariablesManager	GlobalVariablesManager: Stored 4 variables.
2025.04.20 07:54:34,654	INFO	36	org.l2jmobius.gameserver.taskmanagers.tasks.TaskSevenSignsUpdate	SevenSigns: Data updated successfully.
2025.04.20 08:00:00,090	INFO	53	org.l2jmobius.gameserver.managers.DayNightSpawnManager	DayNightSpawnManager: Removed 232 day creatures
2025.04.20 08:00:00,125	INFO	53	org.l2jmobius.gameserver.managers.DayNightSpawnManager	DayNightSpawnManager: Spawned 684 night creatures
2025.04.20 08:02:54,653	INFO	46	org.l2jmobius.gameserver.managers.GlobalVariablesManager	GlobalVariablesManager: Stored 4 variables.
2025.04.20 08:04:31,435	INFO	49	ai.bosses.Zaken.Zaken	Zaken door id 21240006 opened, game time 00.00.
2025.04.20 08:09:31,436	INFO	45	ai.bosses.Zaken.Zaken	Zaken door id 21240006 closed.
2025.04.20 08:24:34,650	INFO	35	org.l2jmobius.gameserver.taskmanagers.tasks.TaskSevenSignsUpdate	SevenSigns: Data updated successfully.
2025.04.20 08:32:54,652	INFO	44	org.l2jmobius.gameserver.managers.GlobalVariablesManager	GlobalVariablesManager: Stored 4 variables.
2025.04.20 08:54:34,651	INFO	37	org.l2jmobius.gameserver.taskmanagers.tasks.TaskSevenSignsUpdate	SevenSigns: Data updated successfully.
2025.04.20 09:00:00,112	INFO	51	org.l2jmobius.gameserver.managers.DayNightSpawnManager	DayNightSpawnManager: Removed 684 night creatures
2025.04.20 09:00:00,120	INFO	51	org.l2jmobius.gameserver.managers.DayNightSpawnManager	DayNightSpawnManager: Spawned 232 day creatures
2025.04.20 09:02:54,653	INFO	45	org.l2jmobius.gameserver.managers.GlobalVariablesManager	GlobalVariablesManager: Stored 4 variables.
2025.04.20 09:24:34,653	INFO	39	org.l2jmobius.gameserver.taskmanagers.tasks.TaskSevenSignsUpdate	SevenSigns: Data updated successfully.
2025.04.20 09:32:54,654	INFO	36	org.l2jmobius.gameserver.managers.GlobalVariablesManager	GlobalVariablesManager: Stored 4 variables.
2025.04.20 09:51:43,995	WARNING	99	org.l2jmobius.gameserver.network.PacketLogger	Character: CraftGnom is trying to set amount > 1 on non-stackable multisell, id:600030:3600000
2025.04.20 09:52:05,951	WARNING	77	org.l2jmobius.gameserver.network.PacketLogger	Character: CraftGnom is trying to set amount > 1 on non-stackable multisell, id:600030:3600000
2025.04.20 09:54:34,652	INFO	37	org.l2jmobius.gameserver.taskmanagers.tasks.TaskSevenSignsUpdate	SevenSigns: Data updated successfully.
2025.04.20 10:02:54,654	INFO	47	org.l2jmobius.gameserver.managers.GlobalVariablesManager	GlobalVariablesManager: Stored 4 variables.
2025.04.20 10:24:34,652	INFO	37	org.l2jmobius.gameserver.taskmanagers.tasks.TaskSevenSignsUpdate	SevenSigns: Data updated successfully.
2025.04.20 10:32:54,656	INFO	43	org.l2jmobius.gameserver.managers.GlobalVariablesManager	GlobalVariablesManager: Stored 4 variables.
2025.04.20 10:54:34,653	INFO	43	org.l2jmobius.gameserver.taskmanagers.tasks.TaskSevenSignsUpdate	SevenSigns: Data updated successfully.
2025.04.20 11:02:54,653	INFO	41	org.l2jmobius.gameserver.managers.GlobalVariablesManager	GlobalVariablesManager: Stored 4 variables.
2025.04.20 11:24:34,652	INFO	41	org.l2jmobius.gameserver.taskmanagers.tasks.TaskSevenSignsUpdate	SevenSigns: Data updated successfully.
2025.04.20 11:32:54,654	INFO	40	org.l2jmobius.gameserver.managers.GlobalVariablesManager	GlobalVariablesManager: Stored 4 variables.
2025.04.20 11:54:34,652	INFO	45	org.l2jmobius.gameserver.taskmanagers.tasks.TaskSevenSignsUpdate	SevenSigns: Data updated successfully.
2025.04.20 12:00:00,017	INFO	52	org.l2jmobius.gameserver.managers.DayNightSpawnManager	DayNightSpawnManager: Removed 232 day creatures
2025.04.20 12:00:00,044	INFO	52	org.l2jmobius.gameserver.managers.DayNightSpawnManager	DayNightSpawnManager: Spawned 684 night creatures
2025.04.20 12:02:54,655	INFO	43	org.l2jmobius.gameserver.managers.GlobalVariablesManager	GlobalVariablesManager: Stored 4 variables.
2025.04.20 12:04:31,435	INFO	38	ai.bosses.Zaken.Zaken	Zaken door id 21240006 opened, game time 00.00.
2025.04.20 12:09:31,435	INFO	35	ai.bosses.Zaken.Zaken	Zaken door id 21240006 closed.
2025.04.20 12:24:34,652	INFO	43	org.l2jmobius.gameserver.taskmanagers.tasks.TaskSevenSignsUpdate	SevenSigns: Data updated successfully.
2025.04.20 12:32:54,654	INFO	44	org.l2jmobius.gameserver.managers.GlobalVariablesManager	GlobalVariablesManager: Stored 4 variables.
